2025-07-22 07:06:13,569 - evaluation_logger_Attraction-20 - INFO - Test Example Attraction-20
2025-07-22 07:06:13,569 - evaluation_logger_Attraction-20 - INFO - Query: I came across the Stone Forest on social media. That's dope. Could you provide me with more detailed information about it?
2025-07-22 07:06:41,125 - evaluation_logger_Attraction-20 - INFO - Start compare_single_call: 
{'name': 'Search_Attraction_Location', 'arguments': {'query': 'Stone Forest'}}
{'name': 'Search_Attraction_Location', 'arguments': {'query': 'Stone Forest'}}
2025-07-22 07:06:41,126 - evaluation_logger_Attraction-20 - INFO - Rule-based compare success.
2025-07-22 07:06:41,126 - evaluation_logger_Attraction-20 - INFO - Success matched: [{'name': 'Search_Attraction_Location', 'arguments': {'query': 'Stone Forest'}}]
2025-07-22 07:06:41,127 - evaluation_logger_Attraction-20 - INFO - Start compare_single_call: 
{'name': 'Get_Attraction_Details', 'arguments': {'slug': 'prqewfhrwgdz-stone-forest-day-tour'}}
{'name': 'Get_Attraction_Details', 'arguments': {'slug': 'prqewfhrwgdz-stone-forest-day-tour'}}
2025-07-22 07:06:41,127 - evaluation_logger_Attraction-20 - INFO - Rule-based compare success.
2025-07-22 07:06:41,127 - evaluation_logger_Attraction-20 - INFO - Success matched: [{'name': 'Get_Attraction_Details', 'arguments': {'slug': 'prqewfhrwgdz-stone-forest-day-tour'}}]
2025-07-22 07:07:13,635 - evaluation_logger_Attraction-20 - INFO - Start compare_single_call: 
{'name': 'Search_Attraction_Location', 'arguments': {'query': 'Stone Forest'}}
{'name': 'Search_Attraction_Location', 'arguments': {'query': 'Stone Forest'}}
2025-07-22 07:07:13,636 - evaluation_logger_Attraction-20 - INFO - Rule-based compare success.
2025-07-22 07:07:13,636 - evaluation_logger_Attraction-20 - INFO - Success matched: [{'name': 'Search_Attraction_Location', 'arguments': {'query': 'Stone Forest'}}]
2025-07-22 07:07:13,636 - evaluation_logger_Attraction-20 - INFO - Start compare_single_call: 
{'name': 'Get_Attraction_Details', 'arguments': {'slug': 'prqewfhrwgdz-stone-forest-day-tour'}}
{'name': 'Get_Attraction_Details', 'arguments': {'slug': 'prqewfhrwgdz-stone-forest-day-tour'}}
2025-07-22 07:07:13,637 - evaluation_logger_Attraction-20 - INFO - Rule-based compare success.
2025-07-22 07:07:13,637 - evaluation_logger_Attraction-20 - INFO - Success matched: [{'name': 'Get_Attraction_Details', 'arguments': {'slug': 'prqewfhrwgdz-stone-forest-day-tour'}}]
2025-07-22 07:07:49,422 - evaluation_logger_Attraction-20 - INFO - Start compare_single_call: 
{'name': 'Search_Attraction_Location', 'arguments': {'query': 'Stone Forest'}}
{'name': 'Search_Attraction_Location', 'arguments': {'query': 'Stone Forest'}}
2025-07-22 07:07:49,423 - evaluation_logger_Attraction-20 - INFO - Rule-based compare success.
2025-07-22 07:07:49,423 - evaluation_logger_Attraction-20 - INFO - Success matched: [{'name': 'Search_Attraction_Location', 'arguments': {'query': 'Stone Forest'}}]
2025-07-22 07:07:49,424 - evaluation_logger_Attraction-20 - INFO - Start compare_single_call: 
{'name': 'Get_Attraction_Details', 'arguments': {'slug': 'prqewfhrwgdz-stone-forest-day-tour'}}
{'name': 'Get_Attraction_Details', 'arguments': {'slug': 'prqewfhrwgdz-stone-forest-day-tour'}}
2025-07-22 07:07:49,424 - evaluation_logger_Attraction-20 - INFO - Rule-based compare success.
2025-07-22 07:07:49,424 - evaluation_logger_Attraction-20 - INFO - Success matched: [{'name': 'Get_Attraction_Details', 'arguments': {'slug': 'prqewfhrwgdz-stone-forest-day-tour'}}]
