2025-07-22 07:11:08,788 - evaluation_logger_Attraction-50 - INFO - Test Example Attraction-50
2025-07-22 07:11:08,788 - evaluation_logger_Attraction-50 - INFO - Query: We are planning a family trip to Rome from September 10 to September 20, 2024. Help us find the two highest-rated attractions and provide detailed information about them.
2025-07-22 07:11:57,013 - evaluation_logger_Attraction-50 - INFO - Start compare_single_call: 
{'name': 'Search_Attraction_Location', 'arguments': {'query': 'Rome'}}
{'name': 'Search_Attraction_Location', 'arguments': {'query': 'Rome'}}
2025-07-22 07:11:57,013 - evaluation_logger_Attraction-50 - INFO - Rule-based compare success.
2025-07-22 07:11:57,014 - evaluation_logger_Attraction-50 - INFO - Success matched: [{'name': 'Search_Attraction_Location', 'arguments': {'query': 'Rome'}}]
2025-07-22 07:11:57,622 - evaluation_logger_Attraction-50 - INFO - Success matched: []
2025-07-22 07:12:38,895 - evaluation_logger_Attraction-50 - INFO - Success matched: []
2025-07-22 07:13:04,578 - evaluation_logger_Attraction-50 - INFO - Start compare_single_call: 
{'name': 'Search_Attractions', 'arguments': {'id': 'eyJ1ZmkiOi0xMjY2OTN9', 'sortBy': 'attr_book_score'}}
{'name': 'Search_Attractions', 'arguments': {'id': 'eyJ1ZmkiOi0xMjY2OTN9', 'sortBy': 'attr_book_score'}}
2025-07-22 07:13:04,578 - evaluation_logger_Attraction-50 - INFO - Rule-based compare success.
2025-07-22 07:13:04,578 - evaluation_logger_Attraction-50 - INFO - Success matched: [{'name': 'Search_Attractions', 'arguments': {'id': 'eyJ1ZmkiOi0xMjY2OTN9', 'sortBy': 'attr_book_score'}}]
2025-07-22 07:13:04,579 - evaluation_logger_Attraction-50 - INFO - Start compare_single_call: 
{'name': 'Get_Attraction_Details', 'arguments': {'slug': 'prg66nxclhog-hop-on-hop-off-open-bus-tour'}}
{'name': 'Get_Attraction_Details', 'arguments': {'slug': 'prg66nxclhog-hop-on-hop-off-open-bus-tour'}}
2025-07-22 07:13:04,579 - evaluation_logger_Attraction-50 - INFO - Rule-based compare success.
2025-07-22 07:13:04,579 - evaluation_logger_Attraction-50 - INFO - Success matched: [{'name': 'Get_Attraction_Details', 'arguments': {'slug': 'prg66nxclhog-hop-on-hop-off-open-bus-tour'}}]
2025-07-22 07:13:04,580 - evaluation_logger_Attraction-50 - INFO - Start compare_single_call: 
{'name': 'Get_Attraction_Details', 'arguments': {'slug': 'prkponqb3lfr-bus-transport-between-fiumicino-airport-and-rome'}}
{'name': 'Get_Attraction_Details', 'arguments': {'slug': 'prkponqb3lfr-bus-transport-between-fiumicino-airport-and-rome'}}
2025-07-22 07:13:04,580 - evaluation_logger_Attraction-50 - INFO - Rule-based compare success.
2025-07-22 07:13:04,580 - evaluation_logger_Attraction-50 - INFO - Success matched: [{'name': 'Get_Attraction_Details', 'arguments': {'slug': 'prkponqb3lfr-bus-transport-between-fiumicino-airport-and-rome'}}]
