2025-07-22 07:31:37,561 - evaluation_logger_Attraction-130 - INFO - Test Example Attraction-130
2025-07-22 07:31:37,561 - evaluation_logger_Attraction-130 - INFO - Query: Our family of three is planning a vacation from November 25 to December 23, 2024, and we're trying to choose between Vancouver and Copenhagen. Can you check the ticket availability for attractions that offer free entry for our thirteen-year-old on November 30 in both places?
2025-07-22 07:32:39,260 - evaluation_logger_Attraction-130 - INFO - Start compare_single_call: 
{'name': 'Search_Attraction_Location', 'arguments': {'query': 'Vancouver'}}
{'name': 'Search_Attraction_Location', 'arguments': {'query': 'Vancouver'}}
2025-07-22 07:32:39,260 - evaluation_logger_Attraction-130 - INFO - Rule-based compare success.
2025-07-22 07:32:39,260 - evaluation_logger_Attraction-130 - INFO - Success matched: [{'name': 'Search_Attraction_Location', 'arguments': {'query': 'Vancouver'}}]
2025-07-22 07:33:41,554 - evaluation_logger_Attraction-130 - INFO - Start compare_single_call: 
{'name': 'Search_Attraction_Location', 'arguments': {'query': 'Vancouver'}}
{'name': 'Search_Attraction_Location', 'arguments': {'query': 'Vancouver'}}
2025-07-22 07:33:41,554 - evaluation_logger_Attraction-130 - INFO - Rule-based compare success.
2025-07-22 07:33:41,555 - evaluation_logger_Attraction-130 - INFO - Success matched: [{'name': 'Search_Attraction_Location', 'arguments': {'query': 'Vancouver'}}]
2025-07-22 07:33:41,555 - evaluation_logger_Attraction-130 - INFO - Start compare_single_call: 
{'name': 'Search_Attraction_Location', 'arguments': {'query': 'Copenhagen'}}
{'name': 'Search_Attraction_Location', 'arguments': {'query': 'Copenhagen'}}
2025-07-22 07:33:41,556 - evaluation_logger_Attraction-130 - INFO - Rule-based compare success.
2025-07-22 07:33:41,556 - evaluation_logger_Attraction-130 - INFO - Success matched: [{'name': 'Search_Attraction_Location', 'arguments': {'query': 'Copenhagen'}}]
2025-07-22 07:33:42,167 - evaluation_logger_Attraction-130 - INFO - Success matched: []
2025-07-22 07:35:20,488 - evaluation_logger_Attraction-130 - INFO - Start compare_single_call: 
{'name': 'Search_Attraction_Location', 'arguments': {'query': 'Vancouver'}}
{'name': 'Search_Attraction_Location', 'arguments': {'query': 'Vancouver'}}
2025-07-22 07:35:20,488 - evaluation_logger_Attraction-130 - INFO - Rule-based compare success.
2025-07-22 07:35:20,488 - evaluation_logger_Attraction-130 - INFO - Success matched: [{'name': 'Search_Attraction_Location', 'arguments': {'query': 'Vancouver'}}]
2025-07-22 07:35:20,489 - evaluation_logger_Attraction-130 - INFO - Start compare_single_call: 
{'name': 'Search_Attraction_Location', 'arguments': {'query': 'Copenhagen'}}
{'name': 'Search_Attraction_Location', 'arguments': {'query': 'Copenhagen'}}
2025-07-22 07:35:20,489 - evaluation_logger_Attraction-130 - INFO - Rule-based compare success.
2025-07-22 07:35:20,489 - evaluation_logger_Attraction-130 - INFO - Success matched: [{'name': 'Search_Attraction_Location', 'arguments': {'query': 'Copenhagen'}}]
2025-07-22 07:35:20,873 - evaluation_logger_Attraction-130 - INFO - Success matched: []
2025-07-22 07:36:22,813 - evaluation_logger_Attraction-130 - INFO - Start compare_single_call: 
{'name': 'Search_Attraction_Location', 'arguments': {'query': 'Vancouver'}}
{'name': 'Search_Attraction_Location', 'arguments': {'query': 'Vancouver'}}
2025-07-22 07:36:22,814 - evaluation_logger_Attraction-130 - INFO - Rule-based compare success.
2025-07-22 07:36:22,814 - evaluation_logger_Attraction-130 - INFO - Success matched: [{'name': 'Search_Attraction_Location', 'arguments': {'query': 'Vancouver'}}]
2025-07-22 07:36:22,814 - evaluation_logger_Attraction-130 - INFO - Start compare_single_call: 
{'name': 'Search_Attraction_Location', 'arguments': {'query': 'Copenhagen'}}
{'name': 'Search_Attraction_Location', 'arguments': {'query': 'Copenhagen'}}
2025-07-22 07:36:22,815 - evaluation_logger_Attraction-130 - INFO - Rule-based compare success.
2025-07-22 07:36:22,815 - evaluation_logger_Attraction-130 - INFO - Success matched: [{'name': 'Search_Attraction_Location', 'arguments': {'query': 'Copenhagen'}}]
2025-07-22 07:36:23,215 - evaluation_logger_Attraction-130 - INFO - Success matched: []
2025-07-22 07:36:39,967 - evaluation_logger_Attraction-130 - ERROR - 'questions'
