2025-07-22 03:11:06,537 - evaluation_logger_Car-Rental-120 - INFO - Test Example Car-Rental-120
2025-07-22 03:11:06,537 - evaluation_logger_Car-Rental-120 - INFO - Query: My friends are planning a self-driving trip in Greece from November 25th to December 2nd, 2024. They'll pick up the car at Eleftherios Venizelos Airport at 8 AM and return it at Thessaloniki Airport at 4 PM. Could you provide details of the vehicle, the supplier's ratings, and user comments?
2025-07-22 03:13:40,913 - evaluation_logger_Car-Rental-120 - INFO - Start compare_single_call: 
{'name': 'Search_Car_Location', 'arguments': {'query': 'Eleftherios Venizelos Airport'}}
{'name': 'Search_Car_Location', 'arguments': {'query': 'Eleftherios Venizelos Airport'}}
2025-07-22 03:13:40,913 - evaluation_logger_Car-Rental-120 - INFO - Rule-based compare success.
2025-07-22 03:13:40,913 - evaluation_logger_Car-Rental-120 - INFO - Success matched: [{'name': 'Search_Car_Location', 'arguments': {'query': 'Eleftherios Venizelos Airport'}}]
2025-07-22 03:13:40,915 - evaluation_logger_Car-Rental-120 - INFO - Start compare_single_call: 
{'name': 'Search_Car_Location', 'arguments': {'query': 'Thessaloniki Airport'}}
{'name': 'Search_Car_Location', 'arguments': {'query': 'Thessaloniki Airport'}}
2025-07-22 03:13:40,916 - evaluation_logger_Car-Rental-120 - INFO - Rule-based compare success.
2025-07-22 03:13:40,916 - evaluation_logger_Car-Rental-120 - INFO - Success matched: [{'name': 'Search_Car_Location', 'arguments': {'query': 'Thessaloniki Airport'}}]
2025-07-22 03:13:40,917 - evaluation_logger_Car-Rental-120 - INFO - Start compare_single_call: 
{'name': 'Search_Car_Rentals', 'arguments': {'drop_off_date': '2024-12-02', 'drop_off_latitude': 40.5237998962402, 'drop_off_longitude': 22.9766998291016, 'drop_off_time': '16:00', 'pick_up_date': '2024-11-25', 'pick_up_latitude': 37.9362983703613, 'pick_up_longitude': 23.9472007751465, 'pick_up_time': '08:00'}}
{'name': 'Search_Car_Rentals', 'arguments': {'drop_off_date': '2024-12-02', 'drop_off_latitude': 40.5237998962402, 'drop_off_longitude': 22.9766998291016, 'drop_off_time': '16:00', 'pick_up_date': '2024-11-25', 'pick_up_latitude': 37.9362983703613, 'pick_up_longitude': 23.9472007751465, 'pick_up_time': '08:00'}}
2025-07-22 03:13:40,917 - evaluation_logger_Car-Rental-120 - INFO - Rule-based compare success.
2025-07-22 03:13:40,917 - evaluation_logger_Car-Rental-120 - INFO - Success matched: [{'name': 'Search_Car_Rentals', 'arguments': {'drop_off_date': '2024-12-02', 'drop_off_latitude': 40.5237998962402, 'drop_off_longitude': 22.9766998291016, 'drop_off_time': '16:00', 'pick_up_date': '2024-11-25', 'pick_up_latitude': 37.9362983703613, 'pick_up_longitude': 23.9472007751465, 'pick_up_time': '08:00'}}]
2025-07-22 03:13:40,918 - evaluation_logger_Car-Rental-120 - INFO - Start compare_single_call: 
{'name': 'Vehicle_Details', 'arguments': {'search_key': 'eyJkcml2ZXJzQWdlIjozMCwiZHJvcE9mZkRhdGVUaW1lIjoiMjAyNC0xMi0wMlQxNjowMDowMCIsImRyb3BPZmZMb2NhdGlvbiI6IjQwLjUyMzc5OTg5NjI0MDIsMjIuOTc2Njk5ODI5MTAxNiIsImRyb3BPZmZMb2NhdGlvblR5cGUiOiJMQVRMT05HIiwicGlja1VwRGF0ZVRpbWUiOiIyMDI0LTExLTI1VDA4OjAwOjAwIiwicGlja1VwTG9jYXRpb24iOiIzNy45MzYyOTgzNzAzNjEzLDIzLjk0NzIwMDc3NTE0NjUiLCJwaWNrVXBMb2NhdGlvblR5cGUiOiJMQVRMT05HIiwicmVudGFsRHVyYXRpb25JbkRheXMiOjgsInNlcnZpY2VGZWF0dXJlcyI6WyJOT19PUEFRVUVTIiwiU1VQUkVTU19GSVhFRF9QUklDRV9WRUhJQ0xFUyIsIklOQ0xVREVfUFJPRFVDVF9SRUxBVElPTlNISVBTIiwiSU5DTFVERV9FWFRSQVNfQ09OVEFJTklOR19GRUVTIl19', 'vehicle_id': '665028561'}}
{'name': 'Vehicle_Details', 'arguments': {'search_key': 'eyJkcml2ZXJzQWdlIjozMCwiZHJvcE9mZkRhdGVUaW1lIjoiMjAyNC0xMi0wMlQxNjowMDowMCIsImRyb3BPZmZMb2NhdGlvbiI6IjQwLjUyMzc5OTg5NjI0MDIsMjIuOTc2Njk5ODI5MTAxNiIsImRyb3BPZmZMb2NhdGlvblR5cGUiOiJMQVRMT05HIiwicGlja1VwRGF0ZVRpbWUiOiIyMDI0LTExLTI1VDA4OjAwOjAwIiwicGlja1VwTG9jYXRpb24iOiIzNy45MzYyOTgzNzAzNjEzLDIzLjk0NzIwMDc3NTE0NjUiLCJwaWNrVXBMb2NhdGlvblR5cGUiOiJMQVRMT05HIiwicmVudGFsRHVyYXRpb25JbkRheXMiOjgsInNlcnZpY2VGZWF0dXJlcyI6WyJOT19PUEFRVUVTIiwiU1VQUkVTU19GSVhFRF9QUklDRV9WRUhJQ0xFUyIsIklOQ0xVREVfUFJPRFVDVF9SRUxBVElPTlNISVBTIiwiSU5DTFVERV9FWFRSQVNfQ09OVEFJTklOR19GRUVTIl19', 'vehicle_id': '665028561'}}
2025-07-22 03:13:40,918 - evaluation_logger_Car-Rental-120 - INFO - Rule-based compare success.
2025-07-22 03:13:40,918 - evaluation_logger_Car-Rental-120 - INFO - Success matched: [{'name': 'Vehicle_Details', 'arguments': {'search_key': 'eyJkcml2ZXJzQWdlIjozMCwiZHJvcE9mZkRhdGVUaW1lIjoiMjAyNC0xMi0wMlQxNjowMDowMCIsImRyb3BPZmZMb2NhdGlvbiI6IjQwLjUyMzc5OTg5NjI0MDIsMjIuOTc2Njk5ODI5MTAxNiIsImRyb3BPZmZMb2NhdGlvblR5cGUiOiJMQVRMT05HIiwicGlja1VwRGF0ZVRpbWUiOiIyMDI0LTExLTI1VDA4OjAwOjAwIiwicGlja1VwTG9jYXRpb24iOiIzNy45MzYyOTgzNzAzNjEzLDIzLjk0NzIwMDc3NTE0NjUiLCJwaWNrVXBMb2NhdGlvblR5cGUiOiJMQVRMT05HIiwicmVudGFsRHVyYXRpb25JbkRheXMiOjgsInNlcnZpY2VGZWF0dXJlcyI6WyJOT19PUEFRVUVTIiwiU1VQUkVTU19GSVhFRF9QUklDRV9WRUhJQ0xFUyIsIklOQ0xVREVfUFJPRFVDVF9SRUxBVElPTlNISVBTIiwiSU5DTFVERV9FWFRSQVNfQ09OVEFJTklOR19GRUVTIl19', 'vehicle_id': '665028561'}}]
2025-07-22 03:13:40,919 - evaluation_logger_Car-Rental-120 - INFO - Start compare_single_call: 
{'name': 'Vehicle_Supplier_Ratings', 'arguments': {'search_key': 'eyJkcml2ZXJzQWdlIjozMCwiZHJvcE9mZkRhdGVUaW1lIjoiMjAyNC0xMi0wMlQxNjowMDowMCIsImRyb3BPZmZMb2NhdGlvbiI6IjQwLjUyMzc5OTg5NjI0MDIsMjIuOTc2Njk5ODI5MTAxNiIsImRyb3BPZmZMb2NhdGlvblR5cGUiOiJMQVRMT05HIiwicGlja1VwRGF0ZVRpbWUiOiIyMDI0LTExLTI1VDA4OjAwOjAwIiwicGlja1VwTG9jYXRpb24iOiIzNy45MzYyOTgzNzAzNjEzLDIzLjk0NzIwMDc3NTE0NjUiLCJwaWNrVXBMb2NhdGlvblR5cGUiOiJMQVRMT05HIiwicmVudGFsRHVyYXRpb25JbkRheXMiOjgsInNlcnZpY2VGZWF0dXJlcyI6WyJOT19PUEFRVUVTIiwiU1VQUkVTU19GSVhFRF9QUklDRV9WRUhJQ0xFUyIsIklOQ0xVREVfUFJPRFVDVF9SRUxBVElPTlNISVBTIiwiSU5DTFVERV9FWFRSQVNfQ09OVEFJTklOR19GRUVTIl19', 'vehicle_id': '665028561'}}
{'name': 'Vehicle_Supplier_Ratings', 'arguments': {'search_key': 'eyJkcml2ZXJzQWdlIjozMCwiZHJvcE9mZkRhdGVUaW1lIjoiMjAyNC0xMi0wMlQxNjowMDowMCIsImRyb3BPZmZMb2NhdGlvbiI6IjQwLjUyMzc5OTg5NjI0MDIsMjIuOTc2Njk5ODI5MTAxNiIsImRyb3BPZmZMb2NhdGlvblR5cGUiOiJMQVRMT05HIiwicGlja1VwRGF0ZVRpbWUiOiIyMDI0LTExLTI1VDA4OjAwOjAwIiwicGlja1VwTG9jYXRpb24iOiIzNy45MzYyOTgzNzAzNjEzLDIzLjk0NzIwMDc3NTE0NjUiLCJwaWNrVXBMb2NhdGlvblR5cGUiOiJMQVRMT05HIiwicmVudGFsRHVyYXRpb25JbkRheXMiOjgsInNlcnZpY2VGZWF0dXJlcyI6WyJOT19PUEFRVUVTIiwiU1VQUkVTU19GSVhFRF9QUklDRV9WRUhJQ0xFUyIsIklOQ0xVREVfUFJPRFVDVF9SRUxBVElPTlNISVBTIiwiSU5DTFVERV9FWFRSQVNfQ09OVEFJTklOR19GRUVTIl19', 'vehicle_id': '665028561'}}
2025-07-22 03:13:40,919 - evaluation_logger_Car-Rental-120 - INFO - Rule-based compare success.
2025-07-22 03:13:40,919 - evaluation_logger_Car-Rental-120 - INFO - Success matched: [{'name': 'Vehicle_Supplier_Ratings', 'arguments': {'search_key': 'eyJkcml2ZXJzQWdlIjozMCwiZHJvcE9mZkRhdGVUaW1lIjoiMjAyNC0xMi0wMlQxNjowMDowMCIsImRyb3BPZmZMb2NhdGlvbiI6IjQwLjUyMzc5OTg5NjI0MDIsMjIuOTc2Njk5ODI5MTAxNiIsImRyb3BPZmZMb2NhdGlvblR5cGUiOiJMQVRMT05HIiwicGlja1VwRGF0ZVRpbWUiOiIyMDI0LTExLTI1VDA4OjAwOjAwIiwicGlja1VwTG9jYXRpb24iOiIzNy45MzYyOTgzNzAzNjEzLDIzLjk0NzIwMDc3NTE0NjUiLCJwaWNrVXBMb2NhdGlvblR5cGUiOiJMQVRMT05HIiwicmVudGFsRHVyYXRpb25JbkRheXMiOjgsInNlcnZpY2VGZWF0dXJlcyI6WyJOT19PUEFRVUVTIiwiU1VQUkVTU19GSVhFRF9QUklDRV9WRUhJQ0xFUyIsIklOQ0xVREVfUFJPRFVDVF9SRUxBVElPTlNISVBTIiwiSU5DTFVERV9FWFRSQVNfQ09OVEFJTklOR19GRUVTIl19', 'vehicle_id': '665028561'}}]
2025-07-22 03:13:40,919 - evaluation_logger_Car-Rental-120 - INFO - Start compare_single_call: 
{'name': 'Vehicle_Supplier_Review', 'arguments': {'search_key': 'eyJkcml2ZXJzQWdlIjozMCwiZHJvcE9mZkRhdGVUaW1lIjoiMjAyNC0xMi0wMlQxNjowMDowMCIsImRyb3BPZmZMb2NhdGlvbiI6IjQwLjUyMzc5OTg5NjI0MDIsMjIuOTc2Njk5ODI5MTAxNiIsImRyb3BPZmZMb2NhdGlvblR5cGUiOiJMQVRMT05HIiwicGlja1VwRGF0ZVRpbWUiOiIyMDI0LTExLTI1VDA4OjAwOjAwIiwicGlja1VwTG9jYXRpb24iOiIzNy45MzYyOTgzNzAzNjEzLDIzLjk0NzIwMDc3NTE0NjUiLCJwaWNrVXBMb2NhdGlvblR5cGUiOiJMQVRMT05HIiwicmVudGFsRHVyYXRpb25JbkRheXMiOjgsInNlcnZpY2VGZWF0dXJlcyI6WyJOT19PUEFRVUVTIiwiU1VQUkVTU19GSVhFRF9QUklDRV9WRUhJQ0xFUyIsIklOQ0xVREVfUFJPRFVDVF9SRUxBVElPTlNISVBTIiwiSU5DTFVERV9FWFRSQVNfQ09OVEFJTklOR19GRUVTIl19', 'vehicle_id': '665028561'}}
{'name': 'Vehicle_Supplier_Review', 'arguments': {'search_key': 'eyJkcml2ZXJzQWdlIjozMCwiZHJvcE9mZkRhdGVUaW1lIjoiMjAyNC0xMi0wMlQxNjowMDowMCIsImRyb3BPZmZMb2NhdGlvbiI6IjQwLjUyMzc5OTg5NjI0MDIsMjIuOTc2Njk5ODI5MTAxNiIsImRyb3BPZmZMb2NhdGlvblR5cGUiOiJMQVRMT05HIiwicGlja1VwRGF0ZVRpbWUiOiIyMDI0LTExLTI1VDA4OjAwOjAwIiwicGlja1VwTG9jYXRpb24iOiIzNy45MzYyOTgzNzAzNjEzLDIzLjk0NzIwMDc3NTE0NjUiLCJwaWNrVXBMb2NhdGlvblR5cGUiOiJMQVRMT05HIiwicmVudGFsRHVyYXRpb25JbkRheXMiOjgsInNlcnZpY2VGZWF0dXJlcyI6WyJOT19PUEFRVUVTIiwiU1VQUkVTU19GSVhFRF9QUklDRV9WRUhJQ0xFUyIsIklOQ0xVREVfUFJPRFVDVF9SRUxBVElPTlNISVBTIiwiSU5DTFVERV9FWFRSQVNfQ09OVEFJTklOR19GRUVTIl19', 'vehicle_id': '665028561'}}
2025-07-22 03:13:40,919 - evaluation_logger_Car-Rental-120 - INFO - Rule-based compare success.
2025-07-22 03:13:40,919 - evaluation_logger_Car-Rental-120 - INFO - Success matched: [{'name': 'Vehicle_Supplier_Review', 'arguments': {'search_key': 'eyJkcml2ZXJzQWdlIjozMCwiZHJvcE9mZkRhdGVUaW1lIjoiMjAyNC0xMi0wMlQxNjowMDowMCIsImRyb3BPZmZMb2NhdGlvbiI6IjQwLjUyMzc5OTg5NjI0MDIsMjIuOTc2Njk5ODI5MTAxNiIsImRyb3BPZmZMb2NhdGlvblR5cGUiOiJMQVRMT05HIiwicGlja1VwRGF0ZVRpbWUiOiIyMDI0LTExLTI1VDA4OjAwOjAwIiwicGlja1VwTG9jYXRpb24iOiIzNy45MzYyOTgzNzAzNjEzLDIzLjk0NzIwMDc3NTE0NjUiLCJwaWNrVXBMb2NhdGlvblR5cGUiOiJMQVRMT05HIiwicmVudGFsRHVyYXRpb25JbkRheXMiOjgsInNlcnZpY2VGZWF0dXJlcyI6WyJOT19PUEFRVUVTIiwiU1VQUkVTU19GSVhFRF9QUklDRV9WRUhJQ0xFUyIsIklOQ0xVREVfUFJPRFVDVF9SRUxBVElPTlNISVBTIiwiSU5DTFVERV9FWFRSQVNfQ09OVEFJTklOR19GRUVTIl19', 'vehicle_id': '665028561'}}]
