2025-07-22 02:54:26,368 - evaluation_logger_Car-Rental-80 - INFO - Test Example Car-Rental-80
2025-07-22 02:54:26,369 - evaluation_logger_Car-Rental-80 - INFO - Query: I need to go on a business trip to California, USA soon and want to rent a car at San Diego International Airport to get around the city easily. To decide the date for booking the flight ticket, could you check if there are any cars available for rent at 8 PM tomorrow (October 10th, 2024) or the day after tomorrow? I'll return the car at the same time and place on the 17th. Additionally, I want to know the user reviews of suppliers other than Dollar.
2025-07-22 02:56:29,750 - evaluation_logger_Car-Rental-80 - INFO - Start compare_single_call: 
{'name': 'Search_Car_Location', 'arguments': {'query': 'San Diego International Airport'}}
{'name': 'Search_Car_Location', 'arguments': {'query': 'San Diego International Airport'}}
2025-07-22 02:56:29,751 - evaluation_logger_Car-Rental-80 - INFO - Rule-based compare success.
2025-07-22 02:56:29,751 - evaluation_logger_Car-Rental-80 - INFO - Success matched: [{'name': 'Search_Car_Location', 'arguments': {'query': 'San Diego International Airport'}}]
2025-07-22 02:56:30,337 - evaluation_logger_Car-Rental-80 - INFO - Success matched: []
2025-07-22 02:57:43,209 - evaluation_logger_Car-Rental-80 - INFO - Start compare_single_call: 
{'name': 'Search_Car_Location', 'arguments': {'query': 'San Diego International Airport'}}
{'name': 'Search_Car_Location', 'arguments': {'query': 'San Diego International Airport'}}
2025-07-22 02:57:43,209 - evaluation_logger_Car-Rental-80 - INFO - Rule-based compare success.
2025-07-22 02:57:43,209 - evaluation_logger_Car-Rental-80 - INFO - Success matched: [{'name': 'Search_Car_Location', 'arguments': {'query': 'San Diego International Airport'}}]
2025-07-22 02:57:43,210 - evaluation_logger_Car-Rental-80 - INFO - Start compare_single_call: 
{'name': 'Search_Car_Rentals', 'arguments': {'drop_off_date': '2024-10-17', 'drop_off_latitude': 32.7322, 'drop_off_longitude': -117.198, 'drop_off_time': '20:00', 'pick_up_date': '2024-10-11', 'pick_up_latitude': 32.7322, 'pick_up_longitude': -117.198, 'pick_up_time': '20:00'}}
{'name': 'Search_Car_Rentals', 'arguments': {'drop_off_date': '2024-10-17', 'drop_off_latitude': 32.7322, 'drop_off_longitude': -117.198, 'drop_off_time': '20:00', 'pick_up_date': '2024-10-11', 'pick_up_latitude': 32.7322, 'pick_up_longitude': -117.198, 'pick_up_time': '20:00'}}
2025-07-22 02:57:43,210 - evaluation_logger_Car-Rental-80 - INFO - Rule-based compare success.
2025-07-22 02:57:43,210 - evaluation_logger_Car-Rental-80 - INFO - Success matched: [{'name': 'Search_Car_Rentals', 'arguments': {'drop_off_date': '2024-10-17', 'drop_off_latitude': 32.7322, 'drop_off_longitude': -117.198, 'drop_off_time': '20:00', 'pick_up_date': '2024-10-11', 'pick_up_latitude': 32.7322, 'pick_up_longitude': -117.198, 'pick_up_time': '20:00'}}]
2025-07-22 02:57:43,563 - evaluation_logger_Car-Rental-80 - INFO - Start compare_single_call: 
{'name': 'Search_Car_Rentals', 'arguments': {'drop_off_date': '2024-10-17', 'drop_off_latitude': 32.7322, 'drop_off_longitude': -117.198, 'drop_off_time': '20:00', 'pick_up_date': '2024-10-12', 'pick_up_latitude': 32.7322, 'pick_up_longitude': -117.198, 'pick_up_time': '20:00'}}
{'name': 'Search_Car_Rentals', 'arguments': {'drop_off_date': '2024-10-17', 'drop_off_latitude': 32.7322, 'drop_off_longitude': -117.198, 'drop_off_time': '20:00', 'pick_up_date': '2024-10-11', 'pick_up_latitude': 32.7322, 'pick_up_longitude': -117.198, 'pick_up_time': '20:00'}}
2025-07-22 02:57:43,564 - evaluation_logger_Car-Rental-80 - INFO - {'error_type': 'value_error', 'content': "Parameter pick_up_date value '2024-10-12' is not correct in prediction."}
2025-07-22 02:57:43,564 - evaluation_logger_Car-Rental-80 - INFO - Success matched: []
2025-07-22 02:58:46,161 - evaluation_logger_Car-Rental-80 - INFO - Start compare_single_call: 
{'name': 'Search_Car_Location', 'arguments': {'query': 'San Diego International Airport'}}
{'name': 'Search_Car_Location', 'arguments': {'query': 'San Diego International Airport'}}
2025-07-22 02:58:46,161 - evaluation_logger_Car-Rental-80 - INFO - Rule-based compare success.
2025-07-22 02:58:46,161 - evaluation_logger_Car-Rental-80 - INFO - Success matched: [{'name': 'Search_Car_Location', 'arguments': {'query': 'San Diego International Airport'}}]
2025-07-22 02:58:46,510 - evaluation_logger_Car-Rental-80 - INFO - Success matched: []
2025-07-22 03:00:09,827 - evaluation_logger_Car-Rental-80 - ERROR - 'questions'
