2025-07-22 02:46:45,634 - evaluation_logger_Car-Rental-60 - INFO - Test Example Car-Rental-60
2025-07-22 02:46:45,634 - evaluation_logger_Car-Rental-60 - INFO - Query: Rent a car at Miami International Airport at 10 AM on December 1st, 2024, and return it at the same place at 4 PM nine days later. I want to check how much the cheapest vehicle with an insurance package costs.
2025-07-22 02:48:21,895 - evaluation_logger_Car-Rental-60 - INFO - Start compare_single_call: 
{'name': 'Search_Car_Location', 'arguments': {'query': 'Miami International Airport'}}
{'name': 'Search_Car_Location', 'arguments': {'query': 'Miami International Airport'}}
2025-07-22 02:48:21,895 - evaluation_logger_Car-Rental-60 - INFO - Rule-based compare success.
2025-07-22 02:48:21,895 - evaluation_logger_Car-Rental-60 - INFO - Success matched: [{'name': 'Search_Car_Location', 'arguments': {'query': 'Miami International Airport'}}]
2025-07-22 02:48:22,485 - evaluation_logger_Car-Rental-60 - INFO - Success matched: []
2025-07-22 02:48:43,727 - evaluation_logger_Car-Rental-60 - INFO - Start compare_single_call: 
{'name': 'Search_Car_Location', 'arguments': {'query': 'Miami International Airport'}}
{'name': 'Search_Car_Location', 'arguments': {'query': 'Miami International Airport'}}
2025-07-22 02:48:43,728 - evaluation_logger_Car-Rental-60 - INFO - Rule-based compare success.
2025-07-22 02:48:43,728 - evaluation_logger_Car-Rental-60 - INFO - Success matched: [{'name': 'Search_Car_Location', 'arguments': {'query': 'Miami International Airport'}}]
2025-07-22 02:48:43,729 - evaluation_logger_Car-Rental-60 - INFO - Start compare_single_call: 
{'name': 'Search_Car_Rentals', 'arguments': {'drop_off_date': '2024-12-10', 'drop_off_latitude': 25.7951, 'drop_off_longitude': -80.2771, 'drop_off_time': '16:00', 'pick_up_date': '2024-12-01', 'pick_up_latitude': 25.7951, 'pick_up_longitude': -80.2771, 'pick_up_time': '10:00'}}
{'name': 'Search_Car_Rentals', 'arguments': {'drop_off_date': '2024-12-10', 'drop_off_latitude': 25.7951, 'drop_off_longitude': -80.2771, 'drop_off_time': '16:00', 'pick_up_date': '2024-12-01', 'pick_up_latitude': 25.7951, 'pick_up_longitude': -80.2771, 'pick_up_time': '10:00'}}
2025-07-22 02:48:43,729 - evaluation_logger_Car-Rental-60 - INFO - Rule-based compare success.
2025-07-22 02:48:43,729 - evaluation_logger_Car-Rental-60 - INFO - Success matched: [{'name': 'Search_Car_Rentals', 'arguments': {'drop_off_date': '2024-12-10', 'drop_off_latitude': 25.7951, 'drop_off_longitude': -80.2771, 'drop_off_time': '16:00', 'pick_up_date': '2024-12-01', 'pick_up_latitude': 25.7951, 'pick_up_longitude': -80.2771, 'pick_up_time': '10:00'}}]
2025-07-22 02:48:43,730 - evaluation_logger_Car-Rental-60 - INFO - Start compare_single_call: 
{'name': 'Get_Packages', 'arguments': {'search_key': 'eyJkcml2ZXJzQWdlIjozMCwiZHJvcE9mZkRhdGVUaW1lIjoiMjAyNC0xMi0xMFQxNjowMDowMCIsImRyb3BPZmZMb2NhdGlvbiI6IjI1Ljc5NTEsLTgwLjI3NzEiLCJkcm9wT2ZmTG9jYXRpb25UeXBlIjoiTEFUTE9ORyIsInBpY2tVcERhdGVUaW1lIjoiMjAyNC0xMi0wMVQxMDowMDowMCIsInBpY2tVcExvY2F0aW9uIjoiMjUuNzk1MSwtODAuMjc3MSIsInBpY2tVcExvY2F0aW9uVHlwZSI6IkxBVExPTkciLCJyZW50YWxEdXJhdGlvbkluRGF5cyI6MTAsInNlcnZpY2VGZWF0dXJlcyI6WyJOT19PUEFRVUVTIiwiU1VQUkVTU19GSVhFRF9QUklDRV9WRUhJQ0xFUyIsIklOQ0xVREVfUFJPRFVDVF9SRUxBVElPTlNISVBTIiwiSU5DTFVERV9FWFRSQVNfQ09OVEFJTklOR19GRUVTIl19', 'vehicle_id': '370864371'}}
{'name': 'Get_Packages', 'arguments': {'search_key': 'eyJkcml2ZXJzQWdlIjozMCwiZHJvcE9mZkRhdGVUaW1lIjoiMjAyNC0xMi0xMFQxNjowMDowMCIsImRyb3BPZmZMb2NhdGlvbiI6IjI1Ljc5NTEsLTgwLjI3NzEiLCJkcm9wT2ZmTG9jYXRpb25UeXBlIjoiTEFUTE9ORyIsInBpY2tVcERhdGVUaW1lIjoiMjAyNC0xMi0wMVQxMDowMDowMCIsInBpY2tVcExvY2F0aW9uIjoiMjUuNzk1MSwtODAuMjc3MSIsInBpY2tVcExvY2F0aW9uVHlwZSI6IkxBVExPTkciLCJyZW50YWxEdXJhdGlvbkluRGF5cyI6MTAsInNlcnZpY2VGZWF0dXJlcyI6WyJOT19PUEFRVUVTIiwiU1VQUkVTU19GSVhFRF9QUklDRV9WRUhJQ0xFUyIsIklOQ0xVREVfUFJPRFVDVF9SRUxBVElPTlNISVBTIiwiSU5DTFVERV9FWFRSQVNfQ09OVEFJTklOR19GRUVTIl19', 'vehicle_id': '370864371'}}
2025-07-22 02:48:43,730 - evaluation_logger_Car-Rental-60 - INFO - Rule-based compare success.
2025-07-22 02:48:43,730 - evaluation_logger_Car-Rental-60 - INFO - Success matched: [{'name': 'Get_Packages', 'arguments': {'search_key': 'eyJkcml2ZXJzQWdlIjozMCwiZHJvcE9mZkRhdGVUaW1lIjoiMjAyNC0xMi0xMFQxNjowMDowMCIsImRyb3BPZmZMb2NhdGlvbiI6IjI1Ljc5NTEsLTgwLjI3NzEiLCJkcm9wT2ZmTG9jYXRpb25UeXBlIjoiTEFUTE9ORyIsInBpY2tVcERhdGVUaW1lIjoiMjAyNC0xMi0wMVQxMDowMDowMCIsInBpY2tVcExvY2F0aW9uIjoiMjUuNzk1MSwtODAuMjc3MSIsInBpY2tVcExvY2F0aW9uVHlwZSI6IkxBVExPTkciLCJyZW50YWxEdXJhdGlvbkluRGF5cyI6MTAsInNlcnZpY2VGZWF0dXJlcyI6WyJOT19PUEFRVUVTIiwiU1VQUkVTU19GSVhFRF9QUklDRV9WRUhJQ0xFUyIsIklOQ0xVREVfUFJPRFVDVF9SRUxBVElPTlNISVBTIiwiSU5DTFVERV9FWFRSQVNfQ09OVEFJTklOR19GRUVTIl19', 'vehicle_id': '370864371'}}]
