2025-07-22 00:56:29,276 - evaluation_logger_Car-Rental-0 - INFO - Test Example Car-Rental-0
2025-07-22 00:56:29,276 - evaluation_logger_Car-Rental-0 - INFO - Query: Today is October 13th, 2024. I want to rent a car for a day at the San Diego Marriott La Jolla. Could you compare the price differences for picking up the car at 8 AM tomorrow and the day after tomorrow at the same place for a 24-hour rental?
2025-07-22 00:56:48,150 - evaluation_logger_Car-Rental-0 - ERROR - cannot unpack non-iterable NoneType object
2025-07-22 01:03:58,277 - evaluation_logger_Car-Rental-0 - INFO - Test Example Car-Rental-0
2025-07-22 01:03:58,278 - evaluation_logger_Car-Rental-0 - INFO - Query: Today is October 13th, 2024. I want to rent a car for a day at the San Diego Marriott La Jolla. Could you compare the price differences for picking up the car at 8 AM tomorrow and the day after tomorrow at the same place for a 24-hour rental?
2025-07-22 01:06:57,823 - evaluation_logger_Car-Rental-0 - INFO - Test Example Car-Rental-0
2025-07-22 01:06:57,823 - evaluation_logger_Car-Rental-0 - INFO - Query: Today is October 13th, 2024. I want to rent a car for a day at the San Diego Marriott La Jolla. Could you compare the price differences for picking up the car at 8 AM tomorrow and the day after tomorrow at the same place for a 24-hour rental?
2025-07-22 01:08:23,946 - evaluation_logger_Car-Rental-0 - ERROR - cannot unpack non-iterable NoneType object
2025-07-22 01:10:53,111 - evaluation_logger_Car-Rental-0 - INFO - Test Example Car-Rental-0
2025-07-22 01:10:53,111 - evaluation_logger_Car-Rental-0 - INFO - Query: Today is October 13th, 2024. I want to rent a car for a day at the San Diego Marriott La Jolla. Could you compare the price differences for picking up the car at 8 AM tomorrow and the day after tomorrow at the same place for a 24-hour rental?
2025-07-22 01:12:34,763 - evaluation_logger_Car-Rental-0 - INFO - Start compare_single_call: 
{'name': 'Search_Car_Location', 'arguments': {'query': 'San Diego Marriott La Jolla'}}
{'name': 'Search_Car_Location', 'arguments': {'query': 'San Diego Marriott La Jolla'}}
2025-07-22 01:12:34,764 - evaluation_logger_Car-Rental-0 - INFO - Rule-based compare success.
2025-07-22 01:12:34,764 - evaluation_logger_Car-Rental-0 - INFO - Success matched: [{'name': 'Search_Car_Location', 'arguments': {'query': 'San Diego Marriott La Jolla'}}]
2025-07-22 01:12:34,765 - evaluation_logger_Car-Rental-0 - INFO - Start compare_single_call: 
{'name': 'Search_Car_Rentals', 'arguments': {'drop_off_date': '2024-10-15', 'drop_off_latitude': 32.873055, 'drop_off_longitude': -117.215935, 'drop_off_time': '08:00', 'pick_up_date': '2024-10-14', 'pick_up_latitude': 32.873055, 'pick_up_longitude': -117.215935, 'pick_up_time': '08:00'}}
{'name': 'Search_Car_Rentals', 'arguments': {'drop_off_date': '2024-10-15', 'drop_off_latitude': 32.873055, 'drop_off_longitude': -117.215935, 'drop_off_time': '08:00', 'pick_up_date': '2024-10-14', 'pick_up_latitude': 32.873055, 'pick_up_longitude': -117.215935, 'pick_up_time': '08:00'}}
2025-07-22 01:12:34,765 - evaluation_logger_Car-Rental-0 - INFO - Rule-based compare success.
2025-07-22 01:12:34,765 - evaluation_logger_Car-Rental-0 - INFO - Success matched: [{'name': 'Search_Car_Rentals', 'arguments': {'drop_off_date': '2024-10-15', 'drop_off_latitude': 32.873055, 'drop_off_longitude': -117.215935, 'drop_off_time': '08:00', 'pick_up_date': '2024-10-14', 'pick_up_latitude': 32.873055, 'pick_up_longitude': -117.215935, 'pick_up_time': '08:00'}}]
2025-07-22 01:12:34,766 - evaluation_logger_Car-Rental-0 - INFO - Start compare_single_call: 
{'name': 'Search_Car_Rentals', 'arguments': {'drop_off_date': '2024-10-16', 'drop_off_latitude': 32.873055, 'drop_off_longitude': -117.215935, 'drop_off_time': '08:00', 'pick_up_date': '2024-10-15', 'pick_up_latitude': 32.873055, 'pick_up_longitude': -117.215935, 'pick_up_time': '08:00'}}
{'name': 'Search_Car_Rentals', 'arguments': {'drop_off_date': '2024-10-16', 'drop_off_latitude': 32.873055, 'drop_off_longitude': -117.215935, 'drop_off_time': '08:00', 'pick_up_date': '2024-10-15', 'pick_up_latitude': 32.873055, 'pick_up_longitude': -117.215935, 'pick_up_time': '08:00'}}
2025-07-22 01:12:34,766 - evaluation_logger_Car-Rental-0 - INFO - Rule-based compare success.
2025-07-22 01:12:34,766 - evaluation_logger_Car-Rental-0 - INFO - Success matched: [{'name': 'Search_Car_Rentals', 'arguments': {'drop_off_date': '2024-10-16', 'drop_off_latitude': 32.873055, 'drop_off_longitude': -117.215935, 'drop_off_time': '08:00', 'pick_up_date': '2024-10-15', 'pick_up_latitude': 32.873055, 'pick_up_longitude': -117.215935, 'pick_up_time': '08:00'}}]
2025-07-22 02:17:10,484 - evaluation_logger_Car-Rental-0 - INFO - Test Example Car-Rental-0
2025-07-22 02:17:10,485 - evaluation_logger_Car-Rental-0 - INFO - Query: Today is October 13th, 2024. I want to rent a car for a day at the San Diego Marriott La Jolla. Could you compare the price differences for picking up the car at 8 AM tomorrow and the day after tomorrow at the same place for a 24-hour rental?
2025-07-22 02:21:59,978 - evaluation_logger_Car-Rental-0 - INFO - Test Example Car-Rental-0
2025-07-22 02:21:59,978 - evaluation_logger_Car-Rental-0 - INFO - Query: Today is October 13th, 2024. I want to rent a car for a day at the San Diego Marriott La Jolla. Could you compare the price differences for picking up the car at 8 AM tomorrow and the day after tomorrow at the same place for a 24-hour rental?
2025-07-22 02:22:43,699 - evaluation_logger_Car-Rental-0 - INFO - Test Example Car-Rental-0
2025-07-22 02:22:43,699 - evaluation_logger_Car-Rental-0 - INFO - Query: Today is October 13th, 2024. I want to rent a car for a day at the San Diego Marriott La Jolla. Could you compare the price differences for picking up the car at 8 AM tomorrow and the day after tomorrow at the same place for a 24-hour rental?
2025-07-22 02:23:01,294 - evaluation_logger_Car-Rental-0 - INFO - Test Example Car-Rental-0
2025-07-22 02:23:01,294 - evaluation_logger_Car-Rental-0 - INFO - Query: Today is October 13th, 2024. I want to rent a car for a day at the San Diego Marriott La Jolla. Could you compare the price differences for picking up the car at 8 AM tomorrow and the day after tomorrow at the same place for a 24-hour rental?
2025-07-22 02:24:37,032 - evaluation_logger_Car-Rental-0 - INFO - Start compare_single_call: 
{'name': 'Search_Car_Location', 'arguments': {'query': 'San Diego Marriott La Jolla'}}
{'name': 'Search_Car_Location', 'arguments': {'query': 'San Diego Marriott La Jolla'}}
2025-07-22 02:24:37,032 - evaluation_logger_Car-Rental-0 - INFO - Rule-based compare success.
2025-07-22 02:24:37,032 - evaluation_logger_Car-Rental-0 - INFO - Success matched: [{'name': 'Search_Car_Location', 'arguments': {'query': 'San Diego Marriott La Jolla'}}]
2025-07-22 02:24:37,033 - evaluation_logger_Car-Rental-0 - INFO - Start compare_single_call: 
{'name': 'Search_Car_Rentals', 'arguments': {'drop_off_date': '2024-10-15', 'drop_off_latitude': 32.873055, 'drop_off_longitude': -117.215935, 'drop_off_time': '08:00', 'pick_up_date': '2024-10-14', 'pick_up_latitude': 32.873055, 'pick_up_longitude': -117.215935, 'pick_up_time': '08:00'}}
{'name': 'Search_Car_Rentals', 'arguments': {'drop_off_date': '2024-10-15', 'drop_off_latitude': 32.873055, 'drop_off_longitude': -117.215935, 'drop_off_time': '08:00', 'pick_up_date': '2024-10-14', 'pick_up_latitude': 32.873055, 'pick_up_longitude': -117.215935, 'pick_up_time': '08:00'}}
2025-07-22 02:24:37,033 - evaluation_logger_Car-Rental-0 - INFO - Rule-based compare success.
2025-07-22 02:24:37,033 - evaluation_logger_Car-Rental-0 - INFO - Success matched: [{'name': 'Search_Car_Rentals', 'arguments': {'drop_off_date': '2024-10-15', 'drop_off_latitude': 32.873055, 'drop_off_longitude': -117.215935, 'drop_off_time': '08:00', 'pick_up_date': '2024-10-14', 'pick_up_latitude': 32.873055, 'pick_up_longitude': -117.215935, 'pick_up_time': '08:00'}}]
2025-07-22 02:24:37,034 - evaluation_logger_Car-Rental-0 - INFO - Start compare_single_call: 
{'name': 'Search_Car_Rentals', 'arguments': {'drop_off_date': '2024-10-16', 'drop_off_latitude': 32.873055, 'drop_off_longitude': -117.215935, 'drop_off_time': '08:00', 'pick_up_date': '2024-10-15', 'pick_up_latitude': 32.873055, 'pick_up_longitude': -117.215935, 'pick_up_time': '08:00'}}
{'name': 'Search_Car_Rentals', 'arguments': {'drop_off_date': '2024-10-16', 'drop_off_latitude': 32.873055, 'drop_off_longitude': -117.215935, 'drop_off_time': '08:00', 'pick_up_date': '2024-10-15', 'pick_up_latitude': 32.873055, 'pick_up_longitude': -117.215935, 'pick_up_time': '08:00'}}
2025-07-22 02:24:37,034 - evaluation_logger_Car-Rental-0 - INFO - Rule-based compare success.
2025-07-22 02:24:37,035 - evaluation_logger_Car-Rental-0 - INFO - Success matched: [{'name': 'Search_Car_Rentals', 'arguments': {'drop_off_date': '2024-10-16', 'drop_off_latitude': 32.873055, 'drop_off_longitude': -117.215935, 'drop_off_time': '08:00', 'pick_up_date': '2024-10-15', 'pick_up_latitude': 32.873055, 'pick_up_longitude': -117.215935, 'pick_up_time': '08:00'}}]
