2025-07-22 02:34:32,194 - evaluation_logger_Car-Rental-50 - INFO - Test Example Car-Rental-50
2025-07-22 02:34:32,194 - evaluation_logger_Car-Rental-50 - INFO - Query: I'm at the San Diego Marriott La Jolla. My friends and I are planning to rent a car near the hotel for Halloween in 2024. We'll set off at 10 AM and return the car at the same place at 10 AM the next day. Could you help me check the price of the rental package including extra protection insurance?
2025-07-22 02:46:14,919 - evaluation_logger_Car-Rental-50 - INFO - Start compare_single_call: 
{'name': 'Search_Car_Location', 'arguments': {'query': 'San Diego Marriott La Jolla'}}
{'name': 'Search_Car_Location', 'arguments': {'query': 'San Diego Marriott La Jolla'}}
2025-07-22 02:46:14,919 - evaluation_logger_Car-Rental-50 - INFO - Rule-based compare success.
2025-07-22 02:46:14,919 - evaluation_logger_Car-Rental-50 - INFO - Success matched: [{'name': 'Search_Car_Location', 'arguments': {'query': 'San Diego Marriott La Jolla'}}]
2025-07-22 02:46:15,501 - evaluation_logger_Car-Rental-50 - INFO - Success matched: []
2025-07-22 02:46:45,621 - evaluation_logger_Car-Rental-50 - INFO - Start compare_single_call: 
{'name': 'Search_Car_Location', 'arguments': {'query': 'San Diego Marriott La Jolla'}}
{'name': 'Search_Car_Location', 'arguments': {'query': 'San Diego Marriott La Jolla'}}
2025-07-22 02:46:45,622 - evaluation_logger_Car-Rental-50 - INFO - Rule-based compare success.
2025-07-22 02:46:45,622 - evaluation_logger_Car-Rental-50 - INFO - Success matched: [{'name': 'Search_Car_Location', 'arguments': {'query': 'San Diego Marriott La Jolla'}}]
2025-07-22 02:46:45,623 - evaluation_logger_Car-Rental-50 - INFO - Start compare_single_call: 
{'name': 'Search_Car_Rentals', 'arguments': {'drop_off_date': '2024-11-01', 'drop_off_latitude': 32.873055, 'drop_off_longitude': -117.215935, 'drop_off_time': '10:00', 'pick_up_date': '2024-10-31', 'pick_up_latitude': 32.873055, 'pick_up_longitude': -117.215935, 'pick_up_time': '10:00'}}
{'name': 'Search_Car_Rentals', 'arguments': {'drop_off_date': '2024-11-01', 'drop_off_latitude': 32.873055, 'drop_off_longitude': -117.215935, 'drop_off_time': '10:00', 'pick_up_date': '2024-10-31', 'pick_up_latitude': 32.873055, 'pick_up_longitude': -117.215935, 'pick_up_time': '10:00'}}
2025-07-22 02:46:45,623 - evaluation_logger_Car-Rental-50 - INFO - Rule-based compare success.
2025-07-22 02:46:45,623 - evaluation_logger_Car-Rental-50 - INFO - Success matched: [{'name': 'Search_Car_Rentals', 'arguments': {'drop_off_date': '2024-11-01', 'drop_off_latitude': 32.873055, 'drop_off_longitude': -117.215935, 'drop_off_time': '10:00', 'pick_up_date': '2024-10-31', 'pick_up_latitude': 32.873055, 'pick_up_longitude': -117.215935, 'pick_up_time': '10:00'}}]
2025-07-22 02:46:45,624 - evaluation_logger_Car-Rental-50 - INFO - Start compare_single_call: 
{'name': 'Get_Packages', 'arguments': {'search_key': 'eyJkcml2ZXJzQWdlIjozMCwiZHJvcE9mZkRhdGVUaW1lIjoiMjAyNC0xMS0wMVQxMDowMDowMCIsImRyb3BPZmZMb2NhdGlvbiI6IjMyLjg3MzA1NSwtMTE3LjIxNTkzNSIsImRyb3BPZmZMb2NhdGlvblR5cGUiOiJMQVRMT05HIiwicGlja1VwRGF0ZVRpbWUiOiIyMDI0LTEwLTMxVDEwOjAwOjAwIiwicGlja1VwTG9jYXRpb24iOiIzMi44NzMwNTUsLTExNy4yMTU5MzUiLCJwaWNrVXBMb2NhdGlvblR5cGUiOiJMQVRMT05HIiwicmVudGFsRHVyYXRpb25JbkRheXMiOjEsInNlcnZpY2VGZWF0dXJlcyI6WyJOT19PUEFRVUVTIiwiU1VQUkVTU19GSVhFRF9QUklDRV9WRUhJQ0xFUyIsIklOQ0xVREVfUFJPRFVDVF9SRUxBVElPTlNISVBTIiwiSU5DTFVERV9FWFRSQVNfQ09OVEFJTklOR19GRUVTIl19', 'vehicle_id': '637318066'}}
{'name': 'Get_Packages', 'arguments': {'search_key': 'eyJkcml2ZXJzQWdlIjozMCwiZHJvcE9mZkRhdGVUaW1lIjoiMjAyNC0xMS0wMVQxMDowMDowMCIsImRyb3BPZmZMb2NhdGlvbiI6IjMyLjg3MzA1NSwtMTE3LjIxNTkzNSIsImRyb3BPZmZMb2NhdGlvblR5cGUiOiJMQVRMT05HIiwicGlja1VwRGF0ZVRpbWUiOiIyMDI0LTEwLTMxVDEwOjAwOjAwIiwicGlja1VwTG9jYXRpb24iOiIzMi44NzMwNTUsLTExNy4yMTU5MzUiLCJwaWNrVXBMb2NhdGlvblR5cGUiOiJMQVRMT05HIiwicmVudGFsRHVyYXRpb25JbkRheXMiOjEsInNlcnZpY2VGZWF0dXJlcyI6WyJOT19PUEFRVUVTIiwiU1VQUkVTU19GSVhFRF9QUklDRV9WRUhJQ0xFUyIsIklOQ0xVREVfUFJPRFVDVF9SRUxBVElPTlNISVBTIiwiSU5DTFVERV9FWFRSQVNfQ09OVEFJTklOR19GRUVTIl19', 'vehicle_id': '637318066'}}
2025-07-22 02:46:45,624 - evaluation_logger_Car-Rental-50 - INFO - Rule-based compare success.
2025-07-22 02:46:45,624 - evaluation_logger_Car-Rental-50 - INFO - Success matched: [{'name': 'Get_Packages', 'arguments': {'search_key': 'eyJkcml2ZXJzQWdlIjozMCwiZHJvcE9mZkRhdGVUaW1lIjoiMjAyNC0xMS0wMVQxMDowMDowMCIsImRyb3BPZmZMb2NhdGlvbiI6IjMyLjg3MzA1NSwtMTE3LjIxNTkzNSIsImRyb3BPZmZMb2NhdGlvblR5cGUiOiJMQVRMT05HIiwicGlja1VwRGF0ZVRpbWUiOiIyMDI0LTEwLTMxVDEwOjAwOjAwIiwicGlja1VwTG9jYXRpb24iOiIzMi44NzMwNTUsLTExNy4yMTU5MzUiLCJwaWNrVXBMb2NhdGlvblR5cGUiOiJMQVRMT05HIiwicmVudGFsRHVyYXRpb25JbkRheXMiOjEsInNlcnZpY2VGZWF0dXJlcyI6WyJOT19PUEFRVUVTIiwiU1VQUkVTU19GSVhFRF9QUklDRV9WRUhJQ0xFUyIsIklOQ0xVREVfUFJPRFVDVF9SRUxBVElPTlNISVBTIiwiSU5DTFVERV9FWFRSQVNfQ09OVEFJTklOR19GRUVTIl19', 'vehicle_id': '637318066'}}]
