2025-07-22 02:48:43,741 - evaluation_logger_Car-Rental-70 - INFO - Test Example Car-Rental-70
2025-07-22 02:48:43,741 - evaluation_logger_Car-Rental-70 - INFO - Query: My friend is planning to rent a car at Zurich Airport at 11 o'clock in the morning on November 25th, 2024, and return it in Geneva at 2 pm on November 30th. Could you help her look up the detailed information about the supplier, reviews, and the prices of the insurance packages?
2025-07-22 02:50:45,151 - evaluation_logger_Car-Rental-70 - INFO - Start compare_single_call: 
{'name': 'Search_Car_Location', 'arguments': {'query': 'Zurich Airport'}}
{'name': 'Search_Car_Location', 'arguments': {'query': 'Zurich Airport'}}
2025-07-22 02:50:45,152 - evaluation_logger_Car-Rental-70 - INFO - Rule-based compare success.
2025-07-22 02:50:45,152 - evaluation_logger_Car-Rental-70 - INFO - Success matched: [{'name': 'Search_Car_Location', 'arguments': {'query': 'Zurich Airport'}}]
2025-07-22 02:50:45,153 - evaluation_logger_Car-Rental-70 - INFO - Start compare_single_call: 
{'name': 'Search_Car_Location', 'arguments': {'query': 'Geneva'}}
{'name': 'Search_Car_Location', 'arguments': {'query': 'Geneva'}}
2025-07-22 02:50:45,153 - evaluation_logger_Car-Rental-70 - INFO - Rule-based compare success.
2025-07-22 02:50:45,153 - evaluation_logger_Car-Rental-70 - INFO - Success matched: [{'name': 'Search_Car_Location', 'arguments': {'query': 'Geneva'}}]
2025-07-22 02:50:45,154 - evaluation_logger_Car-Rental-70 - INFO - Start compare_single_call: 
{'name': 'Search_Car_Rentals', 'arguments': {'drop_off_date': '2024-11-30', 'drop_off_latitude': 46.207947, 'drop_off_longitude': 6.145799, 'drop_off_time': '14:00', 'pick_up_date': '2024-11-25', 'pick_up_latitude': 47.4519, 'pick_up_longitude': 8.56281, 'pick_up_time': '11:00'}}
{'name': 'Search_Car_Rentals', 'arguments': {'drop_off_date': '2024-11-30', 'drop_off_latitude': 46.207947, 'drop_off_longitude': 6.145799, 'drop_off_time': '14:00', 'pick_up_date': '2024-11-25', 'pick_up_latitude': 47.4519, 'pick_up_longitude': 8.56281, 'pick_up_time': '11:00'}}
2025-07-22 02:50:45,154 - evaluation_logger_Car-Rental-70 - INFO - Rule-based compare success.
2025-07-22 02:50:45,154 - evaluation_logger_Car-Rental-70 - INFO - Success matched: [{'name': 'Search_Car_Rentals', 'arguments': {'drop_off_date': '2024-11-30', 'drop_off_latitude': 46.207947, 'drop_off_longitude': 6.145799, 'drop_off_time': '14:00', 'pick_up_date': '2024-11-25', 'pick_up_latitude': 47.4519, 'pick_up_longitude': 8.56281, 'pick_up_time': '11:00'}}]
2025-07-22 02:51:52,740 - evaluation_logger_Car-Rental-70 - INFO - Start compare_single_call: 
{'name': 'Search_Car_Location', 'arguments': {'query': 'Zurich Airport'}}
{'name': 'Search_Car_Location', 'arguments': {'query': 'Zurich Airport'}}
2025-07-22 02:51:52,741 - evaluation_logger_Car-Rental-70 - INFO - Rule-based compare success.
2025-07-22 02:51:52,741 - evaluation_logger_Car-Rental-70 - INFO - Success matched: [{'name': 'Search_Car_Location', 'arguments': {'query': 'Zurich Airport'}}]
2025-07-22 02:51:52,741 - evaluation_logger_Car-Rental-70 - INFO - Start compare_single_call: 
{'name': 'Search_Car_Location', 'arguments': {'query': 'Geneva'}}
{'name': 'Search_Car_Location', 'arguments': {'query': 'Geneva'}}
2025-07-22 02:51:52,742 - evaluation_logger_Car-Rental-70 - INFO - Rule-based compare success.
2025-07-22 02:51:52,742 - evaluation_logger_Car-Rental-70 - INFO - Success matched: [{'name': 'Search_Car_Location', 'arguments': {'query': 'Geneva'}}]
2025-07-22 02:51:52,743 - evaluation_logger_Car-Rental-70 - INFO - Start compare_single_call: 
{'name': 'Search_Car_Rentals', 'arguments': {'drop_off_date': '2024-11-30', 'drop_off_latitude': 46.207947, 'drop_off_longitude': 6.145799, 'drop_off_time': '14:00', 'pick_up_date': '2024-11-25', 'pick_up_latitude': 47.4519, 'pick_up_longitude': 8.56281, 'pick_up_time': '11:00'}}
{'name': 'Search_Car_Rentals', 'arguments': {'drop_off_date': '2024-11-30', 'drop_off_latitude': 46.207947, 'drop_off_longitude': 6.145799, 'drop_off_time': '14:00', 'pick_up_date': '2024-11-25', 'pick_up_latitude': 47.4519, 'pick_up_longitude': 8.56281, 'pick_up_time': '11:00'}}
2025-07-22 02:51:52,743 - evaluation_logger_Car-Rental-70 - INFO - Rule-based compare success.
2025-07-22 02:51:52,743 - evaluation_logger_Car-Rental-70 - INFO - Success matched: [{'name': 'Search_Car_Rentals', 'arguments': {'drop_off_date': '2024-11-30', 'drop_off_latitude': 46.207947, 'drop_off_longitude': 6.145799, 'drop_off_time': '14:00', 'pick_up_date': '2024-11-25', 'pick_up_latitude': 47.4519, 'pick_up_longitude': 8.56281, 'pick_up_time': '11:00'}}]
2025-07-22 02:51:52,744 - evaluation_logger_Car-Rental-70 - INFO - Start compare_single_call: 
{'name': 'Get_Packages', 'arguments': {'search_key': 'eyJkcml2ZXJzQWdlIjozMCwiZHJvcE9mZkRhdGVUaW1lIjoiMjAyNC0xMS0zMFQxNDowMDowMCIsImRyb3BPZmZMb2NhdGlvbiI6IjQ2LjIwNzk0Nyw2LjE0NTc5OSIsImRyb3BPZmZMb2NhdGlvblR5cGUiOiJMQVRMT05HIiwicGlja1VwRGF0ZVRpbWUiOiIyMDI0LTExLTI1VDExOjAwOjAwIiwicGlja1VwTG9jYXRpb24iOiI0Ny40NTE5LDguNTYyODEiLCJwaWNrVXBMb2NhdGlvblR5cGUiOiJMQVRMT05HIiwicmVudGFsRHVyYXRpb25JbkRheXMiOjYsInNlcnZpY2VGZWF0dXJlcyI6WyJOT19PUEFRVUVTIiwiU1VQUkVTU19GSVhFRF9QUklDRV9WRUhJQ0xFUyIsIklOQ0xVREVfUFJPRFVDVF9SRUxBVElPTlNISVBTIiwiSU5DTFVERV9FWFRSQVNfQ09OVEFJTklOR19GRUVTIl19', 'vehicle_id': '755355561'}}
{'name': 'Get_Packages', 'arguments': {'search_key': 'eyJkcml2ZXJzQWdlIjozMCwiZHJvcE9mZkRhdGVUaW1lIjoiMjAyNC0xMS0zMFQxNDowMDowMCIsImRyb3BPZmZMb2NhdGlvbiI6IjQ2LjIwNzk0Nyw2LjE0NTc5OSIsImRyb3BPZmZMb2NhdGlvblR5cGUiOiJMQVRMT05HIiwicGlja1VwRGF0ZVRpbWUiOiIyMDI0LTExLTI1VDExOjAwOjAwIiwicGlja1VwTG9jYXRpb24iOiI0Ny40NTE5LDguNTYyODEiLCJwaWNrVXBMb2NhdGlvblR5cGUiOiJMQVRMT05HIiwicmVudGFsRHVyYXRpb25JbkRheXMiOjYsInNlcnZpY2VGZWF0dXJlcyI6WyJOT19PUEFRVUVTIiwiU1VQUkVTU19GSVhFRF9QUklDRV9WRUhJQ0xFUyIsIklOQ0xVREVfUFJPRFVDVF9SRUxBVElPTlNISVBTIiwiSU5DTFVERV9FWFRSQVNfQ09OVEFJTklOR19GRUVTIl19', 'vehicle_id': '755355561'}}
2025-07-22 02:51:52,744 - evaluation_logger_Car-Rental-70 - INFO - Rule-based compare success.
2025-07-22 02:51:52,744 - evaluation_logger_Car-Rental-70 - INFO - Success matched: [{'name': 'Get_Packages', 'arguments': {'search_key': 'eyJkcml2ZXJzQWdlIjozMCwiZHJvcE9mZkRhdGVUaW1lIjoiMjAyNC0xMS0zMFQxNDowMDowMCIsImRyb3BPZmZMb2NhdGlvbiI6IjQ2LjIwNzk0Nyw2LjE0NTc5OSIsImRyb3BPZmZMb2NhdGlvblR5cGUiOiJMQVRMT05HIiwicGlja1VwRGF0ZVRpbWUiOiIyMDI0LTExLTI1VDExOjAwOjAwIiwicGlja1VwTG9jYXRpb24iOiI0Ny40NTE5LDguNTYyODEiLCJwaWNrVXBMb2NhdGlvblR5cGUiOiJMQVRMT05HIiwicmVudGFsRHVyYXRpb25JbkRheXMiOjYsInNlcnZpY2VGZWF0dXJlcyI6WyJOT19PUEFRVUVTIiwiU1VQUkVTU19GSVhFRF9QUklDRV9WRUhJQ0xFUyIsIklOQ0xVREVfUFJPRFVDVF9SRUxBVElPTlNISVBTIiwiSU5DTFVERV9FWFRSQVNfQ09OVEFJTklOR19GRUVTIl19', 'vehicle_id': '755355561'}}]
2025-07-22 02:51:52,745 - evaluation_logger_Car-Rental-70 - INFO - Start compare_single_call: 
{'name': 'Vehicle_Supplier_Details', 'arguments': {'search_key': 'eyJkcml2ZXJzQWdlIjozMCwiZHJvcE9mZkRhdGVUaW1lIjoiMjAyNC0xMS0zMFQxNDowMDowMCIsImRyb3BPZmZMb2NhdGlvbiI6IjQ2LjIwNzk0Nyw2LjE0NTc5OSIsImRyb3BPZmZMb2NhdGlvblR5cGUiOiJMQVRMT05HIiwicGlja1VwRGF0ZVRpbWUiOiIyMDI0LTExLTI1VDExOjAwOjAwIiwicGlja1VwTG9jYXRpb24iOiI0Ny40NTE5LDguNTYyODEiLCJwaWNrVXBMb2NhdGlvblR5cGUiOiJMQVRMT05HIiwicmVudGFsRHVyYXRpb25JbkRheXMiOjYsInNlcnZpY2VGZWF0dXJlcyI6WyJOT19PUEFRVUVTIiwiU1VQUkVTU19GSVhFRF9QUklDRV9WRUhJQ0xFUyIsIklOQ0xVREVfUFJPRFVDVF9SRUxBVElPTlNISVBTIiwiSU5DTFVERV9FWFRSQVNfQ09OVEFJTklOR19GRUVTIl19', 'vehicle_id': '755355561'}}
{'name': 'Vehicle_Supplier_Details', 'arguments': {'search_key': 'eyJkcml2ZXJzQWdlIjozMCwiZHJvcE9mZkRhdGVUaW1lIjoiMjAyNC0xMS0zMFQxNDowMDowMCIsImRyb3BPZmZMb2NhdGlvbiI6IjQ2LjIwNzk0Nyw2LjE0NTc5OSIsImRyb3BPZmZMb2NhdGlvblR5cGUiOiJMQVRMT05HIiwicGlja1VwRGF0ZVRpbWUiOiIyMDI0LTExLTI1VDExOjAwOjAwIiwicGlja1VwTG9jYXRpb24iOiI0Ny40NTE5LDguNTYyODEiLCJwaWNrVXBMb2NhdGlvblR5cGUiOiJMQVRMT05HIiwicmVudGFsRHVyYXRpb25JbkRheXMiOjYsInNlcnZpY2VGZWF0dXJlcyI6WyJOT19PUEFRVUVTIiwiU1VQUkVTU19GSVhFRF9QUklDRV9WRUhJQ0xFUyIsIklOQ0xVREVfUFJPRFVDVF9SRUxBVElPTlNISVBTIiwiSU5DTFVERV9FWFRSQVNfQ09OVEFJTklOR19GRUVTIl19', 'vehicle_id': '755355561'}}
2025-07-22 02:51:52,745 - evaluation_logger_Car-Rental-70 - INFO - Rule-based compare success.
2025-07-22 02:51:52,745 - evaluation_logger_Car-Rental-70 - INFO - Success matched: [{'name': 'Vehicle_Supplier_Details', 'arguments': {'search_key': 'eyJkcml2ZXJzQWdlIjozMCwiZHJvcE9mZkRhdGVUaW1lIjoiMjAyNC0xMS0zMFQxNDowMDowMCIsImRyb3BPZmZMb2NhdGlvbiI6IjQ2LjIwNzk0Nyw2LjE0NTc5OSIsImRyb3BPZmZMb2NhdGlvblR5cGUiOiJMQVRMT05HIiwicGlja1VwRGF0ZVRpbWUiOiIyMDI0LTExLTI1VDExOjAwOjAwIiwicGlja1VwTG9jYXRpb24iOiI0Ny40NTE5LDguNTYyODEiLCJwaWNrVXBMb2NhdGlvblR5cGUiOiJMQVRMT05HIiwicmVudGFsRHVyYXRpb25JbkRheXMiOjYsInNlcnZpY2VGZWF0dXJlcyI6WyJOT19PUEFRVUVTIiwiU1VQUkVTU19GSVhFRF9QUklDRV9WRUhJQ0xFUyIsIklOQ0xVREVfUFJPRFVDVF9SRUxBVElPTlNISVBTIiwiSU5DTFVERV9FWFRSQVNfQ09OVEFJTklOR19GRUVTIl19', 'vehicle_id': '755355561'}}]
2025-07-22 02:52:54,504 - evaluation_logger_Car-Rental-70 - INFO - Start compare_single_call: 
{'name': 'Search_Car_Location', 'arguments': {'query': 'Zurich Airport'}}
{'name': 'Search_Car_Location', 'arguments': {'query': 'Zurich Airport'}}
2025-07-22 02:52:54,504 - evaluation_logger_Car-Rental-70 - INFO - Rule-based compare success.
2025-07-22 02:52:54,504 - evaluation_logger_Car-Rental-70 - INFO - Success matched: [{'name': 'Search_Car_Location', 'arguments': {'query': 'Zurich Airport'}}]
2025-07-22 02:52:54,505 - evaluation_logger_Car-Rental-70 - INFO - Start compare_single_call: 
{'name': 'Search_Car_Location', 'arguments': {'query': 'Geneva'}}
{'name': 'Search_Car_Location', 'arguments': {'query': 'Geneva'}}
2025-07-22 02:52:54,505 - evaluation_logger_Car-Rental-70 - INFO - Rule-based compare success.
2025-07-22 02:52:54,505 - evaluation_logger_Car-Rental-70 - INFO - Success matched: [{'name': 'Search_Car_Location', 'arguments': {'query': 'Geneva'}}]
2025-07-22 02:52:54,506 - evaluation_logger_Car-Rental-70 - INFO - Start compare_single_call: 
{'name': 'Search_Car_Rentals', 'arguments': {'drop_off_date': '2024-11-30', 'drop_off_latitude': 46.207947, 'drop_off_longitude': 6.145799, 'drop_off_time': '14:00', 'pick_up_date': '2024-11-25', 'pick_up_latitude': 47.4519, 'pick_up_longitude': 8.56281, 'pick_up_time': '11:00'}}
{'name': 'Search_Car_Rentals', 'arguments': {'drop_off_date': '2024-11-30', 'drop_off_latitude': 46.207947, 'drop_off_longitude': 6.145799, 'drop_off_time': '14:00', 'pick_up_date': '2024-11-25', 'pick_up_latitude': 47.4519, 'pick_up_longitude': 8.56281, 'pick_up_time': '11:00'}}
2025-07-22 02:52:54,506 - evaluation_logger_Car-Rental-70 - INFO - Rule-based compare success.
2025-07-22 02:52:54,506 - evaluation_logger_Car-Rental-70 - INFO - Success matched: [{'name': 'Search_Car_Rentals', 'arguments': {'drop_off_date': '2024-11-30', 'drop_off_latitude': 46.207947, 'drop_off_longitude': 6.145799, 'drop_off_time': '14:00', 'pick_up_date': '2024-11-25', 'pick_up_latitude': 47.4519, 'pick_up_longitude': 8.56281, 'pick_up_time': '11:00'}}]
2025-07-22 02:52:54,506 - evaluation_logger_Car-Rental-70 - INFO - Start compare_single_call: 
{'name': 'Get_Packages', 'arguments': {'search_key': 'eyJkcml2ZXJzQWdlIjozMCwiZHJvcE9mZkRhdGVUaW1lIjoiMjAyNC0xMS0zMFQxNDowMDowMCIsImRyb3BPZmZMb2NhdGlvbiI6IjQ2LjIwNzk0Nyw2LjE0NTc5OSIsImRyb3BPZmZMb2NhdGlvblR5cGUiOiJMQVRMT05HIiwicGlja1VwRGF0ZVRpbWUiOiIyMDI0LTExLTI1VDExOjAwOjAwIiwicGlja1VwTG9jYXRpb24iOiI0Ny40NTE5LDguNTYyODEiLCJwaWNrVXBMb2NhdGlvblR5cGUiOiJMQVRMT05HIiwicmVudGFsRHVyYXRpb25JbkRheXMiOjYsInNlcnZpY2VGZWF0dXJlcyI6WyJOT19PUEFRVUVTIiwiU1VQUkVTU19GSVhFRF9QUklDRV9WRUhJQ0xFUyIsIklOQ0xVREVfUFJPRFVDVF9SRUxBVElPTlNISVBTIiwiSU5DTFVERV9FWFRSQVNfQ09OVEFJTklOR19GRUVTIl19', 'vehicle_id': '755355561'}}
{'name': 'Get_Packages', 'arguments': {'search_key': 'eyJkcml2ZXJzQWdlIjozMCwiZHJvcE9mZkRhdGVUaW1lIjoiMjAyNC0xMS0zMFQxNDowMDowMCIsImRyb3BPZmZMb2NhdGlvbiI6IjQ2LjIwNzk0Nyw2LjE0NTc5OSIsImRyb3BPZmZMb2NhdGlvblR5cGUiOiJMQVRMT05HIiwicGlja1VwRGF0ZVRpbWUiOiIyMDI0LTExLTI1VDExOjAwOjAwIiwicGlja1VwTG9jYXRpb24iOiI0Ny40NTE5LDguNTYyODEiLCJwaWNrVXBMb2NhdGlvblR5cGUiOiJMQVRMT05HIiwicmVudGFsRHVyYXRpb25JbkRheXMiOjYsInNlcnZpY2VGZWF0dXJlcyI6WyJOT19PUEFRVUVTIiwiU1VQUkVTU19GSVhFRF9QUklDRV9WRUhJQ0xFUyIsIklOQ0xVREVfUFJPRFVDVF9SRUxBVElPTlNISVBTIiwiSU5DTFVERV9FWFRSQVNfQ09OVEFJTklOR19GRUVTIl19', 'vehicle_id': '755355561'}}
2025-07-22 02:52:54,507 - evaluation_logger_Car-Rental-70 - INFO - Rule-based compare success.
2025-07-22 02:52:54,507 - evaluation_logger_Car-Rental-70 - INFO - Success matched: [{'name': 'Get_Packages', 'arguments': {'search_key': 'eyJkcml2ZXJzQWdlIjozMCwiZHJvcE9mZkRhdGVUaW1lIjoiMjAyNC0xMS0zMFQxNDowMDowMCIsImRyb3BPZmZMb2NhdGlvbiI6IjQ2LjIwNzk0Nyw2LjE0NTc5OSIsImRyb3BPZmZMb2NhdGlvblR5cGUiOiJMQVRMT05HIiwicGlja1VwRGF0ZVRpbWUiOiIyMDI0LTExLTI1VDExOjAwOjAwIiwicGlja1VwTG9jYXRpb24iOiI0Ny40NTE5LDguNTYyODEiLCJwaWNrVXBMb2NhdGlvblR5cGUiOiJMQVRMT05HIiwicmVudGFsRHVyYXRpb25JbkRheXMiOjYsInNlcnZpY2VGZWF0dXJlcyI6WyJOT19PUEFRVUVTIiwiU1VQUkVTU19GSVhFRF9QUklDRV9WRUhJQ0xFUyIsIklOQ0xVREVfUFJPRFVDVF9SRUxBVElPTlNISVBTIiwiSU5DTFVERV9FWFRSQVNfQ09OVEFJTklOR19GRUVTIl19', 'vehicle_id': '755355561'}}]
2025-07-22 02:52:54,507 - evaluation_logger_Car-Rental-70 - INFO - Start compare_single_call: 
{'name': 'Vehicle_Supplier_Details', 'arguments': {'search_key': 'eyJkcml2ZXJzQWdlIjozMCwiZHJvcE9mZkRhdGVUaW1lIjoiMjAyNC0xMS0zMFQxNDowMDowMCIsImRyb3BPZmZMb2NhdGlvbiI6IjQ2LjIwNzk0Nyw2LjE0NTc5OSIsImRyb3BPZmZMb2NhdGlvblR5cGUiOiJMQVRMT05HIiwicGlja1VwRGF0ZVRpbWUiOiIyMDI0LTExLTI1VDExOjAwOjAwIiwicGlja1VwTG9jYXRpb24iOiI0Ny40NTE5LDguNTYyODEiLCJwaWNrVXBMb2NhdGlvblR5cGUiOiJMQVRMT05HIiwicmVudGFsRHVyYXRpb25JbkRheXMiOjYsInNlcnZpY2VGZWF0dXJlcyI6WyJOT19PUEFRVUVTIiwiU1VQUkVTU19GSVhFRF9QUklDRV9WRUhJQ0xFUyIsIklOQ0xVREVfUFJPRFVDVF9SRUxBVElPTlNISVBTIiwiSU5DTFVERV9FWFRSQVNfQ09OVEFJTklOR19GRUVTIl19', 'vehicle_id': '755355561'}}
{'name': 'Vehicle_Supplier_Details', 'arguments': {'search_key': 'eyJkcml2ZXJzQWdlIjozMCwiZHJvcE9mZkRhdGVUaW1lIjoiMjAyNC0xMS0zMFQxNDowMDowMCIsImRyb3BPZmZMb2NhdGlvbiI6IjQ2LjIwNzk0Nyw2LjE0NTc5OSIsImRyb3BPZmZMb2NhdGlvblR5cGUiOiJMQVRMT05HIiwicGlja1VwRGF0ZVRpbWUiOiIyMDI0LTExLTI1VDExOjAwOjAwIiwicGlja1VwTG9jYXRpb24iOiI0Ny40NTE5LDguNTYyODEiLCJwaWNrVXBMb2NhdGlvblR5cGUiOiJMQVRMT05HIiwicmVudGFsRHVyYXRpb25JbkRheXMiOjYsInNlcnZpY2VGZWF0dXJlcyI6WyJOT19PUEFRVUVTIiwiU1VQUkVTU19GSVhFRF9QUklDRV9WRUhJQ0xFUyIsIklOQ0xVREVfUFJPRFVDVF9SRUxBVElPTlNISVBTIiwiSU5DTFVERV9FWFRSQVNfQ09OVEFJTklOR19GRUVTIl19', 'vehicle_id': '755355561'}}
2025-07-22 02:52:54,507 - evaluation_logger_Car-Rental-70 - INFO - Rule-based compare success.
2025-07-22 02:52:54,507 - evaluation_logger_Car-Rental-70 - INFO - Success matched: [{'name': 'Vehicle_Supplier_Details', 'arguments': {'search_key': 'eyJkcml2ZXJzQWdlIjozMCwiZHJvcE9mZkRhdGVUaW1lIjoiMjAyNC0xMS0zMFQxNDowMDowMCIsImRyb3BPZmZMb2NhdGlvbiI6IjQ2LjIwNzk0Nyw2LjE0NTc5OSIsImRyb3BPZmZMb2NhdGlvblR5cGUiOiJMQVRMT05HIiwicGlja1VwRGF0ZVRpbWUiOiIyMDI0LTExLTI1VDExOjAwOjAwIiwicGlja1VwTG9jYXRpb24iOiI0Ny40NTE5LDguNTYyODEiLCJwaWNrVXBMb2NhdGlvblR5cGUiOiJMQVRMT05HIiwicmVudGFsRHVyYXRpb25JbkRheXMiOjYsInNlcnZpY2VGZWF0dXJlcyI6WyJOT19PUEFRVUVTIiwiU1VQUkVTU19GSVhFRF9QUklDRV9WRUhJQ0xFUyIsIklOQ0xVREVfUFJPRFVDVF9SRUxBVElPTlNISVBTIiwiSU5DTFVERV9FWFRSQVNfQ09OVEFJTklOR19GRUVTIl19', 'vehicle_id': '755355561'}}]
2025-07-22 02:54:03,079 - evaluation_logger_Car-Rental-70 - INFO - Start compare_single_call: 
{'name': 'Search_Car_Location', 'arguments': {'query': 'Zurich Airport'}}
{'name': 'Search_Car_Location', 'arguments': {'query': 'Zurich Airport'}}
2025-07-22 02:54:03,080 - evaluation_logger_Car-Rental-70 - INFO - Rule-based compare success.
2025-07-22 02:54:03,080 - evaluation_logger_Car-Rental-70 - INFO - Success matched: [{'name': 'Search_Car_Location', 'arguments': {'query': 'Zurich Airport'}}]
2025-07-22 02:54:03,080 - evaluation_logger_Car-Rental-70 - INFO - Start compare_single_call: 
{'name': 'Search_Car_Location', 'arguments': {'query': 'Geneva'}}
{'name': 'Search_Car_Location', 'arguments': {'query': 'Geneva'}}
2025-07-22 02:54:03,081 - evaluation_logger_Car-Rental-70 - INFO - Rule-based compare success.
2025-07-22 02:54:03,081 - evaluation_logger_Car-Rental-70 - INFO - Success matched: [{'name': 'Search_Car_Location', 'arguments': {'query': 'Geneva'}}]
2025-07-22 02:54:03,081 - evaluation_logger_Car-Rental-70 - INFO - Start compare_single_call: 
{'name': 'Search_Car_Rentals', 'arguments': {'drop_off_date': '2024-11-30', 'drop_off_latitude': 46.207947, 'drop_off_longitude': 6.145799, 'drop_off_time': '14:00', 'pick_up_date': '2024-11-25', 'pick_up_latitude': 47.4519, 'pick_up_longitude': 8.56281, 'pick_up_time': '11:00'}}
{'name': 'Search_Car_Rentals', 'arguments': {'drop_off_date': '2024-11-30', 'drop_off_latitude': 46.207947, 'drop_off_longitude': 6.145799, 'drop_off_time': '14:00', 'pick_up_date': '2024-11-25', 'pick_up_latitude': 47.4519, 'pick_up_longitude': 8.56281, 'pick_up_time': '11:00'}}
2025-07-22 02:54:03,081 - evaluation_logger_Car-Rental-70 - INFO - Rule-based compare success.
2025-07-22 02:54:03,082 - evaluation_logger_Car-Rental-70 - INFO - Success matched: [{'name': 'Search_Car_Rentals', 'arguments': {'drop_off_date': '2024-11-30', 'drop_off_latitude': 46.207947, 'drop_off_longitude': 6.145799, 'drop_off_time': '14:00', 'pick_up_date': '2024-11-25', 'pick_up_latitude': 47.4519, 'pick_up_longitude': 8.56281, 'pick_up_time': '11:00'}}]
2025-07-22 02:54:03,082 - evaluation_logger_Car-Rental-70 - INFO - Start compare_single_call: 
{'name': 'Get_Packages', 'arguments': {'search_key': 'eyJkcml2ZXJzQWdlIjozMCwiZHJvcE9mZkRhdGVUaW1lIjoiMjAyNC0xMS0zMFQxNDowMDowMCIsImRyb3BPZmZMb2NhdGlvbiI6IjQ2LjIwNzk0Nyw2LjE0NTc5OSIsImRyb3BPZmZMb2NhdGlvblR5cGUiOiJMQVRMT05HIiwicGlja1VwRGF0ZVRpbWUiOiIyMDI0LTExLTI1VDExOjAwOjAwIiwicGlja1VwTG9jYXRpb24iOiI0Ny40NTE5LDguNTYyODEiLCJwaWNrVXBMb2NhdGlvblR5cGUiOiJMQVRMT05HIiwicmVudGFsRHVyYXRpb25JbkRheXMiOjYsInNlcnZpY2VGZWF0dXJlcyI6WyJOT19PUEFRVUVTIiwiU1VQUkVTU19GSVhFRF9QUklDRV9WRUhJQ0xFUyIsIklOQ0xVREVfUFJPRFVDVF9SRUxBVElPTlNISVBTIiwiSU5DTFVERV9FWFRSQVNfQ09OVEFJTklOR19GRUVTIl19', 'vehicle_id': '755355561'}}
{'name': 'Get_Packages', 'arguments': {'search_key': 'eyJkcml2ZXJzQWdlIjozMCwiZHJvcE9mZkRhdGVUaW1lIjoiMjAyNC0xMS0zMFQxNDowMDowMCIsImRyb3BPZmZMb2NhdGlvbiI6IjQ2LjIwNzk0Nyw2LjE0NTc5OSIsImRyb3BPZmZMb2NhdGlvblR5cGUiOiJMQVRMT05HIiwicGlja1VwRGF0ZVRpbWUiOiIyMDI0LTExLTI1VDExOjAwOjAwIiwicGlja1VwTG9jYXRpb24iOiI0Ny40NTE5LDguNTYyODEiLCJwaWNrVXBMb2NhdGlvblR5cGUiOiJMQVRMT05HIiwicmVudGFsRHVyYXRpb25JbkRheXMiOjYsInNlcnZpY2VGZWF0dXJlcyI6WyJOT19PUEFRVUVTIiwiU1VQUkVTU19GSVhFRF9QUklDRV9WRUhJQ0xFUyIsIklOQ0xVREVfUFJPRFVDVF9SRUxBVElPTlNISVBTIiwiSU5DTFVERV9FWFRSQVNfQ09OVEFJTklOR19GRUVTIl19', 'vehicle_id': '755355561'}}
2025-07-22 02:54:03,082 - evaluation_logger_Car-Rental-70 - INFO - Rule-based compare success.
2025-07-22 02:54:03,082 - evaluation_logger_Car-Rental-70 - INFO - Success matched: [{'name': 'Get_Packages', 'arguments': {'search_key': 'eyJkcml2ZXJzQWdlIjozMCwiZHJvcE9mZkRhdGVUaW1lIjoiMjAyNC0xMS0zMFQxNDowMDowMCIsImRyb3BPZmZMb2NhdGlvbiI6IjQ2LjIwNzk0Nyw2LjE0NTc5OSIsImRyb3BPZmZMb2NhdGlvblR5cGUiOiJMQVRMT05HIiwicGlja1VwRGF0ZVRpbWUiOiIyMDI0LTExLTI1VDExOjAwOjAwIiwicGlja1VwTG9jYXRpb24iOiI0Ny40NTE5LDguNTYyODEiLCJwaWNrVXBMb2NhdGlvblR5cGUiOiJMQVRMT05HIiwicmVudGFsRHVyYXRpb25JbkRheXMiOjYsInNlcnZpY2VGZWF0dXJlcyI6WyJOT19PUEFRVUVTIiwiU1VQUkVTU19GSVhFRF9QUklDRV9WRUhJQ0xFUyIsIklOQ0xVREVfUFJPRFVDVF9SRUxBVElPTlNISVBTIiwiSU5DTFVERV9FWFRSQVNfQ09OVEFJTklOR19GRUVTIl19', 'vehicle_id': '755355561'}}]
2025-07-22 02:54:03,083 - evaluation_logger_Car-Rental-70 - INFO - Start compare_single_call: 
{'name': 'Vehicle_Supplier_Details', 'arguments': {'search_key': 'eyJkcml2ZXJzQWdlIjozMCwiZHJvcE9mZkRhdGVUaW1lIjoiMjAyNC0xMS0zMFQxNDowMDowMCIsImRyb3BPZmZMb2NhdGlvbiI6IjQ2LjIwNzk0Nyw2LjE0NTc5OSIsImRyb3BPZmZMb2NhdGlvblR5cGUiOiJMQVRMT05HIiwicGlja1VwRGF0ZVRpbWUiOiIyMDI0LTExLTI1VDExOjAwOjAwIiwicGlja1VwTG9jYXRpb24iOiI0Ny40NTE5LDguNTYyODEiLCJwaWNrVXBMb2NhdGlvblR5cGUiOiJMQVRMT05HIiwicmVudGFsRHVyYXRpb25JbkRheXMiOjYsInNlcnZpY2VGZWF0dXJlcyI6WyJOT19PUEFRVUVTIiwiU1VQUkVTU19GSVhFRF9QUklDRV9WRUhJQ0xFUyIsIklOQ0xVREVfUFJPRFVDVF9SRUxBVElPTlNISVBTIiwiSU5DTFVERV9FWFRSQVNfQ09OVEFJTklOR19GRUVTIl19', 'vehicle_id': '755355561'}}
{'name': 'Vehicle_Supplier_Details', 'arguments': {'search_key': 'eyJkcml2ZXJzQWdlIjozMCwiZHJvcE9mZkRhdGVUaW1lIjoiMjAyNC0xMS0zMFQxNDowMDowMCIsImRyb3BPZmZMb2NhdGlvbiI6IjQ2LjIwNzk0Nyw2LjE0NTc5OSIsImRyb3BPZmZMb2NhdGlvblR5cGUiOiJMQVRMT05HIiwicGlja1VwRGF0ZVRpbWUiOiIyMDI0LTExLTI1VDExOjAwOjAwIiwicGlja1VwTG9jYXRpb24iOiI0Ny40NTE5LDguNTYyODEiLCJwaWNrVXBMb2NhdGlvblR5cGUiOiJMQVRMT05HIiwicmVudGFsRHVyYXRpb25JbkRheXMiOjYsInNlcnZpY2VGZWF0dXJlcyI6WyJOT19PUEFRVUVTIiwiU1VQUkVTU19GSVhFRF9QUklDRV9WRUhJQ0xFUyIsIklOQ0xVREVfUFJPRFVDVF9SRUxBVElPTlNISVBTIiwiSU5DTFVERV9FWFRSQVNfQ09OVEFJTklOR19GRUVTIl19', 'vehicle_id': '755355561'}}
2025-07-22 02:54:03,083 - evaluation_logger_Car-Rental-70 - INFO - Rule-based compare success.
2025-07-22 02:54:03,083 - evaluation_logger_Car-Rental-70 - INFO - Success matched: [{'name': 'Vehicle_Supplier_Details', 'arguments': {'search_key': 'eyJkcml2ZXJzQWdlIjozMCwiZHJvcE9mZkRhdGVUaW1lIjoiMjAyNC0xMS0zMFQxNDowMDowMCIsImRyb3BPZmZMb2NhdGlvbiI6IjQ2LjIwNzk0Nyw2LjE0NTc5OSIsImRyb3BPZmZMb2NhdGlvblR5cGUiOiJMQVRMT05HIiwicGlja1VwRGF0ZVRpbWUiOiIyMDI0LTExLTI1VDExOjAwOjAwIiwicGlja1VwTG9jYXRpb24iOiI0Ny40NTE5LDguNTYyODEiLCJwaWNrVXBMb2NhdGlvblR5cGUiOiJMQVRMT05HIiwicmVudGFsRHVyYXRpb25JbkRheXMiOjYsInNlcnZpY2VGZWF0dXJlcyI6WyJOT19PUEFRVUVTIiwiU1VQUkVTU19GSVhFRF9QUklDRV9WRUhJQ0xFUyIsIklOQ0xVREVfUFJPRFVDVF9SRUxBVElPTlNISVBTIiwiSU5DTFVERV9FWFRSQVNfQ09OVEFJTklOR19GRUVTIl19', 'vehicle_id': '755355561'}}]
2025-07-22 02:54:26,358 - evaluation_logger_Car-Rental-70 - ERROR - 'questions'
