2025-07-22 02:31:24,540 - evaluation_logger_Car-Rental-40 - INFO - Test Example Car-Rental-40
2025-07-22 02:31:24,540 - evaluation_logger_Car-Rental-40 - INFO - Query: I need to rent a car at Toronto Pearson International Airport at 10:00 on September 20th, 2024 and return it at the same place at 18:00 on September 25th, 2024. Provide the booking summary of all the vehicles that meet the conditions for reimbursement.
2025-07-22 02:32:25,669 - evaluation_logger_Car-Rental-40 - INFO - Start compare_single_call: 
{'name': 'Search_Car_Location', 'arguments': {'query': 'Toronto Pearson International Airport'}}
{'name': 'Search_Car_Location', 'arguments': {'query': 'Toronto Pearson International Airport'}}
2025-07-22 02:32:25,669 - evaluation_logger_Car-Rental-40 - INFO - Rule-based compare success.
2025-07-22 02:32:25,669 - evaluation_logger_Car-Rental-40 - INFO - Success matched: [{'name': 'Search_Car_Location', 'arguments': {'query': 'Toronto Pearson International Airport'}}]
2025-07-22 02:33:07,029 - evaluation_logger_Car-Rental-40 - INFO - Start compare_single_call: 
{'name': 'Search_Car_Location', 'arguments': {'query': 'Toronto Pearson International Airport'}}
{'name': 'Search_Car_Location', 'arguments': {'query': 'Toronto Pearson International Airport'}}
2025-07-22 02:33:07,029 - evaluation_logger_Car-Rental-40 - INFO - Rule-based compare success.
2025-07-22 02:33:07,029 - evaluation_logger_Car-Rental-40 - INFO - Success matched: [{'name': 'Search_Car_Location', 'arguments': {'query': 'Toronto Pearson International Airport'}}]
2025-07-22 02:34:12,363 - evaluation_logger_Car-Rental-40 - INFO - Start compare_single_call: 
{'name': 'Search_Car_Location', 'arguments': {'query': 'Toronto Pearson International Airport'}}
{'name': 'Search_Car_Location', 'arguments': {'query': 'Toronto Pearson International Airport'}}
2025-07-22 02:34:12,364 - evaluation_logger_Car-Rental-40 - INFO - Rule-based compare success.
2025-07-22 02:34:12,364 - evaluation_logger_Car-Rental-40 - INFO - Success matched: [{'name': 'Search_Car_Location', 'arguments': {'query': 'Toronto Pearson International Airport'}}]
2025-07-22 02:34:12,365 - evaluation_logger_Car-Rental-40 - INFO - Start compare_single_call: 
{'name': 'Search_Car_Rentals', 'arguments': {'drop_off_date': '2024-09-25', 'drop_off_latitude': 43.6831, 'drop_off_longitude': -79.6143, 'drop_off_time': '18:00', 'pick_up_date': '2024-09-20', 'pick_up_latitude': 43.6831, 'pick_up_longitude': -79.6143, 'pick_up_time': '10:00'}}
{'name': 'Search_Car_Rentals', 'arguments': {'drop_off_date': '2024-09-25', 'drop_off_latitude': 43.6831, 'drop_off_longitude': -79.6143, 'drop_off_time': '18:00', 'pick_up_date': '2024-09-20', 'pick_up_latitude': 43.6831, 'pick_up_longitude': -79.6143, 'pick_up_time': '10:00'}}
2025-07-22 02:34:12,365 - evaluation_logger_Car-Rental-40 - INFO - Rule-based compare success.
2025-07-22 02:34:12,365 - evaluation_logger_Car-Rental-40 - INFO - Success matched: [{'name': 'Search_Car_Rentals', 'arguments': {'drop_off_date': '2024-09-25', 'drop_off_latitude': 43.6831, 'drop_off_longitude': -79.6143, 'drop_off_time': '18:00', 'pick_up_date': '2024-09-20', 'pick_up_latitude': 43.6831, 'pick_up_longitude': -79.6143, 'pick_up_time': '10:00'}}]
2025-07-22 02:34:32,184 - evaluation_logger_Car-Rental-40 - ERROR - 'questions'
