2025-07-22 04:11:31,398 - evaluation_logger_Cross-110 - INFO - Test Example Cross-110
2025-07-22 04:11:31,398 - evaluation_logger_Cross-110 - INFO - Query: I'd like to book a hotel within 30 kilometers of the Miami International Airport for one night on November 7, 2024. I also need to reserve a car to be picked up from the hotel at 4 PM the next day and returned at 10 AM on the third day at the airport.
2025-07-22 04:12:53,113 - evaluation_logger_Cross-110 - INFO - Start compare_single_call: 
{'name': 'Location_to_Lat_Long', 'arguments': {'query': 'Miami International Airport'}}
{'name': 'Location_to_Lat_Long', 'arguments': {'query': 'Miami International Airport'}}
2025-07-22 04:12:53,113 - evaluation_logger_Cross-110 - INFO - Rule-based compare success.
2025-07-22 04:12:53,113 - evaluation_logger_Cross-110 - INFO - Success matched: [{'name': 'Location_to_Lat_Long', 'arguments': {'query': 'Miami International Airport'}}]
2025-07-22 04:12:53,713 - evaluation_logger_Cross-110 - INFO - Success matched: []
2025-07-22 04:13:33,824 - evaluation_logger_Cross-110 - INFO - Start compare_single_call: 
{'name': 'Location_to_Lat_Long', 'arguments': {'query': 'Miami International Airport'}}
{'name': 'Location_to_Lat_Long', 'arguments': {'query': 'Miami International Airport'}}
2025-07-22 04:13:33,824 - evaluation_logger_Cross-110 - INFO - Rule-based compare success.
2025-07-22 04:13:33,824 - evaluation_logger_Cross-110 - INFO - Success matched: [{'name': 'Location_to_Lat_Long', 'arguments': {'query': 'Miami International Airport'}}]
2025-07-22 04:13:33,825 - evaluation_logger_Cross-110 - INFO - Start compare_single_call: 
{'name': 'Search_Hotels_By_Coordinates', 'arguments': {'arrival_date': '2024-11-07', 'departure_date': '2024-11-08', 'latitude': '25.7923496', 'longitude': '-80.28230590000001', 'radius': 30}}
{'name': 'Search_Hotels_By_Coordinates', 'arguments': {'arrival_date': '2024-11-07', 'departure_date': '2024-11-08', 'latitude': '25.7923496', 'longitude': '-80.28230590000001', 'radius': 30}}
2025-07-22 04:13:33,825 - evaluation_logger_Cross-110 - INFO - Rule-based compare success.
2025-07-22 04:13:33,825 - evaluation_logger_Cross-110 - INFO - Success matched: [{'name': 'Search_Hotels_By_Coordinates', 'arguments': {'arrival_date': '2024-11-07', 'departure_date': '2024-11-08', 'latitude': '25.7923496', 'longitude': '-80.28230590000001', 'radius': 30}}]
2025-07-22 04:13:34,191 - evaluation_logger_Cross-110 - INFO - Success matched: []
2025-07-22 04:14:28,986 - evaluation_logger_Cross-110 - INFO - Start compare_single_call: 
{'name': 'Location_to_Lat_Long', 'arguments': {'query': 'Miami International Airport'}}
{'name': 'Location_to_Lat_Long', 'arguments': {'query': 'Miami International Airport'}}
2025-07-22 04:14:28,987 - evaluation_logger_Cross-110 - INFO - Rule-based compare success.
2025-07-22 04:14:28,987 - evaluation_logger_Cross-110 - INFO - Success matched: [{'name': 'Location_to_Lat_Long', 'arguments': {'query': 'Miami International Airport'}}]
2025-07-22 04:14:28,988 - evaluation_logger_Cross-110 - INFO - Start compare_single_call: 
{'name': 'Search_Hotels_By_Coordinates', 'arguments': {'arrival_date': '2024-11-07', 'departure_date': '2024-11-08', 'latitude': '25.7923496', 'longitude': '-80.28230590000001', 'radius': 30}}
{'name': 'Search_Hotels_By_Coordinates', 'arguments': {'arrival_date': '2024-11-07', 'departure_date': '2024-11-08', 'latitude': '25.7923496', 'longitude': '-80.28230590000001', 'radius': 30}}
2025-07-22 04:14:28,988 - evaluation_logger_Cross-110 - INFO - Rule-based compare success.
2025-07-22 04:14:28,988 - evaluation_logger_Cross-110 - INFO - Success matched: [{'name': 'Search_Hotels_By_Coordinates', 'arguments': {'arrival_date': '2024-11-07', 'departure_date': '2024-11-08', 'latitude': '25.7923496', 'longitude': '-80.28230590000001', 'radius': 30}}]
2025-07-22 04:14:28,989 - evaluation_logger_Cross-110 - INFO - Start compare_single_call: 
{'name': 'Search_Car_Rentals', 'arguments': {'drop_off_date': '2024-11-09', 'drop_off_latitude': 25.7923496, 'drop_off_longitude': -80.28230590000001, 'drop_off_time': '10:00', 'pick_up_date': '2024-11-08', 'pick_up_latitude': 25.7725664736298, 'pick_up_longitude': -80.1862585544586, 'pick_up_time': '16:00'}}
{'name': 'Search_Car_Rentals', 'arguments': {'drop_off_date': '2024-11-09', 'drop_off_latitude': 25.7923496, 'drop_off_longitude': -80.28230590000001, 'drop_off_time': '10:00', 'pick_up_date': '2024-11-08', 'pick_up_latitude': 25.7725664736298, 'pick_up_longitude': -80.1862585544586, 'pick_up_time': '16:00'}}
2025-07-22 04:14:28,989 - evaluation_logger_Cross-110 - INFO - Rule-based compare success.
2025-07-22 04:14:28,989 - evaluation_logger_Cross-110 - INFO - Success matched: [{'name': 'Search_Car_Rentals', 'arguments': {'drop_off_date': '2024-11-09', 'drop_off_latitude': 25.7923496, 'drop_off_longitude': -80.28230590000001, 'drop_off_time': '10:00', 'pick_up_date': '2024-11-08', 'pick_up_latitude': 25.7725664736298, 'pick_up_longitude': -80.1862585544586, 'pick_up_time': '16:00'}}]
