2025-07-22 05:04:20,214 - evaluation_logger_Cross-240 - INFO - Test Example Cross-240
2025-07-22 05:04:20,214 - evaluation_logger_Cross-240 - INFO - Query: Please help me find a hotel near the University College London on November 10, 2024, and I would like to book a taxi from the hotel to Big Ben at 10 AM the next day. Assist me with the advance planning.
2025-07-22 05:06:00,545 - evaluation_logger_Cross-240 - INFO - Start compare_single_call: 
{'name': 'Search_Hotel_Destination', 'arguments': {'query': 'University College London'}}
{'name': 'Search_Hotel_Destination', 'arguments': {'query': 'University College London'}}
2025-07-22 05:06:00,545 - evaluation_logger_Cross-240 - INFO - Rule-based compare success.
2025-07-22 05:06:00,545 - evaluation_logger_Cross-240 - INFO - Success matched: [{'name': 'Search_Hotel_Destination', 'arguments': {'query': 'University College London'}}]
2025-07-22 05:06:53,426 - evaluation_logger_Cross-240 - INFO - Start compare_single_call: 
{'name': 'Search_Hotel_Destination', 'arguments': {'query': 'University College London'}}
{'name': 'Search_Hotel_Destination', 'arguments': {'query': 'University College London'}}
2025-07-22 05:06:53,426 - evaluation_logger_Cross-240 - INFO - Rule-based compare success.
2025-07-22 05:06:53,426 - evaluation_logger_Cross-240 - INFO - Success matched: [{'name': 'Search_Hotel_Destination', 'arguments': {'query': 'University College London'}}]
2025-07-22 05:07:46,939 - evaluation_logger_Cross-240 - INFO - Start compare_single_call: 
{'name': 'Search_Hotel_Destination', 'arguments': {'query': 'University College London'}}
{'name': 'Search_Hotel_Destination', 'arguments': {'query': 'University College London'}}
2025-07-22 05:07:46,940 - evaluation_logger_Cross-240 - INFO - Rule-based compare success.
2025-07-22 05:07:46,940 - evaluation_logger_Cross-240 - INFO - Success matched: [{'name': 'Search_Hotel_Destination', 'arguments': {'query': 'University College London'}}]
2025-07-22 05:07:47,520 - evaluation_logger_Cross-240 - INFO - Success matched: []
2025-07-22 05:08:53,047 - evaluation_logger_Cross-240 - INFO - Start compare_single_call: 
{'name': 'Search_Hotel_Destination', 'arguments': {'query': 'University College London'}}
{'name': 'Search_Hotel_Destination', 'arguments': {'query': 'University College London'}}
2025-07-22 05:08:53,048 - evaluation_logger_Cross-240 - INFO - Rule-based compare success.
2025-07-22 05:08:53,048 - evaluation_logger_Cross-240 - INFO - Success matched: [{'name': 'Search_Hotel_Destination', 'arguments': {'query': 'University College London'}}]
2025-07-22 05:08:53,049 - evaluation_logger_Cross-240 - INFO - Start compare_single_call: 
{'name': 'Search_Hotels', 'arguments': {'arrival_date': '2024-11-10', 'departure_date': '2024-11-11', 'dest_id': 900065367, 'search_type': 'landmark'}}
{'name': 'Search_Hotels', 'arguments': {'arrival_date': '2024-11-10', 'departure_date': '2024-11-11', 'dest_id': 900065367, 'search_type': 'landmark'}}
2025-07-22 05:08:53,049 - evaluation_logger_Cross-240 - INFO - Rule-based compare success.
2025-07-22 05:08:53,049 - evaluation_logger_Cross-240 - INFO - Success matched: [{'name': 'Search_Hotels', 'arguments': {'arrival_date': '2024-11-10', 'departure_date': '2024-11-11', 'dest_id': 900065367, 'search_type': 'landmark'}}]
2025-07-22 05:09:10,703 - evaluation_logger_Cross-240 - ERROR - 'questions'
