2025-07-22 03:59:04,533 - evaluation_logger_Cross-80 - INFO - Test Example Cross-80
2025-07-22 03:59:04,533 - evaluation_logger_Cross-80 - INFO - Query: Help me book the cheapest flight from Beijing to London for December 5, 2024. I also need a taxi to pick me up two hours after I land and take me to the British Museum.
2025-07-22 04:00:57,588 - evaluation_logger_Cross-80 - INFO - Start compare_single_call: 
{'name': 'Search_Flight_Location', 'arguments': {'query': 'Beijing'}}
{'name': 'Search_Flight_Location', 'arguments': {'query': 'Beijing'}}
2025-07-22 04:00:57,588 - evaluation_logger_Cross-80 - INFO - Rule-based compare success.
2025-07-22 04:00:57,589 - evaluation_logger_Cross-80 - INFO - Success matched: [{'name': 'Search_Flight_Location', 'arguments': {'query': 'Beijing'}}]
2025-07-22 04:00:57,590 - evaluation_logger_Cross-80 - INFO - Start compare_single_call: 
{'name': 'Search_Flight_Location', 'arguments': {'query': 'London'}}
{'name': 'Search_Flight_Location', 'arguments': {'query': 'London'}}
2025-07-22 04:00:57,590 - evaluation_logger_Cross-80 - INFO - Rule-based compare success.
2025-07-22 04:00:57,590 - evaluation_logger_Cross-80 - INFO - Success matched: [{'name': 'Search_Flight_Location', 'arguments': {'query': 'London'}}]
2025-07-22 04:00:57,591 - evaluation_logger_Cross-80 - INFO - Start compare_single_call: 
{'name': 'Search_Flights', 'arguments': {'departDate': '2024-12-05', 'fromId': 'BJS.CITY', 'sort': 'CHEAPEST', 'toId': 'LHR.AIRPORT'}}
{'name': 'Search_Flights', 'arguments': {'departDate': '2024-12-05', 'fromId': 'BJS.CITY', 'sort': 'CHEAPEST', 'toId': 'LHR.AIRPORT'}}
2025-07-22 04:00:57,591 - evaluation_logger_Cross-80 - INFO - Rule-based compare success.
2025-07-22 04:00:57,591 - evaluation_logger_Cross-80 - INFO - Success matched: [{'name': 'Search_Flights', 'arguments': {'departDate': '2024-12-05', 'fromId': 'BJS.CITY', 'sort': 'CHEAPEST', 'toId': 'LHR.AIRPORT'}}]
2025-07-22 04:00:57,592 - evaluation_logger_Cross-80 - INFO - Start compare_single_call: 
{'name': 'Taxi_Search_Location', 'arguments': {'query': 'British Museum'}}
{'name': 'Taxi_Search_Location', 'arguments': {'query': 'British Museum'}}
2025-07-22 04:00:57,592 - evaluation_logger_Cross-80 - INFO - Rule-based compare success.
2025-07-22 04:00:57,592 - evaluation_logger_Cross-80 - INFO - Success matched: [{'name': 'Taxi_Search_Location', 'arguments': {'query': 'British Museum'}}]
2025-07-22 04:00:57,592 - evaluation_logger_Cross-80 - INFO - Start compare_single_call: 
{'name': 'Taxi_Search_Location', 'arguments': {'query': 'London Heathrow Airport'}}
{'name': 'Taxi_Search_Location', 'arguments': {'query': 'London Heathrow Airport'}}
2025-07-22 04:00:57,593 - evaluation_logger_Cross-80 - INFO - Rule-based compare success.
2025-07-22 04:00:57,593 - evaluation_logger_Cross-80 - INFO - Success matched: [{'name': 'Taxi_Search_Location', 'arguments': {'query': 'London Heathrow Airport'}}]
2025-07-22 04:00:57,593 - evaluation_logger_Cross-80 - INFO - Start compare_single_call: 
{'name': 'Search_Taxi', 'arguments': {'drop_off_place_id': 'ChIJB9OTMDIbdkgRp0JWbQGZsS8', 'pick_up_date': '2024-12-06', 'pick_up_place_id': 'ChIJ6W3FzTRydkgRZ0H2Q1VT548', 'pick_up_time': '08:40'}}
{'name': 'Search_Taxi', 'arguments': {'drop_off_place_id': 'ChIJB9OTMDIbdkgRp0JWbQGZsS8', 'pick_up_date': '2024-12-06', 'pick_up_place_id': 'ChIJ6W3FzTRydkgRZ0H2Q1VT548', 'pick_up_time': '08:40'}}
2025-07-22 04:00:57,593 - evaluation_logger_Cross-80 - INFO - Rule-based compare success.
2025-07-22 04:00:57,593 - evaluation_logger_Cross-80 - INFO - Success matched: [{'name': 'Search_Taxi', 'arguments': {'drop_off_place_id': 'ChIJB9OTMDIbdkgRp0JWbQGZsS8', 'pick_up_date': '2024-12-06', 'pick_up_place_id': 'ChIJ6W3FzTRydkgRZ0H2Q1VT548', 'pick_up_time': '08:40'}}]
