2025-07-22 04:38:57,456 - evaluation_logger_Cross-180 - INFO - Test Example Cross-180
2025-07-22 04:38:57,456 - evaluation_logger_Cross-180 - INFO - Query: Can you check ticket availability for the Dubai Sports City in November 2024? I would like to visit the sports city on the earliest available day of the month. Please help me find a hotel near the sports city for a one-night stay.
2025-07-22 04:40:08,608 - evaluation_logger_Cross-180 - INFO - Start compare_single_call: 
{'name': 'Search_Attraction_Location', 'arguments': {'query': 'Dubai Sports City'}}
{'name': 'Search_Attraction_Location', 'arguments': {'query': 'Dubai Sports City'}}
2025-07-22 04:40:08,608 - evaluation_logger_Cross-180 - INFO - Rule-based compare success.
2025-07-22 04:40:08,609 - evaluation_logger_Cross-180 - INFO - Success matched: [{'name': 'Search_Attraction_Location', 'arguments': {'query': 'Dubai Sports City'}}]
2025-07-22 04:40:08,610 - evaluation_logger_Cross-180 - INFO - Start compare_single_call: 
{'name': 'Get_Availability_Calendar', 'arguments': {'id': 'PRpKfQqAbdgx'}}
{'name': 'Get_Availability_Calendar', 'arguments': {'id': 'PRpKfQqAbdgx'}}
2025-07-22 04:40:08,610 - evaluation_logger_Cross-180 - INFO - Rule-based compare success.
2025-07-22 04:40:08,610 - evaluation_logger_Cross-180 - INFO - Success matched: [{'name': 'Get_Availability_Calendar', 'arguments': {'id': 'PRpKfQqAbdgx'}}]
2025-07-22 04:40:08,611 - evaluation_logger_Cross-180 - INFO - Start compare_single_call: 
{'name': 'Search_Hotel_Destination', 'arguments': {'query': 'Dubai Sports City'}}
{'name': 'Search_Hotel_Destination', 'arguments': {'query': 'Dubai Sports City'}}
2025-07-22 04:40:08,611 - evaluation_logger_Cross-180 - INFO - Rule-based compare success.
2025-07-22 04:40:08,612 - evaluation_logger_Cross-180 - INFO - Success matched: [{'name': 'Search_Hotel_Destination', 'arguments': {'query': 'Dubai Sports City'}}]
2025-07-22 04:40:09,188 - evaluation_logger_Cross-180 - INFO - Success matched: []
2025-07-22 04:40:54,207 - evaluation_logger_Cross-180 - INFO - Start compare_single_call: 
{'name': 'Search_Attraction_Location', 'arguments': {'query': 'Dubai Sports City'}}
{'name': 'Search_Attraction_Location', 'arguments': {'query': 'Dubai Sports City'}}
2025-07-22 04:40:54,208 - evaluation_logger_Cross-180 - INFO - Rule-based compare success.
2025-07-22 04:40:54,208 - evaluation_logger_Cross-180 - INFO - Success matched: [{'name': 'Search_Attraction_Location', 'arguments': {'query': 'Dubai Sports City'}}]
2025-07-22 04:40:54,209 - evaluation_logger_Cross-180 - INFO - Start compare_single_call: 
{'name': 'Get_Availability_Calendar', 'arguments': {'id': 'PRpKfQqAbdgx'}}
{'name': 'Get_Availability_Calendar', 'arguments': {'id': 'PRpKfQqAbdgx'}}
2025-07-22 04:40:54,209 - evaluation_logger_Cross-180 - INFO - Rule-based compare success.
2025-07-22 04:40:54,209 - evaluation_logger_Cross-180 - INFO - Success matched: [{'name': 'Get_Availability_Calendar', 'arguments': {'id': 'PRpKfQqAbdgx'}}]
2025-07-22 04:40:54,209 - evaluation_logger_Cross-180 - INFO - Start compare_single_call: 
{'name': 'Search_Hotel_Destination', 'arguments': {'query': 'Dubai Sports City'}}
{'name': 'Search_Hotel_Destination', 'arguments': {'query': 'Dubai Sports City'}}
2025-07-22 04:40:54,209 - evaluation_logger_Cross-180 - INFO - Rule-based compare success.
2025-07-22 04:40:54,209 - evaluation_logger_Cross-180 - INFO - Success matched: [{'name': 'Search_Hotel_Destination', 'arguments': {'query': 'Dubai Sports City'}}]
2025-07-22 04:40:54,210 - evaluation_logger_Cross-180 - INFO - Start compare_single_call: 
{'name': 'Search_Hotels', 'arguments': {'arrival_date': '2024-11-02', 'departure_date': '2024-11-03', 'dest_id': 900076302, 'search_type': 'landmark'}}
{'name': 'Search_Hotels', 'arguments': {'arrival_date': '2024-11-02', 'departure_date': '2024-11-03', 'dest_id': 900076302, 'search_type': 'landmark'}}
2025-07-22 04:40:54,210 - evaluation_logger_Cross-180 - INFO - Rule-based compare success.
2025-07-22 04:40:54,210 - evaluation_logger_Cross-180 - INFO - Success matched: [{'name': 'Search_Hotels', 'arguments': {'arrival_date': '2024-11-02', 'departure_date': '2024-11-03', 'dest_id': 900076302, 'search_type': 'landmark'}}]
2025-07-22 04:41:40,167 - evaluation_logger_Cross-180 - INFO - Start compare_single_call: 
{'name': 'Search_Attraction_Location', 'arguments': {'query': 'Dubai Sports City'}}
{'name': 'Search_Attraction_Location', 'arguments': {'query': 'Dubai Sports City'}}
2025-07-22 04:41:40,167 - evaluation_logger_Cross-180 - INFO - Rule-based compare success.
2025-07-22 04:41:40,168 - evaluation_logger_Cross-180 - INFO - Success matched: [{'name': 'Search_Attraction_Location', 'arguments': {'query': 'Dubai Sports City'}}]
2025-07-22 04:41:40,168 - evaluation_logger_Cross-180 - INFO - Start compare_single_call: 
{'name': 'Get_Availability_Calendar', 'arguments': {'id': 'PRpKfQqAbdgx'}}
{'name': 'Get_Availability_Calendar', 'arguments': {'id': 'PRpKfQqAbdgx'}}
2025-07-22 04:41:40,169 - evaluation_logger_Cross-180 - INFO - Rule-based compare success.
2025-07-22 04:41:40,169 - evaluation_logger_Cross-180 - INFO - Success matched: [{'name': 'Get_Availability_Calendar', 'arguments': {'id': 'PRpKfQqAbdgx'}}]
2025-07-22 04:41:40,169 - evaluation_logger_Cross-180 - INFO - Start compare_single_call: 
{'name': 'Search_Hotel_Destination', 'arguments': {'query': 'Dubai Sports City'}}
{'name': 'Search_Hotel_Destination', 'arguments': {'query': 'Dubai Sports City'}}
2025-07-22 04:41:40,169 - evaluation_logger_Cross-180 - INFO - Rule-based compare success.
2025-07-22 04:41:40,169 - evaluation_logger_Cross-180 - INFO - Success matched: [{'name': 'Search_Hotel_Destination', 'arguments': {'query': 'Dubai Sports City'}}]
2025-07-22 04:41:40,170 - evaluation_logger_Cross-180 - INFO - Start compare_single_call: 
{'name': 'Search_Hotels', 'arguments': {'arrival_date': '2024-11-02', 'departure_date': '2024-11-03', 'dest_id': 900076302, 'search_type': 'landmark'}}
{'name': 'Search_Hotels', 'arguments': {'arrival_date': '2024-11-02', 'departure_date': '2024-11-03', 'dest_id': 900076302, 'search_type': 'landmark'}}
2025-07-22 04:41:40,170 - evaluation_logger_Cross-180 - INFO - Rule-based compare success.
2025-07-22 04:41:40,170 - evaluation_logger_Cross-180 - INFO - Success matched: [{'name': 'Search_Hotels', 'arguments': {'arrival_date': '2024-11-02', 'departure_date': '2024-11-03', 'dest_id': 900076302, 'search_type': 'landmark'}}]
