2025-07-22 04:23:30,978 - evaluation_logger_Cross-140 - INFO - Test Example Cross-140
2025-07-22 04:23:30,978 - evaluation_logger_Cross-140 - INFO - Query: I have a project requiring a business trip to Seattle, expected to finish on December 25, 2024. Check which day around November 1 has the cheapest flight from Los Angeles to Seattle; I'd like to book the ticket for that day. I’d also like to stay at a hotel in the Downtown Seattle on the day with the lowest ticket price. Recommend a hotel for me.
2025-07-22 04:24:37,359 - evaluation_logger_Cross-140 - INFO - Start compare_single_call: 
{'name': 'Search_Flight_Location', 'arguments': {'query': 'Los Angeles'}}
{'name': 'Search_Flight_Location', 'arguments': {'query': 'Los Angeles'}}
2025-07-22 04:24:37,359 - evaluation_logger_Cross-140 - INFO - Rule-based compare success.
2025-07-22 04:24:37,360 - evaluation_logger_Cross-140 - INFO - Success matched: [{'name': 'Search_Flight_Location', 'arguments': {'query': 'Los Angeles'}}]
2025-07-22 04:24:37,361 - evaluation_logger_Cross-140 - INFO - Start compare_single_call: 
{'name': 'Search_Flight_Location', 'arguments': {'query': 'Seattle'}}
{'name': 'Search_Flight_Location', 'arguments': {'query': 'Seattle'}}
2025-07-22 04:24:37,361 - evaluation_logger_Cross-140 - INFO - Rule-based compare success.
2025-07-22 04:24:37,361 - evaluation_logger_Cross-140 - INFO - Success matched: [{'name': 'Search_Flight_Location', 'arguments': {'query': 'Seattle'}}]
2025-07-22 04:24:37,362 - evaluation_logger_Cross-140 - INFO - Start compare_single_call: 
{'name': 'Get_Min_Price', 'arguments': {'departDate': '2024-11-01', 'fromId': 'LAX.AIRPORT', 'toId': 'SEA.AIRPORT'}}
{'name': 'Get_Min_Price', 'arguments': {'departDate': '2024-11-01', 'fromId': 'LAX.AIRPORT', 'toId': 'SEA.AIRPORT'}}
2025-07-22 04:24:37,362 - evaluation_logger_Cross-140 - INFO - Rule-based compare success.
2025-07-22 04:24:37,362 - evaluation_logger_Cross-140 - INFO - Success matched: [{'name': 'Get_Min_Price', 'arguments': {'departDate': '2024-11-01', 'fromId': 'LAX.AIRPORT', 'toId': 'SEA.AIRPORT'}}]
2025-07-22 04:24:37,363 - evaluation_logger_Cross-140 - INFO - Start compare_single_call: 
{'name': 'Search_Hotel_Destination', 'arguments': {'query': 'Downtown Seattle'}}
{'name': 'Search_Hotel_Destination', 'arguments': {'query': 'Downtown Seattle'}}
2025-07-22 04:24:37,363 - evaluation_logger_Cross-140 - INFO - Rule-based compare success.
2025-07-22 04:24:37,363 - evaluation_logger_Cross-140 - INFO - Success matched: [{'name': 'Search_Hotel_Destination', 'arguments': {'query': 'Downtown Seattle'}}]
2025-07-22 04:25:00,479 - evaluation_logger_Cross-140 - INFO - Start compare_single_call: 
{'name': 'Get_Min_Price', 'arguments': {'departDate': '2024-11-01', 'fromId': 'LAX.AIRPORT', 'toId': 'SEA.AIRPORT'}}
{'name': 'Get_Min_Price', 'arguments': {'departDate': '2024-11-01', 'fromId': 'LAX.AIRPORT', 'toId': 'SEA.AIRPORT'}}
2025-07-22 04:25:00,479 - evaluation_logger_Cross-140 - INFO - Rule-based compare success.
2025-07-22 04:25:00,480 - evaluation_logger_Cross-140 - INFO - Success matched: [{'name': 'Get_Min_Price', 'arguments': {'departDate': '2024-11-01', 'fromId': 'LAX.AIRPORT', 'toId': 'SEA.AIRPORT'}}]
2025-07-22 04:25:00,480 - evaluation_logger_Cross-140 - INFO - Start compare_single_call: 
{'name': 'Search_Hotel_Destination', 'arguments': {'query': 'Downtown Seattle'}}
{'name': 'Search_Hotel_Destination', 'arguments': {'query': 'Downtown Seattle'}}
2025-07-22 04:25:00,481 - evaluation_logger_Cross-140 - INFO - Rule-based compare success.
2025-07-22 04:25:00,481 - evaluation_logger_Cross-140 - INFO - Success matched: [{'name': 'Search_Hotel_Destination', 'arguments': {'query': 'Downtown Seattle'}}]
2025-07-22 04:25:01,054 - evaluation_logger_Cross-140 - INFO - Success matched: []
2025-07-22 04:25:35,267 - evaluation_logger_Cross-140 - INFO - Start compare_single_call: 
{'name': 'Get_Min_Price', 'arguments': {'departDate': '2024-11-01', 'fromId': 'LAX.AIRPORT', 'toId': 'SEA.AIRPORT'}}
{'name': 'Get_Min_Price', 'arguments': {'departDate': '2024-11-01', 'fromId': 'LAX.AIRPORT', 'toId': 'SEA.AIRPORT'}}
2025-07-22 04:25:35,267 - evaluation_logger_Cross-140 - INFO - Rule-based compare success.
2025-07-22 04:25:35,267 - evaluation_logger_Cross-140 - INFO - Success matched: [{'name': 'Get_Min_Price', 'arguments': {'departDate': '2024-11-01', 'fromId': 'LAX.AIRPORT', 'toId': 'SEA.AIRPORT'}}]
2025-07-22 04:25:35,268 - evaluation_logger_Cross-140 - INFO - Start compare_single_call: 
{'name': 'Search_Hotel_Destination', 'arguments': {'query': 'Downtown Seattle'}}
{'name': 'Search_Hotel_Destination', 'arguments': {'query': 'Downtown Seattle'}}
2025-07-22 04:25:35,268 - evaluation_logger_Cross-140 - INFO - Rule-based compare success.
2025-07-22 04:25:35,268 - evaluation_logger_Cross-140 - INFO - Success matched: [{'name': 'Search_Hotel_Destination', 'arguments': {'query': 'Downtown Seattle'}}]
2025-07-22 04:25:35,617 - evaluation_logger_Cross-140 - INFO - Start compare_single_call: 
{'name': 'Search_Hotels', 'arguments': {'arrival_date': '2024-11-06', 'departure_date': '2024-11-07', 'dest_id': 1624, 'search_type': 'district'}}
{'name': 'Search_Hotels', 'arguments': {'arrival_date': '2024-11-06', 'departure_date': '2024-12-25', 'dest_id': 1624, 'search_type': 'district'}}
2025-07-22 04:25:35,617 - evaluation_logger_Cross-140 - INFO - {'error_type': 'value_error', 'content': "Parameter departure_date value '2024-11-07' is not correct in prediction."}
2025-07-22 04:25:35,617 - evaluation_logger_Cross-140 - INFO - Success matched: []
2025-07-22 04:25:51,793 - evaluation_logger_Cross-140 - ERROR - 'questions'
