2025-07-22 05:56:50,541 - evaluation_logger_Cross-360 - INFO - Test Example Cross-360
2025-07-22 05:56:50,541 - evaluation_logger_Cross-360 - INFO - Query: It's now 2 o'clock on November 12th, 2024 and I'm at Toronto Pearson International Airport. I hope to rent a car to visit the most trending attraction in Toronto and return it near the attraction 26 hours later.
2025-07-22 05:58:29,253 - evaluation_logger_Cross-360 - INFO - Start compare_single_call: 
{'name': 'Search_Attraction_Location', 'arguments': {'query': 'Toronto'}}
{'name': 'Search_Attraction_Location', 'arguments': {'query': 'Toronto'}}
2025-07-22 05:58:29,254 - evaluation_logger_Cross-360 - INFO - Rule-based compare success.
2025-07-22 05:58:29,254 - evaluation_logger_Cross-360 - INFO - Success matched: [{'name': 'Search_Attraction_Location', 'arguments': {'query': 'Toronto'}}]
2025-07-22 05:58:29,842 - evaluation_logger_Cross-360 - INFO - Success matched: []
2025-07-22 05:59:12,999 - evaluation_logger_Cross-360 - INFO - Start compare_single_call: 
{'name': 'Search_Attraction_Location', 'arguments': {'query': 'Toronto'}}
{'name': 'Search_Attraction_Location', 'arguments': {'query': 'Toronto'}}
2025-07-22 05:59:12,999 - evaluation_logger_Cross-360 - INFO - Rule-based compare success.
2025-07-22 05:59:12,999 - evaluation_logger_Cross-360 - INFO - Success matched: [{'name': 'Search_Attraction_Location', 'arguments': {'query': 'Toronto'}}]
2025-07-22 05:59:13,000 - evaluation_logger_Cross-360 - INFO - Start compare_single_call: 
{'name': 'Search_Attractions', 'arguments': {'id': 'eyJ1ZmkiOi01NzQ4OTB9', 'sortBy': 'trending'}}
{'name': 'Search_Attractions', 'arguments': {'id': 'eyJ1ZmkiOi01NzQ4OTB9', 'sortBy': 'trending'}}
2025-07-22 05:59:13,000 - evaluation_logger_Cross-360 - INFO - Rule-based compare success.
2025-07-22 05:59:13,000 - evaluation_logger_Cross-360 - INFO - Success matched: [{'name': 'Search_Attractions', 'arguments': {'id': 'eyJ1ZmkiOi01NzQ4OTB9', 'sortBy': 'trending'}}]
2025-07-22 06:00:34,679 - evaluation_logger_Cross-360 - INFO - Start compare_single_call: 
{'name': 'Search_Attraction_Location', 'arguments': {'query': 'Toronto'}}
{'name': 'Search_Attraction_Location', 'arguments': {'query': 'Toronto'}}
2025-07-22 06:00:34,679 - evaluation_logger_Cross-360 - INFO - Rule-based compare success.
2025-07-22 06:00:34,679 - evaluation_logger_Cross-360 - INFO - Success matched: [{'name': 'Search_Attraction_Location', 'arguments': {'query': 'Toronto'}}]
2025-07-22 06:00:34,680 - evaluation_logger_Cross-360 - INFO - Start compare_single_call: 
{'name': 'Search_Attractions', 'arguments': {'id': 'eyJ1ZmkiOi01NzQ4OTB9', 'sortBy': 'trending'}}
{'name': 'Search_Attractions', 'arguments': {'id': 'eyJ1ZmkiOi01NzQ4OTB9', 'sortBy': 'trending'}}
2025-07-22 06:00:34,680 - evaluation_logger_Cross-360 - INFO - Rule-based compare success.
2025-07-22 06:00:34,680 - evaluation_logger_Cross-360 - INFO - Success matched: [{'name': 'Search_Attractions', 'arguments': {'id': 'eyJ1ZmkiOi01NzQ4OTB9', 'sortBy': 'trending'}}]
2025-07-22 06:01:00,520 - evaluation_logger_Cross-360 - ERROR - 'questions'
