2025-07-22 04:25:51,805 - evaluation_logger_Cross-150 - INFO - Test Example Cross-150
2025-07-22 04:25:51,805 - evaluation_logger_Cross-150 - INFO - Query: Check the detailed information of the fastest flight from Beijing to Toronto on September 20, 2024, as well as the availability of hotels within 10 kilometers of the airport on that day.
2025-07-22 04:27:51,884 - evaluation_logger_Cross-150 - INFO - Start compare_single_call: 
{'name': 'Search_Flight_Location', 'arguments': {'query': 'Beijing'}}
{'name': 'Search_Flight_Location', 'arguments': {'query': 'Beijing'}}
2025-07-22 04:27:51,884 - evaluation_logger_Cross-150 - INFO - Rule-based compare success.
2025-07-22 04:27:51,885 - evaluation_logger_Cross-150 - INFO - Success matched: [{'name': 'Search_Flight_Location', 'arguments': {'query': 'Beijing'}}]
2025-07-22 04:27:51,888 - evaluation_logger_Cross-150 - INFO - Start compare_single_call: 
{'name': 'Search_Flight_Location', 'arguments': {'query': 'Toronto'}}
{'name': 'Search_Flight_Location', 'arguments': {'query': 'Toronto'}}
2025-07-22 04:27:51,888 - evaluation_logger_Cross-150 - INFO - Rule-based compare success.
2025-07-22 04:27:51,888 - evaluation_logger_Cross-150 - INFO - Success matched: [{'name': 'Search_Flight_Location', 'arguments': {'query': 'Toronto'}}]
2025-07-22 04:27:51,889 - evaluation_logger_Cross-150 - INFO - Start compare_single_call: 
{'name': 'Search_Flights', 'arguments': {'departDate': '2024-09-20', 'fromId': 'PEK.AIRPORT', 'sort': 'FASTEST', 'toId': 'YYZ.AIRPORT'}}
{'name': 'Search_Flights', 'arguments': {'departDate': '2024-09-20', 'fromId': 'PEK.AIRPORT', 'sort': 'FASTEST', 'toId': 'YYZ.AIRPORT'}}
2025-07-22 04:27:51,889 - evaluation_logger_Cross-150 - INFO - Rule-based compare success.
2025-07-22 04:27:51,889 - evaluation_logger_Cross-150 - INFO - Success matched: [{'name': 'Search_Flights', 'arguments': {'departDate': '2024-09-20', 'fromId': 'PEK.AIRPORT', 'sort': 'FASTEST', 'toId': 'YYZ.AIRPORT'}}]
2025-07-22 04:27:52,481 - evaluation_logger_Cross-150 - INFO - Success matched: []
2025-07-22 04:28:58,258 - evaluation_logger_Cross-150 - INFO - Start compare_single_call: 
{'name': 'Search_Flight_Location', 'arguments': {'query': 'Beijing'}}
{'name': 'Search_Flight_Location', 'arguments': {'query': 'Beijing'}}
2025-07-22 04:28:58,259 - evaluation_logger_Cross-150 - INFO - Rule-based compare success.
2025-07-22 04:28:58,259 - evaluation_logger_Cross-150 - INFO - Success matched: [{'name': 'Search_Flight_Location', 'arguments': {'query': 'Beijing'}}]
2025-07-22 04:28:58,259 - evaluation_logger_Cross-150 - INFO - Start compare_single_call: 
{'name': 'Search_Flight_Location', 'arguments': {'query': 'Toronto'}}
{'name': 'Search_Flight_Location', 'arguments': {'query': 'Toronto'}}
2025-07-22 04:28:58,259 - evaluation_logger_Cross-150 - INFO - Rule-based compare success.
2025-07-22 04:28:58,259 - evaluation_logger_Cross-150 - INFO - Success matched: [{'name': 'Search_Flight_Location', 'arguments': {'query': 'Toronto'}}]
2025-07-22 04:28:58,260 - evaluation_logger_Cross-150 - INFO - Start compare_single_call: 
{'name': 'Search_Flights', 'arguments': {'departDate': '2024-09-20', 'fromId': 'PEK.AIRPORT', 'sort': 'FASTEST', 'toId': 'YYZ.AIRPORT'}}
{'name': 'Search_Flights', 'arguments': {'departDate': '2024-09-20', 'fromId': 'PEK.AIRPORT', 'sort': 'FASTEST', 'toId': 'YYZ.AIRPORT'}}
2025-07-22 04:28:58,260 - evaluation_logger_Cross-150 - INFO - Rule-based compare success.
2025-07-22 04:28:58,260 - evaluation_logger_Cross-150 - INFO - Success matched: [{'name': 'Search_Flights', 'arguments': {'departDate': '2024-09-20', 'fromId': 'PEK.AIRPORT', 'sort': 'FASTEST', 'toId': 'YYZ.AIRPORT'}}]
2025-07-22 04:28:58,261 - evaluation_logger_Cross-150 - INFO - Start compare_single_call: 
{'name': 'Get_Flight_Details', 'arguments': {'token': 'd7699_H4sIAAAAAAAA_z2QW2-jMBCFf036hsE2C6GStWKBRkmApuVSkReLOA6hyZYKewXh13caqpVHc75zNJYvZ60_1aNpnq5tc9bK-KdQ0-muqbVEovtrnnpoh667tB-NWbe9uYu2VbUnVhbtTGwasMRj9VuO2lC9YA_tQaKaGZ7nzagEW_5Qzxxku2H5VqbZPRKdZjayi2L1x833eDWHPVtt_CXd392RJcEwPE--SkIFGrlJHrnpU1m-WmtahpttESpdXNcqLjdZHEY4nyqV5OUubYcxvVxGyEiWR9_ZS_quhjj0VZw_bePAmpLbuEqz4VbcBp28LGgIdT9WCsEwgtt6-O67WjE6k9AMWzMeNcs2Pn39mdGMOtTx5ueODBPiOQhTSuiDklcpdNt9bOWNBT4mvwz4QflJbKPifuCQ__Z5QQJsXeT11AMtqA_VcAth0DOoBVrzJENlDnTg7veMmOXIqesIewkoOSa1ADhxG3rLMZr3vvP1G8jEBXEdZ_oC1Argov8BAAA.'}}
{'name': 'Get_Flight_Details', 'arguments': {'token': 'd7699_H4sIAAAAAAAA_z2QW2-jMBCFf036hsE2C6GStWKBRkmApuVSkReLOA6hyZYKewXh13caqpVHc75zNJYvZ60_1aNpnq5tc9bK-KdQ0-muqbVEovtrnnpoh667tB-NWbe9uYu2VbUnVhbtTGwasMRj9VuO2lC9YA_tQaKaGZ7nzagEW_5Qzxxku2H5VqbZPRKdZjayi2L1x833eDWHPVtt_CXd392RJcEwPE--SkIFGrlJHrnpU1m-WmtahpttESpdXNcqLjdZHEY4nyqV5OUubYcxvVxGyEiWR9_ZS_quhjj0VZw_bePAmpLbuEqz4VbcBp28LGgIdT9WCsEwgtt6-O67WjE6k9AMWzMeNcs2Pn39mdGMOtTx5ueODBPiOQhTSuiDklcpdNt9bOWNBT4mvwz4QflJbKPifuCQ__Z5QQJsXeT11AMtqA_VcAth0DOoBVrzJENlDnTg7veMmOXIqesIewkoOSa1ADhxG3rLMZr3vvP1G8jEBXEdZ_oC1Argov8BAAA.'}}
2025-07-22 04:28:58,261 - evaluation_logger_Cross-150 - INFO - Rule-based compare success.
2025-07-22 04:28:58,261 - evaluation_logger_Cross-150 - INFO - Success matched: [{'name': 'Get_Flight_Details', 'arguments': {'token': 'd7699_H4sIAAAAAAAA_z2QW2-jMBCFf036hsE2C6GStWKBRkmApuVSkReLOA6hyZYKewXh13caqpVHc75zNJYvZ60_1aNpnq5tc9bK-KdQ0-muqbVEovtrnnpoh667tB-NWbe9uYu2VbUnVhbtTGwasMRj9VuO2lC9YA_tQaKaGZ7nzagEW_5Qzxxku2H5VqbZPRKdZjayi2L1x833eDWHPVtt_CXd392RJcEwPE--SkIFGrlJHrnpU1m-WmtahpttESpdXNcqLjdZHEY4nyqV5OUubYcxvVxGyEiWR9_ZS_quhjj0VZw_bePAmpLbuEqz4VbcBp28LGgIdT9WCsEwgtt6-O67WjE6k9AMWzMeNcs2Pn39mdGMOtTx5ueODBPiOQhTSuiDklcpdNt9bOWNBT4mvwz4QflJbKPifuCQ__Z5QQJsXeT11AMtqA_VcAth0DOoBVrzJENlDnTg7veMmOXIqesIewkoOSa1ADhxG3rLMZr3vvP1G8jEBXEdZ_oC1Argov8BAAA.'}}]
2025-07-22 04:28:58,261 - evaluation_logger_Cross-150 - INFO - Start compare_single_call: 
{'name': 'Location_to_Lat_Long', 'arguments': {'query': 'Toronto Pearson International Airport'}}
{'name': 'Location_to_Lat_Long', 'arguments': {'query': 'Toronto Pearson International Airport'}}
2025-07-22 04:28:58,262 - evaluation_logger_Cross-150 - INFO - Rule-based compare success.
2025-07-22 04:28:58,262 - evaluation_logger_Cross-150 - INFO - Success matched: [{'name': 'Location_to_Lat_Long', 'arguments': {'query': 'Toronto Pearson International Airport'}}]
2025-07-22 04:28:58,635 - evaluation_logger_Cross-150 - INFO - Success matched: []
2025-07-22 04:30:10,326 - evaluation_logger_Cross-150 - INFO - Start compare_single_call: 
{'name': 'Search_Flight_Location', 'arguments': {'query': 'Beijing'}}
{'name': 'Search_Flight_Location', 'arguments': {'query': 'Beijing'}}
2025-07-22 04:30:10,326 - evaluation_logger_Cross-150 - INFO - Rule-based compare success.
2025-07-22 04:30:10,326 - evaluation_logger_Cross-150 - INFO - Success matched: [{'name': 'Search_Flight_Location', 'arguments': {'query': 'Beijing'}}]
2025-07-22 04:30:10,326 - evaluation_logger_Cross-150 - INFO - Start compare_single_call: 
{'name': 'Search_Flight_Location', 'arguments': {'query': 'Toronto'}}
{'name': 'Search_Flight_Location', 'arguments': {'query': 'Toronto'}}
2025-07-22 04:30:10,327 - evaluation_logger_Cross-150 - INFO - Rule-based compare success.
2025-07-22 04:30:10,327 - evaluation_logger_Cross-150 - INFO - Success matched: [{'name': 'Search_Flight_Location', 'arguments': {'query': 'Toronto'}}]
2025-07-22 04:30:10,327 - evaluation_logger_Cross-150 - INFO - Start compare_single_call: 
{'name': 'Search_Flights', 'arguments': {'departDate': '2024-09-20', 'fromId': 'PEK.AIRPORT', 'sort': 'FASTEST', 'toId': 'YYZ.AIRPORT'}}
{'name': 'Search_Flights', 'arguments': {'departDate': '2024-09-20', 'fromId': 'PEK.AIRPORT', 'sort': 'FASTEST', 'toId': 'YYZ.AIRPORT'}}
2025-07-22 04:30:10,327 - evaluation_logger_Cross-150 - INFO - Rule-based compare success.
2025-07-22 04:30:10,327 - evaluation_logger_Cross-150 - INFO - Success matched: [{'name': 'Search_Flights', 'arguments': {'departDate': '2024-09-20', 'fromId': 'PEK.AIRPORT', 'sort': 'FASTEST', 'toId': 'YYZ.AIRPORT'}}]
2025-07-22 04:30:10,328 - evaluation_logger_Cross-150 - INFO - Start compare_single_call: 
{'name': 'Get_Flight_Details', 'arguments': {'token': 'd7699_H4sIAAAAAAAA_z2QW2-jMBCFf036hsE2C6GStWKBRkmApuVSkReLOA6hyZYKewXh13caqpVHc75zNJYvZ60_1aNpnq5tc9bK-KdQ0-muqbVEovtrnnpoh667tB-NWbe9uYu2VbUnVhbtTGwasMRj9VuO2lC9YA_tQaKaGZ7nzagEW_5Qzxxku2H5VqbZPRKdZjayi2L1x833eDWHPVtt_CXd392RJcEwPE--SkIFGrlJHrnpU1m-WmtahpttESpdXNcqLjdZHEY4nyqV5OUubYcxvVxGyEiWR9_ZS_quhjj0VZw_bePAmpLbuEqz4VbcBp28LGgIdT9WCsEwgtt6-O67WjE6k9AMWzMeNcs2Pn39mdGMOtTx5ueODBPiOQhTSuiDklcpdNt9bOWNBT4mvwz4QflJbKPifuCQ__Z5QQJsXeT11AMtqA_VcAth0DOoBVrzJENlDnTg7veMmOXIqesIewkoOSa1ADhxG3rLMZr3vvP1G8jEBXEdZ_oC1Argov8BAAA.'}}
{'name': 'Get_Flight_Details', 'arguments': {'token': 'd7699_H4sIAAAAAAAA_z2QW2-jMBCFf036hsE2C6GStWKBRkmApuVSkReLOA6hyZYKewXh13caqpVHc75zNJYvZ60_1aNpnq5tc9bK-KdQ0-muqbVEovtrnnpoh667tB-NWbe9uYu2VbUnVhbtTGwasMRj9VuO2lC9YA_tQaKaGZ7nzagEW_5Qzxxku2H5VqbZPRKdZjayi2L1x833eDWHPVtt_CXd392RJcEwPE--SkIFGrlJHrnpU1m-WmtahpttESpdXNcqLjdZHEY4nyqV5OUubYcxvVxGyEiWR9_ZS_quhjj0VZw_bePAmpLbuEqz4VbcBp28LGgIdT9WCsEwgtt6-O67WjE6k9AMWzMeNcs2Pn39mdGMOtTx5ueODBPiOQhTSuiDklcpdNt9bOWNBT4mvwz4QflJbKPifuCQ__Z5QQJsXeT11AMtqA_VcAth0DOoBVrzJENlDnTg7veMmOXIqesIewkoOSa1ADhxG3rLMZr3vvP1G8jEBXEdZ_oC1Argov8BAAA.'}}
2025-07-22 04:30:10,328 - evaluation_logger_Cross-150 - INFO - Rule-based compare success.
2025-07-22 04:30:10,328 - evaluation_logger_Cross-150 - INFO - Success matched: [{'name': 'Get_Flight_Details', 'arguments': {'token': 'd7699_H4sIAAAAAAAA_z2QW2-jMBCFf036hsE2C6GStWKBRkmApuVSkReLOA6hyZYKewXh13caqpVHc75zNJYvZ60_1aNpnq5tc9bK-KdQ0-muqbVEovtrnnpoh667tB-NWbe9uYu2VbUnVhbtTGwasMRj9VuO2lC9YA_tQaKaGZ7nzagEW_5Qzxxku2H5VqbZPRKdZjayi2L1x833eDWHPVtt_CXd392RJcEwPE--SkIFGrlJHrnpU1m-WmtahpttESpdXNcqLjdZHEY4nyqV5OUubYcxvVxGyEiWR9_ZS_quhjj0VZw_bePAmpLbuEqz4VbcBp28LGgIdT9WCsEwgtt6-O67WjE6k9AMWzMeNcs2Pn39mdGMOtTx5ueODBPiOQhTSuiDklcpdNt9bOWNBT4mvwz4QflJbKPifuCQ__Z5QQJsXeT11AMtqA_VcAth0DOoBVrzJENlDnTg7veMmOXIqesIewkoOSa1ADhxG3rLMZr3vvP1G8jEBXEdZ_oC1Argov8BAAA.'}}]
2025-07-22 04:30:10,328 - evaluation_logger_Cross-150 - INFO - Start compare_single_call: 
{'name': 'Location_to_Lat_Long', 'arguments': {'query': 'Toronto Pearson International Airport'}}
{'name': 'Location_to_Lat_Long', 'arguments': {'query': 'Toronto Pearson International Airport'}}
2025-07-22 04:30:10,329 - evaluation_logger_Cross-150 - INFO - Rule-based compare success.
2025-07-22 04:30:10,329 - evaluation_logger_Cross-150 - INFO - Success matched: [{'name': 'Location_to_Lat_Long', 'arguments': {'query': 'Toronto Pearson International Airport'}}]
2025-07-22 04:30:10,329 - evaluation_logger_Cross-150 - INFO - Start compare_single_call: 
{'name': 'Search_Hotels_By_Coordinates', 'arguments': {'arrival_date': '2024-09-20', 'departure_date': '2024-09-21', 'latitude': '43.6831', 'longitude': '-79.6143', 'radius': 10}}
{'name': 'Search_Hotels_By_Coordinates', 'arguments': {'arrival_date': '2024-09-20', 'departure_date': '2024-09-21', 'latitude': '43.6831', 'longitude': '-79.6143', 'radius': 10}}
2025-07-22 04:30:10,329 - evaluation_logger_Cross-150 - INFO - Rule-based compare success.
2025-07-22 04:30:10,329 - evaluation_logger_Cross-150 - INFO - Success matched: [{'name': 'Search_Hotels_By_Coordinates', 'arguments': {'arrival_date': '2024-09-20', 'departure_date': '2024-09-21', 'latitude': '43.6831', 'longitude': '-79.6143', 'radius': 10}}]
2025-07-22 04:31:23,854 - evaluation_logger_Cross-150 - INFO - Start compare_single_call: 
{'name': 'Search_Flight_Location', 'arguments': {'query': 'Beijing'}}
{'name': 'Search_Flight_Location', 'arguments': {'query': 'Beijing'}}
2025-07-22 04:31:23,855 - evaluation_logger_Cross-150 - INFO - Rule-based compare success.
2025-07-22 04:31:23,855 - evaluation_logger_Cross-150 - INFO - Success matched: [{'name': 'Search_Flight_Location', 'arguments': {'query': 'Beijing'}}]
2025-07-22 04:31:23,856 - evaluation_logger_Cross-150 - INFO - Start compare_single_call: 
{'name': 'Search_Flight_Location', 'arguments': {'query': 'Toronto'}}
{'name': 'Search_Flight_Location', 'arguments': {'query': 'Toronto'}}
2025-07-22 04:31:23,856 - evaluation_logger_Cross-150 - INFO - Rule-based compare success.
2025-07-22 04:31:23,856 - evaluation_logger_Cross-150 - INFO - Success matched: [{'name': 'Search_Flight_Location', 'arguments': {'query': 'Toronto'}}]
2025-07-22 04:31:23,857 - evaluation_logger_Cross-150 - INFO - Start compare_single_call: 
{'name': 'Search_Flights', 'arguments': {'departDate': '2024-09-20', 'fromId': 'PEK.AIRPORT', 'sort': 'FASTEST', 'toId': 'YYZ.AIRPORT'}}
{'name': 'Search_Flights', 'arguments': {'departDate': '2024-09-20', 'fromId': 'PEK.AIRPORT', 'sort': 'FASTEST', 'toId': 'YYZ.AIRPORT'}}
2025-07-22 04:31:23,857 - evaluation_logger_Cross-150 - INFO - Rule-based compare success.
2025-07-22 04:31:23,857 - evaluation_logger_Cross-150 - INFO - Success matched: [{'name': 'Search_Flights', 'arguments': {'departDate': '2024-09-20', 'fromId': 'PEK.AIRPORT', 'sort': 'FASTEST', 'toId': 'YYZ.AIRPORT'}}]
2025-07-22 04:31:23,857 - evaluation_logger_Cross-150 - INFO - Start compare_single_call: 
{'name': 'Get_Flight_Details', 'arguments': {'token': 'd7699_H4sIAAAAAAAA_z2QW2-jMBCFf036hsE2C6GStWKBRkmApuVSkReLOA6hyZYKewXh13caqpVHc75zNJYvZ60_1aNpnq5tc9bK-KdQ0-muqbVEovtrnnpoh667tB-NWbe9uYu2VbUnVhbtTGwasMRj9VuO2lC9YA_tQaKaGZ7nzagEW_5Qzxxku2H5VqbZPRKdZjayi2L1x833eDWHPVtt_CXd392RJcEwPE--SkIFGrlJHrnpU1m-WmtahpttESpdXNcqLjdZHEY4nyqV5OUubYcxvVxGyEiWR9_ZS_quhjj0VZw_bePAmpLbuEqz4VbcBp28LGgIdT9WCsEwgtt6-O67WjE6k9AMWzMeNcs2Pn39mdGMOtTx5ueODBPiOQhTSuiDklcpdNt9bOWNBT4mvwz4QflJbKPifuCQ__Z5QQJsXeT11AMtqA_VcAth0DOoBVrzJENlDnTg7veMmOXIqesIewkoOSa1ADhxG3rLMZr3vvP1G8jEBXEdZ_oC1Argov8BAAA.'}}
{'name': 'Get_Flight_Details', 'arguments': {'token': 'd7699_H4sIAAAAAAAA_z2QW2-jMBCFf036hsE2C6GStWKBRkmApuVSkReLOA6hyZYKewXh13caqpVHc75zNJYvZ60_1aNpnq5tc9bK-KdQ0-muqbVEovtrnnpoh667tB-NWbe9uYu2VbUnVhbtTGwasMRj9VuO2lC9YA_tQaKaGZ7nzagEW_5Qzxxku2H5VqbZPRKdZjayi2L1x833eDWHPVtt_CXd392RJcEwPE--SkIFGrlJHrnpU1m-WmtahpttESpdXNcqLjdZHEY4nyqV5OUubYcxvVxGyEiWR9_ZS_quhjj0VZw_bePAmpLbuEqz4VbcBp28LGgIdT9WCsEwgtt6-O67WjE6k9AMWzMeNcs2Pn39mdGMOtTx5ueODBPiOQhTSuiDklcpdNt9bOWNBT4mvwz4QflJbKPifuCQ__Z5QQJsXeT11AMtqA_VcAth0DOoBVrzJENlDnTg7veMmOXIqesIewkoOSa1ADhxG3rLMZr3vvP1G8jEBXEdZ_oC1Argov8BAAA.'}}
2025-07-22 04:31:23,858 - evaluation_logger_Cross-150 - INFO - Rule-based compare success.
2025-07-22 04:31:23,858 - evaluation_logger_Cross-150 - INFO - Success matched: [{'name': 'Get_Flight_Details', 'arguments': {'token': 'd7699_H4sIAAAAAAAA_z2QW2-jMBCFf036hsE2C6GStWKBRkmApuVSkReLOA6hyZYKewXh13caqpVHc75zNJYvZ60_1aNpnq5tc9bK-KdQ0-muqbVEovtrnnpoh667tB-NWbe9uYu2VbUnVhbtTGwasMRj9VuO2lC9YA_tQaKaGZ7nzagEW_5Qzxxku2H5VqbZPRKdZjayi2L1x833eDWHPVtt_CXd392RJcEwPE--SkIFGrlJHrnpU1m-WmtahpttESpdXNcqLjdZHEY4nyqV5OUubYcxvVxGyEiWR9_ZS_quhjj0VZw_bePAmpLbuEqz4VbcBp28LGgIdT9WCsEwgtt6-O67WjE6k9AMWzMeNcs2Pn39mdGMOtTx5ueODBPiOQhTSuiDklcpdNt9bOWNBT4mvwz4QflJbKPifuCQ__Z5QQJsXeT11AMtqA_VcAth0DOoBVrzJENlDnTg7veMmOXIqesIewkoOSa1ADhxG3rLMZr3vvP1G8jEBXEdZ_oC1Argov8BAAA.'}}]
2025-07-22 04:31:23,859 - evaluation_logger_Cross-150 - INFO - Start compare_single_call: 
{'name': 'Location_to_Lat_Long', 'arguments': {'query': 'Toronto Pearson International Airport'}}
{'name': 'Location_to_Lat_Long', 'arguments': {'query': 'Toronto Pearson International Airport'}}
2025-07-22 04:31:23,859 - evaluation_logger_Cross-150 - INFO - Rule-based compare success.
2025-07-22 04:31:23,859 - evaluation_logger_Cross-150 - INFO - Success matched: [{'name': 'Location_to_Lat_Long', 'arguments': {'query': 'Toronto Pearson International Airport'}}]
2025-07-22 04:31:23,859 - evaluation_logger_Cross-150 - INFO - Start compare_single_call: 
{'name': 'Search_Hotels_By_Coordinates', 'arguments': {'arrival_date': '2024-09-20', 'departure_date': '2024-09-21', 'latitude': '43.6831', 'longitude': '-79.6143', 'radius': 10}}
{'name': 'Search_Hotels_By_Coordinates', 'arguments': {'arrival_date': '2024-09-20', 'departure_date': '2024-09-21', 'latitude': '43.6831', 'longitude': '-79.6143', 'radius': 10}}
2025-07-22 04:31:23,859 - evaluation_logger_Cross-150 - INFO - Rule-based compare success.
2025-07-22 04:31:23,859 - evaluation_logger_Cross-150 - INFO - Success matched: [{'name': 'Search_Hotels_By_Coordinates', 'arguments': {'arrival_date': '2024-09-20', 'departure_date': '2024-09-21', 'latitude': '43.6831', 'longitude': '-79.6143', 'radius': 10}}]
2025-07-22 04:31:44,345 - evaluation_logger_Cross-150 - ERROR - 'questions'
