2025-07-22 07:58:35,540 - evaluation_logger_Flights-60 - INFO - Test Example Flights-60
2025-07-22 07:58:35,540 - evaluation_logger_Flights-60 - INFO - Query: Our company is planning to organize a three-day trip from Shanghai to Singapore. Right now, we have a rough plan: it could be either during the Mid-Autumn Festival (from September 14th to 17th, 2024) or the National Day (from October 5th to 8th, 2024). I need to find out the best air tickets and detailed information about the flights during these two time periods.
2025-07-22 08:00:18,862 - evaluation_logger_Flights-60 - INFO - Start compare_single_call: 
{'name': 'Search_Flight_Location', 'arguments': {'query': 'Shanghai'}}
{'name': 'Search_Flight_Location', 'arguments': {'query': 'Shanghai'}}
2025-07-22 08:00:18,862 - evaluation_logger_Flights-60 - INFO - Rule-based compare success.
2025-07-22 08:00:18,862 - evaluation_logger_Flights-60 - INFO - Success matched: [{'name': 'Search_Flight_Location', 'arguments': {'query': 'Shanghai'}}]
2025-07-22 08:00:18,866 - evaluation_logger_Flights-60 - INFO - Start compare_single_call: 
{'name': 'Search_Flight_Location', 'arguments': {'query': 'Singapore'}}
{'name': 'Search_Flight_Location', 'arguments': {'query': 'Singapore'}}
2025-07-22 08:00:18,866 - evaluation_logger_Flights-60 - INFO - Rule-based compare success.
2025-07-22 08:00:18,866 - evaluation_logger_Flights-60 - INFO - Success matched: [{'name': 'Search_Flight_Location', 'arguments': {'query': 'Singapore'}}]
2025-07-22 08:00:18,867 - evaluation_logger_Flights-60 - INFO - Start compare_single_call: 
{'name': 'Search_Flights', 'arguments': {'departDate': '2024-09-14', 'fromId': 'PVG.AIRPORT', 'returnDate': '2024-09-17', 'sort': 'BEST', 'toId': 'SIN.AIRPORT'}}
{'name': 'Search_Flights', 'arguments': {'departDate': '2024-09-14', 'fromId': 'PVG.AIRPORT', 'returnDate': '2024-09-17', 'sort': 'BEST', 'toId': 'SIN.AIRPORT'}}
2025-07-22 08:00:18,867 - evaluation_logger_Flights-60 - INFO - Rule-based compare success.
2025-07-22 08:00:18,867 - evaluation_logger_Flights-60 - INFO - Success matched: [{'name': 'Search_Flights', 'arguments': {'departDate': '2024-09-14', 'fromId': 'PVG.AIRPORT', 'returnDate': '2024-09-17', 'sort': 'BEST', 'toId': 'SIN.AIRPORT'}}]
2025-07-22 08:02:06,373 - evaluation_logger_Flights-60 - INFO - Start compare_single_call: 
{'name': 'Search_Flights', 'arguments': {'departDate': '2024-09-14', 'fromId': 'PVG.AIRPORT', 'returnDate': '2024-09-17', 'sort': 'BEST', 'toId': 'SIN.AIRPORT'}}
{'name': 'Search_Flights', 'arguments': {'departDate': '2024-09-14', 'fromId': 'PVG.AIRPORT', 'returnDate': '2024-09-17', 'sort': 'BEST', 'toId': 'SIN.AIRPORT'}}
2025-07-22 08:02:06,374 - evaluation_logger_Flights-60 - INFO - Rule-based compare success.
2025-07-22 08:02:06,374 - evaluation_logger_Flights-60 - INFO - Success matched: [{'name': 'Search_Flights', 'arguments': {'departDate': '2024-09-14', 'fromId': 'PVG.AIRPORT', 'returnDate': '2024-09-17', 'sort': 'BEST', 'toId': 'SIN.AIRPORT'}}]
2025-07-22 08:02:06,375 - evaluation_logger_Flights-60 - INFO - Start compare_single_call: 
{'name': 'Search_Flights', 'arguments': {'departDate': '2024-10-05', 'fromId': 'PVG.AIRPORT', 'returnDate': '2024-10-08', 'sort': 'BEST', 'toId': 'SIN.AIRPORT'}}
{'name': 'Search_Flights', 'arguments': {'departDate': '2024-10-05', 'fromId': 'PVG.AIRPORT', 'returnDate': '2024-10-08', 'sort': 'BEST', 'toId': 'SIN.AIRPORT'}}
2025-07-22 08:02:06,375 - evaluation_logger_Flights-60 - INFO - Rule-based compare success.
2025-07-22 08:02:06,375 - evaluation_logger_Flights-60 - INFO - Success matched: [{'name': 'Search_Flights', 'arguments': {'departDate': '2024-10-05', 'fromId': 'PVG.AIRPORT', 'returnDate': '2024-10-08', 'sort': 'BEST', 'toId': 'SIN.AIRPORT'}}]
