2025-07-22 08:28:59,495 - evaluation_logger_Flights-130 - INFO - Test Example Flights-130
2025-07-22 08:28:59,496 - evaluation_logger_Flights-130 - INFO - Query: I'm supposed to fly from Sydney to Auckland for business in November, but I don't want to take flights operated by LATAM. Help me check the best air tickets for November 1st and November 10th, 2024. If the best tickets for both of these days are operated by LATAM, then check the best ticket for November 20th instead. After you figure out the flight route I can take, check the detailed information for that route.
2025-07-22 08:31:01,681 - evaluation_logger_Flights-130 - INFO - Start compare_single_call: 
{'name': 'Search_Flight_Location', 'arguments': {'query': 'Sydney'}}
{'name': 'Search_Flight_Location', 'arguments': {'query': 'Sydney'}}
2025-07-22 08:31:01,681 - evaluation_logger_Flights-130 - INFO - Rule-based compare success.
2025-07-22 08:31:01,681 - evaluation_logger_Flights-130 - INFO - Success matched: [{'name': 'Search_Flight_Location', 'arguments': {'query': 'Sydney'}}]
2025-07-22 08:31:01,683 - evaluation_logger_Flights-130 - INFO - Start compare_single_call: 
{'name': 'Search_Flight_Location', 'arguments': {'query': 'Auckland'}}
{'name': 'Search_Flight_Location', 'arguments': {'query': 'Auckland'}}
2025-07-22 08:31:01,683 - evaluation_logger_Flights-130 - INFO - Rule-based compare success.
2025-07-22 08:31:01,684 - evaluation_logger_Flights-130 - INFO - Success matched: [{'name': 'Search_Flight_Location', 'arguments': {'query': 'Auckland'}}]
2025-07-22 08:31:01,685 - evaluation_logger_Flights-130 - INFO - Start compare_single_call: 
{'name': 'Search_Flights', 'arguments': {'departDate': '2024-11-01', 'fromId': 'SYD.AIRPORT', 'sort': 'BEST', 'toId': 'AKL.AIRPORT'}}
{'name': 'Search_Flights', 'arguments': {'departDate': '2024-11-01', 'fromId': 'SYD.AIRPORT', 'sort': 'BEST', 'toId': 'AKL.AIRPORT'}}
2025-07-22 08:31:01,685 - evaluation_logger_Flights-130 - INFO - Rule-based compare success.
2025-07-22 08:31:01,685 - evaluation_logger_Flights-130 - INFO - Success matched: [{'name': 'Search_Flights', 'arguments': {'departDate': '2024-11-01', 'fromId': 'SYD.AIRPORT', 'sort': 'BEST', 'toId': 'AKL.AIRPORT'}}]
2025-07-22 08:32:22,316 - evaluation_logger_Flights-130 - INFO - Start compare_single_call: 
{'name': 'Search_Flight_Location', 'arguments': {'query': 'Sydney'}}
{'name': 'Search_Flight_Location', 'arguments': {'query': 'Sydney'}}
2025-07-22 08:32:22,317 - evaluation_logger_Flights-130 - INFO - Rule-based compare success.
2025-07-22 08:32:22,317 - evaluation_logger_Flights-130 - INFO - Success matched: [{'name': 'Search_Flight_Location', 'arguments': {'query': 'Sydney'}}]
2025-07-22 08:32:22,317 - evaluation_logger_Flights-130 - INFO - Start compare_single_call: 
{'name': 'Search_Flight_Location', 'arguments': {'query': 'Auckland'}}
{'name': 'Search_Flight_Location', 'arguments': {'query': 'Auckland'}}
2025-07-22 08:32:22,317 - evaluation_logger_Flights-130 - INFO - Rule-based compare success.
2025-07-22 08:32:22,318 - evaluation_logger_Flights-130 - INFO - Success matched: [{'name': 'Search_Flight_Location', 'arguments': {'query': 'Auckland'}}]
2025-07-22 08:32:22,318 - evaluation_logger_Flights-130 - INFO - Start compare_single_call: 
{'name': 'Search_Flights', 'arguments': {'departDate': '2024-11-01', 'fromId': 'SYD.AIRPORT', 'sort': 'BEST', 'toId': 'AKL.AIRPORT'}}
{'name': 'Search_Flights', 'arguments': {'departDate': '2024-11-01', 'fromId': 'SYD.AIRPORT', 'sort': 'BEST', 'toId': 'AKL.AIRPORT'}}
2025-07-22 08:32:22,318 - evaluation_logger_Flights-130 - INFO - Rule-based compare success.
2025-07-22 08:32:22,318 - evaluation_logger_Flights-130 - INFO - Success matched: [{'name': 'Search_Flights', 'arguments': {'departDate': '2024-11-01', 'fromId': 'SYD.AIRPORT', 'sort': 'BEST', 'toId': 'AKL.AIRPORT'}}]
2025-07-22 08:35:34,445 - evaluation_logger_Flights-130 - INFO - Start compare_single_call: 
{'name': 'Search_Flight_Location', 'arguments': {'query': 'Sydney'}}
{'name': 'Search_Flight_Location', 'arguments': {'query': 'Sydney'}}
2025-07-22 08:35:34,445 - evaluation_logger_Flights-130 - INFO - Rule-based compare success.
2025-07-22 08:35:34,446 - evaluation_logger_Flights-130 - INFO - Success matched: [{'name': 'Search_Flight_Location', 'arguments': {'query': 'Sydney'}}]
2025-07-22 08:35:34,446 - evaluation_logger_Flights-130 - INFO - Start compare_single_call: 
{'name': 'Search_Flight_Location', 'arguments': {'query': 'Auckland'}}
{'name': 'Search_Flight_Location', 'arguments': {'query': 'Auckland'}}
2025-07-22 08:35:34,447 - evaluation_logger_Flights-130 - INFO - Rule-based compare success.
2025-07-22 08:35:34,447 - evaluation_logger_Flights-130 - INFO - Success matched: [{'name': 'Search_Flight_Location', 'arguments': {'query': 'Auckland'}}]
2025-07-22 08:35:34,447 - evaluation_logger_Flights-130 - INFO - Start compare_single_call: 
{'name': 'Search_Flights', 'arguments': {'departDate': '2024-11-01', 'fromId': 'SYD.AIRPORT', 'sort': 'BEST', 'toId': 'AKL.AIRPORT'}}
{'name': 'Search_Flights', 'arguments': {'departDate': '2024-11-01', 'fromId': 'SYD.AIRPORT', 'sort': 'BEST', 'toId': 'AKL.AIRPORT'}}
2025-07-22 08:35:34,447 - evaluation_logger_Flights-130 - INFO - Rule-based compare success.
2025-07-22 08:35:34,447 - evaluation_logger_Flights-130 - INFO - Success matched: [{'name': 'Search_Flights', 'arguments': {'departDate': '2024-11-01', 'fromId': 'SYD.AIRPORT', 'sort': 'BEST', 'toId': 'AKL.AIRPORT'}}]
2025-07-22 08:35:34,448 - evaluation_logger_Flights-130 - INFO - Start compare_single_call: 
{'name': 'Search_Flights', 'arguments': {'departDate': '2024-11-10', 'fromId': 'SYD.AIRPORT', 'sort': 'BEST', 'toId': 'AKL.AIRPORT'}}
{'name': 'Search_Flights', 'arguments': {'departDate': '2024-11-10', 'fromId': 'SYD.AIRPORT', 'sort': 'BEST', 'toId': 'AKL.AIRPORT'}}
2025-07-22 08:35:34,448 - evaluation_logger_Flights-130 - INFO - Rule-based compare success.
2025-07-22 08:35:34,448 - evaluation_logger_Flights-130 - INFO - Success matched: [{'name': 'Search_Flights', 'arguments': {'departDate': '2024-11-10', 'fromId': 'SYD.AIRPORT', 'sort': 'BEST', 'toId': 'AKL.AIRPORT'}}]
2025-07-22 08:37:49,599 - evaluation_logger_Flights-130 - INFO - Start compare_single_call: 
{'name': 'Search_Flight_Location', 'arguments': {'query': 'Sydney'}}
{'name': 'Search_Flight_Location', 'arguments': {'query': 'Sydney'}}
2025-07-22 08:37:49,599 - evaluation_logger_Flights-130 - INFO - Rule-based compare success.
2025-07-22 08:37:49,600 - evaluation_logger_Flights-130 - INFO - Success matched: [{'name': 'Search_Flight_Location', 'arguments': {'query': 'Sydney'}}]
2025-07-22 08:37:49,600 - evaluation_logger_Flights-130 - INFO - Start compare_single_call: 
{'name': 'Search_Flight_Location', 'arguments': {'query': 'Auckland'}}
{'name': 'Search_Flight_Location', 'arguments': {'query': 'Auckland'}}
2025-07-22 08:37:49,600 - evaluation_logger_Flights-130 - INFO - Rule-based compare success.
2025-07-22 08:37:49,600 - evaluation_logger_Flights-130 - INFO - Success matched: [{'name': 'Search_Flight_Location', 'arguments': {'query': 'Auckland'}}]
2025-07-22 08:37:49,601 - evaluation_logger_Flights-130 - INFO - Start compare_single_call: 
{'name': 'Search_Flights', 'arguments': {'departDate': '2024-11-01', 'fromId': 'SYD.AIRPORT', 'sort': 'BEST', 'toId': 'AKL.AIRPORT'}}
{'name': 'Search_Flights', 'arguments': {'departDate': '2024-11-01', 'fromId': 'SYD.AIRPORT', 'sort': 'BEST', 'toId': 'AKL.AIRPORT'}}
2025-07-22 08:37:49,601 - evaluation_logger_Flights-130 - INFO - Rule-based compare success.
2025-07-22 08:37:49,601 - evaluation_logger_Flights-130 - INFO - Success matched: [{'name': 'Search_Flights', 'arguments': {'departDate': '2024-11-01', 'fromId': 'SYD.AIRPORT', 'sort': 'BEST', 'toId': 'AKL.AIRPORT'}}]
2025-07-22 08:37:49,602 - evaluation_logger_Flights-130 - INFO - Start compare_single_call: 
{'name': 'Search_Flights', 'arguments': {'departDate': '2024-11-10', 'fromId': 'SYD.AIRPORT', 'sort': 'BEST', 'toId': 'AKL.AIRPORT'}}
{'name': 'Search_Flights', 'arguments': {'departDate': '2024-11-10', 'fromId': 'SYD.AIRPORT', 'sort': 'BEST', 'toId': 'AKL.AIRPORT'}}
2025-07-22 08:37:49,602 - evaluation_logger_Flights-130 - INFO - Rule-based compare success.
2025-07-22 08:37:49,602 - evaluation_logger_Flights-130 - INFO - Success matched: [{'name': 'Search_Flights', 'arguments': {'departDate': '2024-11-10', 'fromId': 'SYD.AIRPORT', 'sort': 'BEST', 'toId': 'AKL.AIRPORT'}}]
