2025-07-22 08:23:38,638 - evaluation_logger_Flights-120 - INFO - Test Example Flights-120
2025-07-22 08:23:38,638 - evaluation_logger_Flights-120 - INFO - Query: I plan to go to Austin and San Antonio, staying 4 days in each place, and then return to Houston. I haven't decided whether to go to Austin first or San Antonio first. Please help me find the departure date of the cheapest flight around November 10th, 2024, and provide the detailed information for that flight.
2025-07-22 08:26:17,289 - evaluation_logger_Flights-120 - INFO - Start compare_single_call: 
{'name': 'Search_Flight_Location', 'arguments': {'query': 'Houston'}}
{'name': 'Search_Flight_Location', 'arguments': {'query': 'Houston'}}
2025-07-22 08:26:17,289 - evaluation_logger_Flights-120 - INFO - Rule-based compare success.
2025-07-22 08:26:17,289 - evaluation_logger_Flights-120 - INFO - Success matched: [{'name': 'Search_Flight_Location', 'arguments': {'query': 'Houston'}}]
2025-07-22 08:26:17,295 - evaluation_logger_Flights-120 - INFO - Start compare_single_call: 
{'name': 'Search_Flight_Location', 'arguments': {'query': 'Austin'}}
{'name': 'Search_Flight_Location', 'arguments': {'query': 'Austin'}}
2025-07-22 08:26:17,295 - evaluation_logger_Flights-120 - INFO - Rule-based compare success.
2025-07-22 08:26:17,295 - evaluation_logger_Flights-120 - INFO - Success matched: [{'name': 'Search_Flight_Location', 'arguments': {'query': 'Austin'}}]
2025-07-22 08:26:17,297 - evaluation_logger_Flights-120 - INFO - Start compare_single_call: 
{'name': 'Search_Flight_Location', 'arguments': {'query': 'San Antonio'}}
{'name': 'Search_Flight_Location', 'arguments': {'query': 'San Antonio'}}
2025-07-22 08:26:17,297 - evaluation_logger_Flights-120 - INFO - Rule-based compare success.
2025-07-22 08:26:17,297 - evaluation_logger_Flights-120 - INFO - Success matched: [{'name': 'Search_Flight_Location', 'arguments': {'query': 'San Antonio'}}]
2025-07-22 08:26:17,298 - evaluation_logger_Flights-120 - INFO - Start compare_single_call: 
{'name': 'Get_Min_Price_Multi_Stops', 'arguments': {'legs': [{'fromId': 'HOU.CITY', 'toId': 'AUS.AIRPORT', 'date': '2024-11-10'}, {'fromId': 'AUS.AIRPORT', 'toId': 'SAT.AIRPORT', 'date': '2024-11-14'}, {'fromId': 'SAT.AIRPORT', 'toId': 'HOU.CITY', 'date': '2024-11-18'}]}}
{'name': 'Get_Min_Price_Multi_Stops', 'arguments': {'legs': [{'fromId': 'HOU.CITY', 'toId': 'AUS.AIRPORT', 'date': '2024-11-10'}, {'fromId': 'AUS.AIRPORT', 'toId': 'SAT.AIRPORT', 'date': '2024-11-14'}, {'fromId': 'SAT.AIRPORT', 'toId': 'HOU.CITY', 'date': '2024-11-18'}]}}
2025-07-22 08:26:17,298 - evaluation_logger_Flights-120 - INFO - Rule-based compare success.
2025-07-22 08:26:17,298 - evaluation_logger_Flights-120 - INFO - Success matched: [{'name': 'Get_Min_Price_Multi_Stops', 'arguments': {'legs': [{'fromId': 'HOU.CITY', 'toId': 'AUS.AIRPORT', 'date': '2024-11-10'}, {'fromId': 'AUS.AIRPORT', 'toId': 'SAT.AIRPORT', 'date': '2024-11-14'}, {'fromId': 'SAT.AIRPORT', 'toId': 'HOU.CITY', 'date': '2024-11-18'}]}}]
2025-07-22 08:26:17,299 - evaluation_logger_Flights-120 - INFO - Start compare_single_call: 
{'name': 'Get_Min_Price_Multi_Stops', 'arguments': {'legs': [{'fromId': 'HOU.CITY', 'toId': 'SAT.AIRPORT', 'date': '2024-11-10'}, {'fromId': 'SAT.AIRPORT', 'toId': 'AUS.AIRPORT', 'date': '2024-11-14'}, {'fromId': 'AUS.AIRPORT', 'toId': 'HOU.CITY', 'date': '2024-11-18'}]}}
{'name': 'Get_Min_Price_Multi_Stops', 'arguments': {'legs': [{'fromId': 'HOU.CITY', 'toId': 'SAT.AIRPORT', 'date': '2024-11-10'}, {'fromId': 'SAT.AIRPORT', 'toId': 'AUS.AIRPORT', 'date': '2024-11-14'}, {'fromId': 'AUS.AIRPORT', 'toId': 'HOU.CITY', 'date': '2024-11-18'}]}}
2025-07-22 08:26:17,299 - evaluation_logger_Flights-120 - INFO - Rule-based compare success.
2025-07-22 08:26:17,299 - evaluation_logger_Flights-120 - INFO - Success matched: [{'name': 'Get_Min_Price_Multi_Stops', 'arguments': {'legs': [{'fromId': 'HOU.CITY', 'toId': 'SAT.AIRPORT', 'date': '2024-11-10'}, {'fromId': 'SAT.AIRPORT', 'toId': 'AUS.AIRPORT', 'date': '2024-11-14'}, {'fromId': 'AUS.AIRPORT', 'toId': 'HOU.CITY', 'date': '2024-11-18'}]}}]
2025-07-22 08:27:13,373 - evaluation_logger_Flights-120 - INFO - Start compare_single_call: 
{'name': 'Search_Flight_Location', 'arguments': {'query': 'Houston'}}
{'name': 'Search_Flight_Location', 'arguments': {'query': 'Houston'}}
2025-07-22 08:27:13,374 - evaluation_logger_Flights-120 - INFO - Rule-based compare success.
2025-07-22 08:27:13,374 - evaluation_logger_Flights-120 - INFO - Success matched: [{'name': 'Search_Flight_Location', 'arguments': {'query': 'Houston'}}]
2025-07-22 08:27:13,374 - evaluation_logger_Flights-120 - INFO - Start compare_single_call: 
{'name': 'Search_Flight_Location', 'arguments': {'query': 'Austin'}}
{'name': 'Search_Flight_Location', 'arguments': {'query': 'Austin'}}
2025-07-22 08:27:13,375 - evaluation_logger_Flights-120 - INFO - Rule-based compare success.
2025-07-22 08:27:13,375 - evaluation_logger_Flights-120 - INFO - Success matched: [{'name': 'Search_Flight_Location', 'arguments': {'query': 'Austin'}}]
2025-07-22 08:27:13,375 - evaluation_logger_Flights-120 - INFO - Start compare_single_call: 
{'name': 'Search_Flight_Location', 'arguments': {'query': 'San Antonio'}}
{'name': 'Search_Flight_Location', 'arguments': {'query': 'San Antonio'}}
2025-07-22 08:27:13,375 - evaluation_logger_Flights-120 - INFO - Rule-based compare success.
2025-07-22 08:27:13,375 - evaluation_logger_Flights-120 - INFO - Success matched: [{'name': 'Search_Flight_Location', 'arguments': {'query': 'San Antonio'}}]
2025-07-22 08:27:13,376 - evaluation_logger_Flights-120 - INFO - Start compare_single_call: 
{'name': 'Get_Min_Price_Multi_Stops', 'arguments': {'legs': [{'fromId': 'HOU.CITY', 'toId': 'AUS.AIRPORT', 'date': '2024-11-10'}, {'fromId': 'AUS.AIRPORT', 'toId': 'SAT.AIRPORT', 'date': '2024-11-14'}, {'fromId': 'SAT.AIRPORT', 'toId': 'HOU.CITY', 'date': '2024-11-18'}]}}
{'name': 'Get_Min_Price_Multi_Stops', 'arguments': {'legs': [{'fromId': 'HOU.CITY', 'toId': 'AUS.AIRPORT', 'date': '2024-11-10'}, {'fromId': 'AUS.AIRPORT', 'toId': 'SAT.AIRPORT', 'date': '2024-11-14'}, {'fromId': 'SAT.AIRPORT', 'toId': 'HOU.CITY', 'date': '2024-11-18'}]}}
2025-07-22 08:27:13,376 - evaluation_logger_Flights-120 - INFO - Rule-based compare success.
2025-07-22 08:27:13,376 - evaluation_logger_Flights-120 - INFO - Success matched: [{'name': 'Get_Min_Price_Multi_Stops', 'arguments': {'legs': [{'fromId': 'HOU.CITY', 'toId': 'AUS.AIRPORT', 'date': '2024-11-10'}, {'fromId': 'AUS.AIRPORT', 'toId': 'SAT.AIRPORT', 'date': '2024-11-14'}, {'fromId': 'SAT.AIRPORT', 'toId': 'HOU.CITY', 'date': '2024-11-18'}]}}]
2025-07-22 08:27:13,376 - evaluation_logger_Flights-120 - INFO - Start compare_single_call: 
{'name': 'Get_Min_Price_Multi_Stops', 'arguments': {'legs': [{'fromId': 'HOU.CITY', 'toId': 'SAT.AIRPORT', 'date': '2024-11-10'}, {'fromId': 'SAT.AIRPORT', 'toId': 'AUS.AIRPORT', 'date': '2024-11-14'}, {'fromId': 'AUS.AIRPORT', 'toId': 'HOU.CITY', 'date': '2024-11-18'}]}}
{'name': 'Get_Min_Price_Multi_Stops', 'arguments': {'legs': [{'fromId': 'HOU.CITY', 'toId': 'SAT.AIRPORT', 'date': '2024-11-10'}, {'fromId': 'SAT.AIRPORT', 'toId': 'AUS.AIRPORT', 'date': '2024-11-14'}, {'fromId': 'AUS.AIRPORT', 'toId': 'HOU.CITY', 'date': '2024-11-18'}]}}
2025-07-22 08:27:13,377 - evaluation_logger_Flights-120 - INFO - Rule-based compare success.
2025-07-22 08:27:13,377 - evaluation_logger_Flights-120 - INFO - Success matched: [{'name': 'Get_Min_Price_Multi_Stops', 'arguments': {'legs': [{'fromId': 'HOU.CITY', 'toId': 'SAT.AIRPORT', 'date': '2024-11-10'}, {'fromId': 'SAT.AIRPORT', 'toId': 'AUS.AIRPORT', 'date': '2024-11-14'}, {'fromId': 'AUS.AIRPORT', 'toId': 'HOU.CITY', 'date': '2024-11-18'}]}}]
2025-07-22 08:28:35,126 - evaluation_logger_Flights-120 - INFO - Start compare_single_call: 
{'name': 'Search_Flight_Location', 'arguments': {'query': 'Houston'}}
{'name': 'Search_Flight_Location', 'arguments': {'query': 'Houston'}}
2025-07-22 08:28:35,127 - evaluation_logger_Flights-120 - INFO - Rule-based compare success.
2025-07-22 08:28:35,127 - evaluation_logger_Flights-120 - INFO - Success matched: [{'name': 'Search_Flight_Location', 'arguments': {'query': 'Houston'}}]
2025-07-22 08:28:35,128 - evaluation_logger_Flights-120 - INFO - Start compare_single_call: 
{'name': 'Search_Flight_Location', 'arguments': {'query': 'Austin'}}
{'name': 'Search_Flight_Location', 'arguments': {'query': 'Austin'}}
2025-07-22 08:28:35,128 - evaluation_logger_Flights-120 - INFO - Rule-based compare success.
2025-07-22 08:28:35,128 - evaluation_logger_Flights-120 - INFO - Success matched: [{'name': 'Search_Flight_Location', 'arguments': {'query': 'Austin'}}]
2025-07-22 08:28:35,128 - evaluation_logger_Flights-120 - INFO - Start compare_single_call: 
{'name': 'Search_Flight_Location', 'arguments': {'query': 'San Antonio'}}
{'name': 'Search_Flight_Location', 'arguments': {'query': 'San Antonio'}}
2025-07-22 08:28:35,128 - evaluation_logger_Flights-120 - INFO - Rule-based compare success.
2025-07-22 08:28:35,128 - evaluation_logger_Flights-120 - INFO - Success matched: [{'name': 'Search_Flight_Location', 'arguments': {'query': 'San Antonio'}}]
2025-07-22 08:28:35,129 - evaluation_logger_Flights-120 - INFO - Start compare_single_call: 
{'name': 'Get_Min_Price_Multi_Stops', 'arguments': {'legs': [{'fromId': 'HOU.CITY', 'toId': 'AUS.AIRPORT', 'date': '2024-11-10'}, {'fromId': 'AUS.AIRPORT', 'toId': 'SAT.AIRPORT', 'date': '2024-11-14'}, {'fromId': 'SAT.AIRPORT', 'toId': 'HOU.CITY', 'date': '2024-11-18'}]}}
{'name': 'Get_Min_Price_Multi_Stops', 'arguments': {'legs': [{'fromId': 'HOU.CITY', 'toId': 'AUS.AIRPORT', 'date': '2024-11-10'}, {'fromId': 'AUS.AIRPORT', 'toId': 'SAT.AIRPORT', 'date': '2024-11-14'}, {'fromId': 'SAT.AIRPORT', 'toId': 'HOU.CITY', 'date': '2024-11-18'}]}}
2025-07-22 08:28:35,129 - evaluation_logger_Flights-120 - INFO - Rule-based compare success.
2025-07-22 08:28:35,129 - evaluation_logger_Flights-120 - INFO - Success matched: [{'name': 'Get_Min_Price_Multi_Stops', 'arguments': {'legs': [{'fromId': 'HOU.CITY', 'toId': 'AUS.AIRPORT', 'date': '2024-11-10'}, {'fromId': 'AUS.AIRPORT', 'toId': 'SAT.AIRPORT', 'date': '2024-11-14'}, {'fromId': 'SAT.AIRPORT', 'toId': 'HOU.CITY', 'date': '2024-11-18'}]}}]
2025-07-22 08:28:35,129 - evaluation_logger_Flights-120 - INFO - Start compare_single_call: 
{'name': 'Get_Min_Price_Multi_Stops', 'arguments': {'legs': [{'fromId': 'HOU.CITY', 'toId': 'SAT.AIRPORT', 'date': '2024-11-10'}, {'fromId': 'SAT.AIRPORT', 'toId': 'AUS.AIRPORT', 'date': '2024-11-14'}, {'fromId': 'AUS.AIRPORT', 'toId': 'HOU.CITY', 'date': '2024-11-18'}]}}
{'name': 'Get_Min_Price_Multi_Stops', 'arguments': {'legs': [{'fromId': 'HOU.CITY', 'toId': 'SAT.AIRPORT', 'date': '2024-11-10'}, {'fromId': 'SAT.AIRPORT', 'toId': 'AUS.AIRPORT', 'date': '2024-11-14'}, {'fromId': 'AUS.AIRPORT', 'toId': 'HOU.CITY', 'date': '2024-11-18'}]}}
2025-07-22 08:28:35,130 - evaluation_logger_Flights-120 - INFO - Rule-based compare success.
2025-07-22 08:28:35,130 - evaluation_logger_Flights-120 - INFO - Success matched: [{'name': 'Get_Min_Price_Multi_Stops', 'arguments': {'legs': [{'fromId': 'HOU.CITY', 'toId': 'SAT.AIRPORT', 'date': '2024-11-10'}, {'fromId': 'SAT.AIRPORT', 'toId': 'AUS.AIRPORT', 'date': '2024-11-14'}, {'fromId': 'AUS.AIRPORT', 'toId': 'HOU.CITY', 'date': '2024-11-18'}]}}]
2025-07-22 08:28:59,484 - evaluation_logger_Flights-120 - ERROR - 'questions'
