2025-07-22 07:53:14,956 - evaluation_logger_Flights-40 - INFO - Test Example Flights-40
2025-07-22 07:53:14,956 - evaluation_logger_Flights-40 - INFO - Query: I'm looking for the cheapest economy class air ticket. Right now, I'm planning to set off from Chicago on November 10th, 2024, travel through Frankfurt on November 11th and then fly to Vienna. Finally, I'll return to Chicago on November 24th, 2024. Check the details of the flights. I want to know things like the baggage limit. Thanks for your help.
2025-07-22 07:54:56,593 - evaluation_logger_Flights-40 - INFO - Start compare_single_call: 
{'name': 'Search_Flight_Location', 'arguments': {'query': 'Chicago'}}
{'name': 'Search_Flight_Location', 'arguments': {'query': 'Chicago'}}
2025-07-22 07:54:56,593 - evaluation_logger_Flights-40 - INFO - Rule-based compare success.
2025-07-22 07:54:56,593 - evaluation_logger_Flights-40 - INFO - Success matched: [{'name': 'Search_Flight_Location', 'arguments': {'query': 'Chicago'}}]
2025-07-22 07:54:56,596 - evaluation_logger_Flights-40 - INFO - Start compare_single_call: 
{'name': 'Search_Flight_Location', 'arguments': {'query': 'Frankfurt'}}
{'name': 'Search_Flight_Location', 'arguments': {'query': 'Frankfurt'}}
2025-07-22 07:54:56,596 - evaluation_logger_Flights-40 - INFO - Rule-based compare success.
2025-07-22 07:54:56,596 - evaluation_logger_Flights-40 - INFO - Success matched: [{'name': 'Search_Flight_Location', 'arguments': {'query': 'Frankfurt'}}]
2025-07-22 07:54:56,596 - evaluation_logger_Flights-40 - INFO - Start compare_single_call: 
{'name': 'Search_Flight_Location', 'arguments': {'query': 'Vienna'}}
{'name': 'Search_Flight_Location', 'arguments': {'query': 'Vienna'}}
2025-07-22 07:54:56,596 - evaluation_logger_Flights-40 - INFO - Rule-based compare success.
2025-07-22 07:54:56,597 - evaluation_logger_Flights-40 - INFO - Success matched: [{'name': 'Search_Flight_Location', 'arguments': {'query': 'Vienna'}}]
2025-07-22 07:54:56,597 - evaluation_logger_Flights-40 - INFO - Start compare_single_call: 
{'name': 'Search_Flights_Multi_Stops', 'arguments': {'cabinClass': 'ECONOMY', 'legs': [{'fromId': 'CHI.CITY', 'toId': 'FRA.CITY', 'date': '2024-11-10'}, {'fromId': 'FRA.CITY', 'toId': 'VIE.AIRPORT', 'date': '2024-11-11'}, {'fromId': 'VIE.AIRPORT', 'toId': 'CHI.CITY', 'date': '2024-11-24'}], 'sort': 'CHEAPEST'}}
{'name': 'Search_Flights_Multi_Stops', 'arguments': {'cabinClass': 'ECONOMY', 'legs': [{'fromId': 'CHI.CITY', 'toId': 'FRA.CITY', 'date': '2024-11-10'}, {'fromId': 'FRA.CITY', 'toId': 'VIE.AIRPORT', 'date': '2024-11-11'}, {'fromId': 'VIE.AIRPORT', 'toId': 'CHI.CITY', 'date': '2024-11-24'}], 'sort': 'CHEAPEST'}}
2025-07-22 07:54:56,597 - evaluation_logger_Flights-40 - INFO - Rule-based compare success.
2025-07-22 07:54:56,597 - evaluation_logger_Flights-40 - INFO - Success matched: [{'name': 'Search_Flights_Multi_Stops', 'arguments': {'cabinClass': 'ECONOMY', 'legs': [{'fromId': 'CHI.CITY', 'toId': 'FRA.CITY', 'date': '2024-11-10'}, {'fromId': 'FRA.CITY', 'toId': 'VIE.AIRPORT', 'date': '2024-11-11'}, {'fromId': 'VIE.AIRPORT', 'toId': 'CHI.CITY', 'date': '2024-11-24'}], 'sort': 'CHEAPEST'}}]
2025-07-22 07:54:56,598 - evaluation_logger_Flights-40 - INFO - Start compare_single_call: 
{'name': 'Get_Flight_Details', 'arguments': {'token': 'd6a1f_H4sIAAAAAAAA_1WQ246bMBCGnyZ7VQzmEMJKVkUJ7GaXQzcQtuTGIgQICV1X2C1snr7DQaoqW57v_-0ZeeYixC_-KMtV29QXwaXfHNVMsDoXJSrYT7nq4Dgxdms-ajlvOtl53nl7GythlH4BSHcuxiMDwJWqA8tYlmAVj9nXchAS7wry0JxKlBPJsqwZeUHwQh1ZI919xaGTpJNVMEF0ZGDXs7Joq8Sz2ZGnFys6vk_qTAKn7_2ty4Om_4zuNp81xC3vo_vBDK9vZph43v7aHpOb8S1NuDi0O-6nLzHk4eSe8SBJv4fNkMWHYuS3sOnHN-ZUy1GGOO5FALX99BiMGvL60F5pW9jTN8oC2kBIN625GZbzpS1WCGIqM54Fif3QTvxZCoIVjI353UCwpm2MB162ZSEa9vFafhLbMRRdghmzP6ouxdR2LPyfEcWqqkgw-EX7P7BhGhJMfzISMDb_1Ep12GVTb24AKw3-b9dUQcsCdZkURipSQeU0fEYHD2HFRU8W8jPwTnSzh1BQy4BwptW60tZAJR3zK6rD2VC81LvS3TuEO231QfkLA3I2gmECAAA.'}}
{'name': 'Get_Flight_Details', 'arguments': {'token': 'd6a1f_H4sIAAAAAAAA_1WQ246bMBCGnyZ7VQzmEMJKVkUJ7GaXQzcQtuTGIgQICV1X2C1snr7DQaoqW57v_-0ZeeYixC_-KMtV29QXwaXfHNVMsDoXJSrYT7nq4Dgxdms-ajlvOtl53nl7GythlH4BSHcuxiMDwJWqA8tYlmAVj9nXchAS7wry0JxKlBPJsqwZeUHwQh1ZI919xaGTpJNVMEF0ZGDXs7Joq8Sz2ZGnFys6vk_qTAKn7_2ty4Om_4zuNp81xC3vo_vBDK9vZph43v7aHpOb8S1NuDi0O-6nLzHk4eSe8SBJv4fNkMWHYuS3sOnHN-ZUy1GGOO5FALX99BiMGvL60F5pW9jTN8oC2kBIN625GZbzpS1WCGIqM54Fif3QTvxZCoIVjI353UCwpm2MB162ZSEa9vFafhLbMRRdghmzP6ouxdR2LPyfEcWqqkgw-EX7P7BhGhJMfzISMDb_1Ep12GVTb24AKw3-b9dUQcsCdZkURipSQeU0fEYHD2HFRU8W8jPwTnSzh1BQy4BwptW60tZAJR3zK6rD2VC81LvS3TuEO231QfkLA3I2gmECAAA.'}}
2025-07-22 07:54:56,598 - evaluation_logger_Flights-40 - INFO - Rule-based compare success.
2025-07-22 07:54:56,598 - evaluation_logger_Flights-40 - INFO - Success matched: [{'name': 'Get_Flight_Details', 'arguments': {'token': 'd6a1f_H4sIAAAAAAAA_1WQ246bMBCGnyZ7VQzmEMJKVkUJ7GaXQzcQtuTGIgQICV1X2C1snr7DQaoqW57v_-0ZeeYixC_-KMtV29QXwaXfHNVMsDoXJSrYT7nq4Dgxdms-ajlvOtl53nl7GythlH4BSHcuxiMDwJWqA8tYlmAVj9nXchAS7wry0JxKlBPJsqwZeUHwQh1ZI919xaGTpJNVMEF0ZGDXs7Joq8Sz2ZGnFys6vk_qTAKn7_2ty4Om_4zuNp81xC3vo_vBDK9vZph43v7aHpOb8S1NuDi0O-6nLzHk4eSe8SBJv4fNkMWHYuS3sOnHN-ZUy1GGOO5FALX99BiMGvL60F5pW9jTN8oC2kBIN625GZbzpS1WCGIqM54Fif3QTvxZCoIVjI353UCwpm2MB162ZSEa9vFafhLbMRRdghmzP6ouxdR2LPyfEcWqqkgw-EX7P7BhGhJMfzISMDb_1Ep12GVTb24AKw3-b9dUQcsCdZkURipSQeU0fEYHD2HFRU8W8jPwTnSzh1BQy4BwptW60tZAJR3zK6rD2VC81LvS3TuEO231QfkLA3I2gmECAAA.'}}]
2025-07-22 07:56:32,603 - evaluation_logger_Flights-40 - INFO - Start compare_single_call: 
{'name': 'Search_Flight_Location', 'arguments': {'query': 'Chicago'}}
{'name': 'Search_Flight_Location', 'arguments': {'query': 'Chicago'}}
2025-07-22 07:56:32,603 - evaluation_logger_Flights-40 - INFO - Rule-based compare success.
2025-07-22 07:56:32,603 - evaluation_logger_Flights-40 - INFO - Success matched: [{'name': 'Search_Flight_Location', 'arguments': {'query': 'Chicago'}}]
2025-07-22 07:56:32,604 - evaluation_logger_Flights-40 - INFO - Start compare_single_call: 
{'name': 'Search_Flight_Location', 'arguments': {'query': 'Frankfurt'}}
{'name': 'Search_Flight_Location', 'arguments': {'query': 'Frankfurt'}}
2025-07-22 07:56:32,604 - evaluation_logger_Flights-40 - INFO - Rule-based compare success.
2025-07-22 07:56:32,604 - evaluation_logger_Flights-40 - INFO - Success matched: [{'name': 'Search_Flight_Location', 'arguments': {'query': 'Frankfurt'}}]
2025-07-22 07:56:32,604 - evaluation_logger_Flights-40 - INFO - Start compare_single_call: 
{'name': 'Search_Flight_Location', 'arguments': {'query': 'Vienna'}}
{'name': 'Search_Flight_Location', 'arguments': {'query': 'Vienna'}}
2025-07-22 07:56:32,605 - evaluation_logger_Flights-40 - INFO - Rule-based compare success.
2025-07-22 07:56:32,605 - evaluation_logger_Flights-40 - INFO - Success matched: [{'name': 'Search_Flight_Location', 'arguments': {'query': 'Vienna'}}]
2025-07-22 07:56:32,605 - evaluation_logger_Flights-40 - INFO - Start compare_single_call: 
{'name': 'Search_Flights_Multi_Stops', 'arguments': {'cabinClass': 'ECONOMY', 'legs': [{'fromId': 'CHI.CITY', 'toId': 'FRA.CITY', 'date': '2024-11-10'}, {'fromId': 'FRA.CITY', 'toId': 'VIE.AIRPORT', 'date': '2024-11-11'}, {'fromId': 'VIE.AIRPORT', 'toId': 'CHI.CITY', 'date': '2024-11-24'}], 'sort': 'CHEAPEST'}}
{'name': 'Search_Flights_Multi_Stops', 'arguments': {'cabinClass': 'ECONOMY', 'legs': [{'fromId': 'CHI.CITY', 'toId': 'FRA.CITY', 'date': '2024-11-10'}, {'fromId': 'FRA.CITY', 'toId': 'VIE.AIRPORT', 'date': '2024-11-11'}, {'fromId': 'VIE.AIRPORT', 'toId': 'CHI.CITY', 'date': '2024-11-24'}], 'sort': 'CHEAPEST'}}
2025-07-22 07:56:32,605 - evaluation_logger_Flights-40 - INFO - Rule-based compare success.
2025-07-22 07:56:32,605 - evaluation_logger_Flights-40 - INFO - Success matched: [{'name': 'Search_Flights_Multi_Stops', 'arguments': {'cabinClass': 'ECONOMY', 'legs': [{'fromId': 'CHI.CITY', 'toId': 'FRA.CITY', 'date': '2024-11-10'}, {'fromId': 'FRA.CITY', 'toId': 'VIE.AIRPORT', 'date': '2024-11-11'}, {'fromId': 'VIE.AIRPORT', 'toId': 'CHI.CITY', 'date': '2024-11-24'}], 'sort': 'CHEAPEST'}}]
2025-07-22 07:56:32,606 - evaluation_logger_Flights-40 - INFO - Start compare_single_call: 
{'name': 'Get_Flight_Details', 'arguments': {'token': 'd6a1f_H4sIAAAAAAAA_1WQ246bMBCGnyZ7VQzmEMJKVkUJ7GaXQzcQtuTGIgQICV1X2C1snr7DQaoqW57v_-0ZeeYixC_-KMtV29QXwaXfHNVMsDoXJSrYT7nq4Dgxdms-ajlvOtl53nl7GythlH4BSHcuxiMDwJWqA8tYlmAVj9nXchAS7wry0JxKlBPJsqwZeUHwQh1ZI919xaGTpJNVMEF0ZGDXs7Joq8Sz2ZGnFys6vk_qTAKn7_2ty4Om_4zuNp81xC3vo_vBDK9vZph43v7aHpOb8S1NuDi0O-6nLzHk4eSe8SBJv4fNkMWHYuS3sOnHN-ZUy1GGOO5FALX99BiMGvL60F5pW9jTN8oC2kBIN625GZbzpS1WCGIqM54Fif3QTvxZCoIVjI353UCwpm2MB162ZSEa9vFafhLbMRRdghmzP6ouxdR2LPyfEcWqqkgw-EX7P7BhGhJMfzISMDb_1Ep12GVTb24AKw3-b9dUQcsCdZkURipSQeU0fEYHD2HFRU8W8jPwTnSzh1BQy4BwptW60tZAJR3zK6rD2VC81LvS3TuEO231QfkLA3I2gmECAAA.'}}
{'name': 'Get_Flight_Details', 'arguments': {'token': 'd6a1f_H4sIAAAAAAAA_1WQ246bMBCGnyZ7VQzmEMJKVkUJ7GaXQzcQtuTGIgQICV1X2C1snr7DQaoqW57v_-0ZeeYixC_-KMtV29QXwaXfHNVMsDoXJSrYT7nq4Dgxdms-ajlvOtl53nl7GythlH4BSHcuxiMDwJWqA8tYlmAVj9nXchAS7wry0JxKlBPJsqwZeUHwQh1ZI919xaGTpJNVMEF0ZGDXs7Joq8Sz2ZGnFys6vk_qTAKn7_2ty4Om_4zuNp81xC3vo_vBDK9vZph43v7aHpOb8S1NuDi0O-6nLzHk4eSe8SBJv4fNkMWHYuS3sOnHN-ZUy1GGOO5FALX99BiMGvL60F5pW9jTN8oC2kBIN625GZbzpS1WCGIqM54Fif3QTvxZCoIVjI353UCwpm2MB162ZSEa9vFafhLbMRRdghmzP6ouxdR2LPyfEcWqqkgw-EX7P7BhGhJMfzISMDb_1Ep12GVTb24AKw3-b9dUQcsCdZkURipSQeU0fEYHD2HFRU8W8jPwTnSzh1BQy4BwptW60tZAJR3zK6rD2VC81LvS3TuEO231QfkLA3I2gmECAAA.'}}
2025-07-22 07:56:32,606 - evaluation_logger_Flights-40 - INFO - Rule-based compare success.
2025-07-22 07:56:32,606 - evaluation_logger_Flights-40 - INFO - Success matched: [{'name': 'Get_Flight_Details', 'arguments': {'token': 'd6a1f_H4sIAAAAAAAA_1WQ246bMBCGnyZ7VQzmEMJKVkUJ7GaXQzcQtuTGIgQICV1X2C1snr7DQaoqW57v_-0ZeeYixC_-KMtV29QXwaXfHNVMsDoXJSrYT7nq4Dgxdms-ajlvOtl53nl7GythlH4BSHcuxiMDwJWqA8tYlmAVj9nXchAS7wry0JxKlBPJsqwZeUHwQh1ZI919xaGTpJNVMEF0ZGDXs7Joq8Sz2ZGnFys6vk_qTAKn7_2ty4Om_4zuNp81xC3vo_vBDK9vZph43v7aHpOb8S1NuDi0O-6nLzHk4eSe8SBJv4fNkMWHYuS3sOnHN-ZUy1GGOO5FALX99BiMGvL60F5pW9jTN8oC2kBIN625GZbzpS1WCGIqM54Fif3QTvxZCoIVjI353UCwpm2MB162ZSEa9vFafhLbMRRdghmzP6ouxdR2LPyfEcWqqkgw-EX7P7BhGhJMfzISMDb_1Ep12GVTb24AKw3-b9dUQcsCdZkURipSQeU0fEYHD2HFRU8W8jPwTnSzh1BQy4BwptW60tZAJR3zK6rD2VC81LvS3TuEO231QfkLA3I2gmECAAA.'}}]
