2025-07-22 06:57:04,246 - evaluation_logger_Hotels-140 - INFO - Test Example Hotels-140
2025-07-22 06:57:04,246 - evaluation_logger_Hotels-140 - INFO - Query: Our company is planning to hold its annual meeting in Miami from December 10th to December 14th, 2024. We're looking for a hotel within 50 km of South Beach for the duration of the meeting. After the meeting, we would like to take a trip to another city near the hotel from December 15th to 17th and will require hotel accommodations there as well.
2025-07-22 06:59:24,315 - evaluation_logger_Hotels-140 - INFO - Start compare_single_call: 
{'name': 'Location_to_Lat_Long', 'arguments': {'query': 'South Beach, Miami'}}
{'name': 'Location_to_Lat_Long', 'arguments': {'query': 'South Beach, Miami'}}
2025-07-22 06:59:24,316 - evaluation_logger_Hotels-140 - INFO - Rule-based compare success.
2025-07-22 06:59:24,316 - evaluation_logger_Hotels-140 - INFO - Success matched: [{'name': 'Location_to_Lat_Long', 'arguments': {'query': 'South Beach, Miami'}}]
2025-07-22 06:59:24,919 - evaluation_logger_Hotels-140 - INFO - Success matched: []
2025-07-22 07:00:36,130 - evaluation_logger_Hotels-140 - INFO - Start compare_single_call: 
{'name': 'Location_to_Lat_Long', 'arguments': {'query': 'South Beach, Miami'}}
{'name': 'Location_to_Lat_Long', 'arguments': {'query': 'South Beach, Miami'}}
2025-07-22 07:00:36,130 - evaluation_logger_Hotels-140 - INFO - Rule-based compare success.
2025-07-22 07:00:36,130 - evaluation_logger_Hotels-140 - INFO - Success matched: [{'name': 'Location_to_Lat_Long', 'arguments': {'query': 'South Beach, Miami'}}]
2025-07-22 07:00:36,517 - evaluation_logger_Hotels-140 - INFO - Success matched: []
2025-07-22 07:01:53,915 - evaluation_logger_Hotels-140 - INFO - Start compare_single_call: 
{'name': 'Location_to_Lat_Long', 'arguments': {'query': 'South Beach, Miami'}}
{'name': 'Location_to_Lat_Long', 'arguments': {'query': 'South Beach, Miami'}}
2025-07-22 07:01:53,916 - evaluation_logger_Hotels-140 - INFO - Rule-based compare success.
2025-07-22 07:01:53,916 - evaluation_logger_Hotels-140 - INFO - Success matched: [{'name': 'Location_to_Lat_Long', 'arguments': {'query': 'South Beach, Miami'}}]
2025-07-22 07:01:54,296 - evaluation_logger_Hotels-140 - INFO - Success matched: []
2025-07-22 07:01:59,242 - evaluation_logger_Hotels-140 - ERROR - 'questions'
