2025-07-22 06:30:21,708 - evaluation_logger_Hotels-60 - INFO - Test Example Hotels-60
2025-07-22 06:30:21,708 - evaluation_logger_Hotels-60 - INFO - Query: My company is planning to hold a business meeting in London from September 1st to 10th, 2024. I hope to find a hotel close to the Houses of Parliament. Check the description, payment methods, and guest reviews of these hotels.
2025-07-22 06:31:33,358 - evaluation_logger_Hotels-60 - INFO - Start compare_single_call: 
{'name': 'Location_to_Lat_Long', 'arguments': {'query': 'Houses of Parliament, London'}}
{'name': 'Location_to_Lat_Long', 'arguments': {'query': 'Houses of Parliament, London'}}
2025-07-22 06:31:33,358 - evaluation_logger_Hotels-60 - INFO - Rule-based compare success.
2025-07-22 06:31:33,359 - evaluation_logger_Hotels-60 - INFO - Success matched: [{'name': 'Location_to_Lat_Long', 'arguments': {'query': 'Houses of Parliament, London'}}]
2025-07-22 06:31:33,953 - evaluation_logger_Hotels-60 - INFO - Success matched: []
2025-07-22 06:32:44,384 - evaluation_logger_Hotels-60 - INFO - Start compare_single_call: 
{'name': 'Location_to_Lat_Long', 'arguments': {'query': 'Houses of Parliament, London'}}
{'name': 'Location_to_Lat_Long', 'arguments': {'query': 'Houses of Parliament, London'}}
2025-07-22 06:32:44,385 - evaluation_logger_Hotels-60 - INFO - Rule-based compare success.
2025-07-22 06:32:44,385 - evaluation_logger_Hotels-60 - INFO - Success matched: [{'name': 'Location_to_Lat_Long', 'arguments': {'query': 'Houses of Parliament, London'}}]
2025-07-22 06:32:44,758 - evaluation_logger_Hotels-60 - INFO - Success matched: []
2025-07-22 06:33:35,705 - evaluation_logger_Hotels-60 - INFO - Start compare_single_call: 
{'name': 'Location_to_Lat_Long', 'arguments': {'query': 'Houses of Parliament, London'}}
{'name': 'Location_to_Lat_Long', 'arguments': {'query': 'Houses of Parliament, London'}}
2025-07-22 06:33:35,705 - evaluation_logger_Hotels-60 - INFO - Rule-based compare success.
2025-07-22 06:33:35,706 - evaluation_logger_Hotels-60 - INFO - Success matched: [{'name': 'Location_to_Lat_Long', 'arguments': {'query': 'Houses of Parliament, London'}}]
2025-07-22 06:33:35,706 - evaluation_logger_Hotels-60 - INFO - Start compare_single_call: 
{'name': 'Search_Hotels_By_Coordinates', 'arguments': {'arrival_date': '2024-09-01', 'departure_date': '2024-09-10', 'latitude': '51.4994794', 'longitude': '-0.1248092'}}
{'name': 'Search_Hotels_By_Coordinates', 'arguments': {'arrival_date': '2024-09-01', 'departure_date': '2024-09-10', 'latitude': '51.4994794', 'longitude': '-0.1248092'}}
2025-07-22 06:33:35,707 - evaluation_logger_Hotels-60 - INFO - Rule-based compare success.
2025-07-22 06:33:35,707 - evaluation_logger_Hotels-60 - INFO - Success matched: [{'name': 'Search_Hotels_By_Coordinates', 'arguments': {'arrival_date': '2024-09-01', 'departure_date': '2024-09-10', 'latitude': '51.4994794', 'longitude': '-0.1248092'}}]
2025-07-22 06:33:36,080 - evaluation_logger_Hotels-60 - INFO - Success matched: []
2025-07-22 06:34:43,164 - evaluation_logger_Hotels-60 - INFO - Start compare_single_call: 
{'name': 'Location_to_Lat_Long', 'arguments': {'query': 'Houses of Parliament, London'}}
{'name': 'Location_to_Lat_Long', 'arguments': {'query': 'Houses of Parliament, London'}}
2025-07-22 06:34:43,165 - evaluation_logger_Hotels-60 - INFO - Rule-based compare success.
2025-07-22 06:34:43,165 - evaluation_logger_Hotels-60 - INFO - Success matched: [{'name': 'Location_to_Lat_Long', 'arguments': {'query': 'Houses of Parliament, London'}}]
2025-07-22 06:34:43,165 - evaluation_logger_Hotels-60 - INFO - Start compare_single_call: 
{'name': 'Search_Hotels_By_Coordinates', 'arguments': {'arrival_date': '2024-09-01', 'departure_date': '2024-09-10', 'latitude': '51.4994794', 'longitude': '-0.1248092'}}
{'name': 'Search_Hotels_By_Coordinates', 'arguments': {'arrival_date': '2024-09-01', 'departure_date': '2024-09-10', 'latitude': '51.4994794', 'longitude': '-0.1248092'}}
2025-07-22 06:34:43,166 - evaluation_logger_Hotels-60 - INFO - Rule-based compare success.
2025-07-22 06:34:43,166 - evaluation_logger_Hotels-60 - INFO - Success matched: [{'name': 'Search_Hotels_By_Coordinates', 'arguments': {'arrival_date': '2024-09-01', 'departure_date': '2024-09-10', 'latitude': '51.4994794', 'longitude': '-0.1248092'}}]
2025-07-22 06:34:43,537 - evaluation_logger_Hotels-60 - INFO - Success matched: []
2025-07-22 06:34:57,421 - evaluation_logger_Hotels-60 - ERROR - 'questions'
