2025-07-24 09:30:54,412 - evaluation_logger_Attraction-90 - INFO - Test Example Attraction-90
2025-07-24 09:30:54,412 - evaluation_logger_Attraction-90 - INFO - Query: With the 2024 China's National Day holiday coming up, I'm planning a budget trip to Beijing. Help me find the three cheapest sightseeing options in Beijing during that time and check ticket availability for October 3.
2025-07-24 13:00:05,439 - evaluation_logger_Attraction-90 - INFO - Test Example Attraction-90
2025-07-24 13:00:05,439 - evaluation_logger_Attraction-90 - INFO - Query: With the 2024 China's National Day holiday coming up, I'm planning a budget trip to Beijing. Help me find the three cheapest sightseeing options in Beijing during that time and check ticket availability for October 3.
2025-07-24 13:11:10,533 - evaluation_logger_Attraction-90 - INFO - Start compare_single_call: 
{'name': 'Search_Attraction_Location', 'arguments': {'query': 'Beijing'}}
{'name': 'Search_Attraction_Location', 'arguments': {'query': 'Beijing'}}
2025-07-24 13:11:10,533 - evaluation_logger_Attraction-90 - INFO - Rule-based compare success.
2025-07-24 13:11:10,534 - evaluation_logger_Attraction-90 - INFO - Success matched: [{'name': 'Search_Attraction_Location', 'arguments': {'query': 'Beijing'}}]
2025-07-24 13:11:11,175 - evaluation_logger_Attraction-90 - INFO - Success matched: []
2025-07-24 13:12:07,749 - evaluation_logger_Attraction-90 - INFO - Start compare_single_call: 
{'name': 'Search_Attractions', 'arguments': {'id': 'eyJ1ZmkiOi0xODk4NTQxfQ==', 'sortBy': 'lowest_price'}}
{'name': 'Search_Attractions', 'arguments': {'id': 'eyJ1ZmkiOi0xODk4NTQxfQ==', 'sortBy': 'lowest_price'}}
2025-07-24 13:12:07,749 - evaluation_logger_Attraction-90 - INFO - Rule-based compare success.
2025-07-24 13:12:07,750 - evaluation_logger_Attraction-90 - INFO - Success matched: [{'name': 'Search_Attractions', 'arguments': {'id': 'eyJ1ZmkiOi0xODk4NTQxfQ==', 'sortBy': 'lowest_price'}}]
2025-07-24 13:12:32,990 - evaluation_logger_Attraction-90 - INFO - Start compare_single_call: 
{'name': 'Get_Availability', 'arguments': {'date': '2024-10-03', 'slug': 'pr0cqouqzzrq-beijing-summer-palace-entrance-ticket-with-optional-guided-service'}}
{'name': 'Get_Availability', 'arguments': {'date': '2024-10-03', 'slug': 'pr0cqouqzzrq-beijing-summer-palace-entrance-ticket-with-optional-guided-service'}}
2025-07-24 13:12:32,990 - evaluation_logger_Attraction-90 - INFO - Rule-based compare success.
2025-07-24 13:12:32,990 - evaluation_logger_Attraction-90 - INFO - Success matched: [{'name': 'Get_Availability', 'arguments': {'date': '2024-10-03', 'slug': 'pr0cqouqzzrq-beijing-summer-palace-entrance-ticket-with-optional-guided-service'}}]
2025-07-24 13:12:32,991 - evaluation_logger_Attraction-90 - INFO - Start compare_single_call: 
{'name': 'Get_Availability', 'arguments': {'date': '2024-10-03', 'slug': 'przizuyvtwaz-beijing-temple-of-heaven-entrance-ticket-with-optional-guided-servi'}}
{'name': 'Get_Availability', 'arguments': {'date': '2024-10-03', 'slug': 'przizuyvtwaz-beijing-temple-of-heaven-entrance-ticket-with-optional-guided-servi'}}
2025-07-24 13:12:32,991 - evaluation_logger_Attraction-90 - INFO - Rule-based compare success.
2025-07-24 13:12:32,991 - evaluation_logger_Attraction-90 - INFO - Success matched: [{'name': 'Get_Availability', 'arguments': {'date': '2024-10-03', 'slug': 'przizuyvtwaz-beijing-temple-of-heaven-entrance-ticket-with-optional-guided-servi'}}]
2025-07-24 13:12:32,991 - evaluation_logger_Attraction-90 - INFO - Start compare_single_call: 
{'name': 'Get_Availability', 'arguments': {'date': '2024-10-03', 'slug': 'prahtvlml64b-summer-palace-admission-ticket-pre-booking-service'}}
{'name': 'Get_Availability', 'arguments': {'date': '2024-10-03', 'slug': 'prahtvlml64b-summer-palace-admission-ticket-pre-booking-service'}}
2025-07-24 13:12:32,991 - evaluation_logger_Attraction-90 - INFO - Rule-based compare success.
2025-07-24 13:12:32,991 - evaluation_logger_Attraction-90 - INFO - Success matched: [{'name': 'Get_Availability', 'arguments': {'date': '2024-10-03', 'slug': 'prahtvlml64b-summer-palace-admission-ticket-pre-booking-service'}}]
2025-07-24 13:12:59,149 - evaluation_logger_Attraction-90 - INFO - Start compare_single_call: 
{'name': 'Get_Availability', 'arguments': {'date': '2024-10-03', 'slug': 'pr0cqouqzzrq-beijing-summer-palace-entrance-ticket-with-optional-guided-service'}}
{'name': 'Get_Availability', 'arguments': {'date': '2024-10-03', 'slug': 'pr0cqouqzzrq-beijing-summer-palace-entrance-ticket-with-optional-guided-service'}}
2025-07-24 13:12:59,150 - evaluation_logger_Attraction-90 - INFO - Rule-based compare success.
2025-07-24 13:12:59,150 - evaluation_logger_Attraction-90 - INFO - Success matched: [{'name': 'Get_Availability', 'arguments': {'date': '2024-10-03', 'slug': 'pr0cqouqzzrq-beijing-summer-palace-entrance-ticket-with-optional-guided-service'}}]
2025-07-24 13:12:59,150 - evaluation_logger_Attraction-90 - INFO - Start compare_single_call: 
{'name': 'Get_Availability', 'arguments': {'date': '2024-10-03', 'slug': 'przizuyvtwaz-beijing-temple-of-heaven-entrance-ticket-with-optional-guided-servi'}}
{'name': 'Get_Availability', 'arguments': {'date': '2024-10-03', 'slug': 'przizuyvtwaz-beijing-temple-of-heaven-entrance-ticket-with-optional-guided-servi'}}
2025-07-24 13:12:59,150 - evaluation_logger_Attraction-90 - INFO - Rule-based compare success.
2025-07-24 13:12:59,150 - evaluation_logger_Attraction-90 - INFO - Success matched: [{'name': 'Get_Availability', 'arguments': {'date': '2024-10-03', 'slug': 'przizuyvtwaz-beijing-temple-of-heaven-entrance-ticket-with-optional-guided-servi'}}]
2025-07-24 13:12:59,151 - evaluation_logger_Attraction-90 - INFO - Start compare_single_call: 
{'name': 'Get_Availability', 'arguments': {'date': '2024-10-03', 'slug': 'prahtvlml64b-summer-palace-admission-ticket-pre-booking-service'}}
{'name': 'Get_Availability', 'arguments': {'date': '2024-10-03', 'slug': 'prahtvlml64b-summer-palace-admission-ticket-pre-booking-service'}}
2025-07-24 13:12:59,151 - evaluation_logger_Attraction-90 - INFO - Rule-based compare success.
2025-07-24 13:12:59,151 - evaluation_logger_Attraction-90 - INFO - Success matched: [{'name': 'Get_Availability', 'arguments': {'date': '2024-10-03', 'slug': 'prahtvlml64b-summer-palace-admission-ticket-pre-booking-service'}}]
2025-07-24 13:13:36,608 - evaluation_logger_Attraction-90 - INFO - Start compare_single_call: 
{'name': 'Get_Availability', 'arguments': {'date': '2024-10-03', 'slug': 'pr0cqouqzzrq-beijing-summer-palace-entrance-ticket-with-optional-guided-service'}}
{'name': 'Get_Availability', 'arguments': {'date': '2024-10-03', 'slug': 'pr0cqouqzzrq-beijing-summer-palace-entrance-ticket-with-optional-guided-service'}}
2025-07-24 13:13:36,608 - evaluation_logger_Attraction-90 - INFO - Rule-based compare success.
2025-07-24 13:13:36,608 - evaluation_logger_Attraction-90 - INFO - Success matched: [{'name': 'Get_Availability', 'arguments': {'date': '2024-10-03', 'slug': 'pr0cqouqzzrq-beijing-summer-palace-entrance-ticket-with-optional-guided-service'}}]
2025-07-24 13:13:36,608 - evaluation_logger_Attraction-90 - INFO - Start compare_single_call: 
{'name': 'Get_Availability', 'arguments': {'date': '2024-10-03', 'slug': 'przizuyvtwaz-beijing-temple-of-heaven-entrance-ticket-with-optional-guided-servi'}}
{'name': 'Get_Availability', 'arguments': {'date': '2024-10-03', 'slug': 'przizuyvtwaz-beijing-temple-of-heaven-entrance-ticket-with-optional-guided-servi'}}
2025-07-24 13:13:36,609 - evaluation_logger_Attraction-90 - INFO - Rule-based compare success.
2025-07-24 13:13:36,609 - evaluation_logger_Attraction-90 - INFO - Success matched: [{'name': 'Get_Availability', 'arguments': {'date': '2024-10-03', 'slug': 'przizuyvtwaz-beijing-temple-of-heaven-entrance-ticket-with-optional-guided-servi'}}]
2025-07-24 13:13:36,609 - evaluation_logger_Attraction-90 - INFO - Start compare_single_call: 
{'name': 'Get_Availability', 'arguments': {'date': '2024-10-03', 'slug': 'prahtvlml64b-summer-palace-admission-ticket-pre-booking-service'}}
{'name': 'Get_Availability', 'arguments': {'date': '2024-10-03', 'slug': 'prahtvlml64b-summer-palace-admission-ticket-pre-booking-service'}}
2025-07-24 13:13:36,609 - evaluation_logger_Attraction-90 - INFO - Rule-based compare success.
2025-07-24 13:13:36,609 - evaluation_logger_Attraction-90 - INFO - Success matched: [{'name': 'Get_Availability', 'arguments': {'date': '2024-10-03', 'slug': 'prahtvlml64b-summer-palace-admission-ticket-pre-booking-service'}}]
