2025-07-24 09:30:52,872 - evaluation_logger_Attraction-70 - INFO - Test Example Attraction-70
2025-07-24 09:30:52,873 - evaluation_logger_Attraction-70 - INFO - Query: Check if tickets are available for the two most trending attractions in New York on any Tuesday in September 2024.
2025-07-24 12:56:18,739 - evaluation_logger_Attraction-70 - INFO - Test Example Attraction-70
2025-07-24 12:56:18,739 - evaluation_logger_Attraction-70 - INFO - Query: Check if tickets are available for the two most trending attractions in New York on any Tuesday in September 2024.
2025-07-24 12:57:17,585 - evaluation_logger_Attraction-70 - INFO - Start compare_single_call: 
{'name': 'Search_Attraction_Location', 'arguments': {'query': 'New York'}}
{'name': 'Search_Attraction_Location', 'arguments': {'query': 'New York'}}
2025-07-24 12:57:17,585 - evaluation_logger_Attraction-70 - INFO - Rule-based compare success.
2025-07-24 12:57:17,585 - evaluation_logger_Attraction-70 - INFO - Success matched: [{'name': 'Search_Attraction_Location', 'arguments': {'query': 'New York'}}]
2025-07-24 12:57:18,197 - evaluation_logger_Attraction-70 - INFO - Success matched: []
2025-07-24 12:57:41,425 - evaluation_logger_Attraction-70 - INFO - Start compare_single_call: 
{'name': 'Search_Attractions', 'arguments': {'id': 'eyJ1ZmkiOjIwMDg4MzI1fQ==', 'sortBy': 'trending'}}
{'name': 'Search_Attractions', 'arguments': {'id': 'eyJ1ZmkiOjIwMDg4MzI1fQ==', 'sortBy': 'trending'}}
2025-07-24 12:57:41,426 - evaluation_logger_Attraction-70 - INFO - Rule-based compare success.
2025-07-24 12:57:41,426 - evaluation_logger_Attraction-70 - INFO - Success matched: [{'name': 'Search_Attractions', 'arguments': {'id': 'eyJ1ZmkiOjIwMDg4MzI1fQ==', 'sortBy': 'trending'}}]
2025-07-24 12:57:41,799 - evaluation_logger_Attraction-70 - INFO - Success matched: []
2025-07-24 12:58:07,330 - evaluation_logger_Attraction-70 - INFO - Success matched: []
2025-07-24 12:58:28,237 - evaluation_logger_Attraction-70 - INFO - Start compare_single_call: 
{'name': 'Get_Availability_Calendar', 'arguments': {'id': 'PRCMOkYUz7Um'}}
{'name': 'Get_Availability_Calendar', 'arguments': {'id': 'PRCMOkYUz7Um'}}
2025-07-24 12:58:28,237 - evaluation_logger_Attraction-70 - INFO - Rule-based compare success.
2025-07-24 12:58:28,237 - evaluation_logger_Attraction-70 - INFO - Success matched: [{'name': 'Get_Availability_Calendar', 'arguments': {'id': 'PRCMOkYUz7Um'}}]
2025-07-24 12:58:28,238 - evaluation_logger_Attraction-70 - INFO - Start compare_single_call: 
{'name': 'Get_Availability_Calendar', 'arguments': {'id': 'PRCMOkYUz7Um'}}
{'name': 'Get_Availability_Calendar', 'arguments': {'id': 'PRCMOkYUz7Um'}}
2025-07-24 12:58:28,238 - evaluation_logger_Attraction-70 - INFO - Rule-based compare success.
2025-07-24 12:58:28,238 - evaluation_logger_Attraction-70 - INFO - Success matched: [{'name': 'Get_Availability_Calendar', 'arguments': {'id': 'PRCMOkYUz7Um'}}]
2025-07-24 12:58:28,238 - evaluation_logger_Attraction-70 - INFO - Start compare_single_call: 
{'name': 'Get_Availability_Calendar', 'arguments': {'id': 'PRCMOkYUz7Um'}}
{'name': 'Get_Availability_Calendar', 'arguments': {'id': 'PRCMOkYUz7Um'}}
2025-07-24 12:58:28,238 - evaluation_logger_Attraction-70 - INFO - Rule-based compare success.
2025-07-24 12:58:28,239 - evaluation_logger_Attraction-70 - INFO - Success matched: [{'name': 'Get_Availability_Calendar', 'arguments': {'id': 'PRCMOkYUz7Um'}}]
2025-07-24 12:58:28,239 - evaluation_logger_Attraction-70 - INFO - Start compare_single_call: 
{'name': 'Get_Availability_Calendar', 'arguments': {'id': 'PRCMOkYUz7Um'}}
{'name': 'Get_Availability_Calendar', 'arguments': {'id': 'PRCMOkYUz7Um'}}
2025-07-24 12:58:28,239 - evaluation_logger_Attraction-70 - INFO - Rule-based compare success.
2025-07-24 12:58:28,239 - evaluation_logger_Attraction-70 - INFO - Success matched: [{'name': 'Get_Availability_Calendar', 'arguments': {'id': 'PRCMOkYUz7Um'}}]
2025-07-24 12:58:28,239 - evaluation_logger_Attraction-70 - INFO - Start compare_single_call: 
{'name': 'Get_Availability_Calendar', 'arguments': {'id': 'PRGstbYhf5aJ'}}
{'name': 'Get_Availability_Calendar', 'arguments': {'id': 'PRGstbYhf5aJ'}}
2025-07-24 12:58:28,239 - evaluation_logger_Attraction-70 - INFO - Rule-based compare success.
2025-07-24 12:58:28,240 - evaluation_logger_Attraction-70 - INFO - Success matched: [{'name': 'Get_Availability_Calendar', 'arguments': {'id': 'PRGstbYhf5aJ'}}]
2025-07-24 12:58:28,240 - evaluation_logger_Attraction-70 - INFO - Start compare_single_call: 
{'name': 'Get_Availability_Calendar', 'arguments': {'id': 'PRGstbYhf5aJ'}}
{'name': 'Get_Availability_Calendar', 'arguments': {'id': 'PRGstbYhf5aJ'}}
2025-07-24 12:58:28,240 - evaluation_logger_Attraction-70 - INFO - Rule-based compare success.
2025-07-24 12:58:28,240 - evaluation_logger_Attraction-70 - INFO - Success matched: [{'name': 'Get_Availability_Calendar', 'arguments': {'id': 'PRGstbYhf5aJ'}}]
2025-07-24 12:58:28,240 - evaluation_logger_Attraction-70 - INFO - Start compare_single_call: 
{'name': 'Get_Availability_Calendar', 'arguments': {'id': 'PRGstbYhf5aJ'}}
{'name': 'Get_Availability_Calendar', 'arguments': {'id': 'PRGstbYhf5aJ'}}
2025-07-24 12:58:28,240 - evaluation_logger_Attraction-70 - INFO - Rule-based compare success.
2025-07-24 12:58:28,240 - evaluation_logger_Attraction-70 - INFO - Success matched: [{'name': 'Get_Availability_Calendar', 'arguments': {'id': 'PRGstbYhf5aJ'}}]
2025-07-24 12:58:28,241 - evaluation_logger_Attraction-70 - INFO - Start compare_single_call: 
{'name': 'Get_Availability_Calendar', 'arguments': {'id': 'PRGstbYhf5aJ'}}
{'name': 'Get_Availability_Calendar', 'arguments': {'id': 'PRGstbYhf5aJ'}}
2025-07-24 12:58:28,241 - evaluation_logger_Attraction-70 - INFO - Rule-based compare success.
2025-07-24 12:58:28,241 - evaluation_logger_Attraction-70 - INFO - Success matched: [{'name': 'Get_Availability_Calendar', 'arguments': {'id': 'PRGstbYhf5aJ'}}]
