2025-07-24 09:30:53,533 - evaluation_logger_Attraction-80 - INFO - Test Example Attraction-80
2025-07-24 09:30:53,533 - evaluation_logger_Attraction-80 - INFO - Query: Check the ticket availability for the top-rated tourist attraction in Palermo on October 1, 2024, and provide detailed information about it.
2025-07-24 12:58:28,251 - evaluation_logger_Attraction-80 - INFO - Test Example Attraction-80
2025-07-24 12:58:28,251 - evaluation_logger_Attraction-80 - INFO - Query: Check the ticket availability for the top-rated tourist attraction in Palermo on October 1, 2024, and provide detailed information about it.
2025-07-24 12:59:46,648 - evaluation_logger_Attraction-80 - INFO - Start compare_single_call: 
{'name': 'Search_Attraction_Location', 'arguments': {'query': 'Palermo'}}
{'name': 'Search_Attraction_Location', 'arguments': {'query': 'Palermo'}}
2025-07-24 12:59:46,649 - evaluation_logger_Attraction-80 - INFO - Rule-based compare success.
2025-07-24 12:59:46,649 - evaluation_logger_Attraction-80 - INFO - Success matched: [{'name': 'Search_Attraction_Location', 'arguments': {'query': 'Palermo'}}]
2025-07-24 12:59:47,274 - evaluation_logger_Attraction-80 - INFO - Success matched: []
2025-07-24 13:00:05,425 - evaluation_logger_Attraction-80 - INFO - Start compare_single_call: 
{'name': 'Search_Attractions', 'arguments': {'id': 'eyJ1ZmkiOi0xMjM3OTh9', 'sortBy': 'attr_book_score'}}
{'name': 'Search_Attractions', 'arguments': {'id': 'eyJ1ZmkiOi0xMjM3OTh9', 'sortBy': 'attr_book_score'}}
2025-07-24 13:00:05,425 - evaluation_logger_Attraction-80 - INFO - Rule-based compare success.
2025-07-24 13:00:05,426 - evaluation_logger_Attraction-80 - INFO - Success matched: [{'name': 'Search_Attractions', 'arguments': {'id': 'eyJ1ZmkiOi0xMjM3OTh9', 'sortBy': 'attr_book_score'}}]
2025-07-24 13:00:05,426 - evaluation_logger_Attraction-80 - INFO - Start compare_single_call: 
{'name': 'Get_Availability', 'arguments': {'date': '2024-10-01', 'slug': 'pr1ml3zlh00q-palazzo-conte-federico-museum-admission'}}
{'name': 'Get_Availability', 'arguments': {'date': '2024-10-01', 'slug': 'pr1ml3zlh00q-palazzo-conte-federico-museum-admission'}}
2025-07-24 13:00:05,426 - evaluation_logger_Attraction-80 - INFO - Rule-based compare success.
2025-07-24 13:00:05,427 - evaluation_logger_Attraction-80 - INFO - Success matched: [{'name': 'Get_Availability', 'arguments': {'date': '2024-10-01', 'slug': 'pr1ml3zlh00q-palazzo-conte-federico-museum-admission'}}]
2025-07-24 13:00:05,427 - evaluation_logger_Attraction-80 - INFO - Start compare_single_call: 
{'name': 'Get_Attraction_Details', 'arguments': {'slug': 'pr1ml3zlh00q-palazzo-conte-federico-museum-admission'}}
{'name': 'Get_Attraction_Details', 'arguments': {'slug': 'pr1ml3zlh00q-palazzo-conte-federico-museum-admission'}}
2025-07-24 13:00:05,427 - evaluation_logger_Attraction-80 - INFO - Rule-based compare success.
2025-07-24 13:00:05,427 - evaluation_logger_Attraction-80 - INFO - Success matched: [{'name': 'Get_Attraction_Details', 'arguments': {'slug': 'pr1ml3zlh00q-palazzo-conte-federico-museum-admission'}}]
