2025-07-24 09:30:48,949 - evaluation_logger_Attraction-40 - INFO - Test Example Attraction-40
2025-07-24 09:30:48,950 - evaluation_logger_Attraction-40 - INFO - Query: I'm thinking about heading to Rome. Can you tell me which museums are currently trending?
2025-07-24 12:46:06,898 - evaluation_logger_Attraction-40 - INFO - Test Example Attraction-40
2025-07-24 12:46:06,899 - evaluation_logger_Attraction-40 - INFO - Query: I'm thinking about heading to Rome. Can you tell me which museums are currently trending?
2025-07-24 12:46:41,284 - evaluation_logger_Attraction-40 - INFO - Start compare_single_call: 
{'name': 'Search_Attraction_Location', 'arguments': {'query': 'Rome'}}
{'name': 'Search_Attraction_Location', 'arguments': {'query': 'Rome'}}
2025-07-24 12:46:41,284 - evaluation_logger_Attraction-40 - INFO - Rule-based compare success.
2025-07-24 12:46:41,285 - evaluation_logger_Attraction-40 - INFO - Success matched: [{'name': 'Search_Attraction_Location', 'arguments': {'query': 'Rome'}}]
2025-07-24 12:46:41,853 - evaluation_logger_Attraction-40 - INFO - Success matched: []
2025-07-24 12:46:53,066 - evaluation_logger_Attraction-40 - INFO - Start compare_single_call: 
{'name': 'Search_Attractions', 'arguments': {'id': 'eyJ1ZmkiOi0xMjY2OTN9', 'sortBy': 'trending'}}
{'name': 'Search_Attractions', 'arguments': {'id': 'eyJ1ZmkiOi0xMjY2OTN9', 'sortBy': 'trending'}}
2025-07-24 12:46:53,067 - evaluation_logger_Attraction-40 - INFO - Rule-based compare success.
2025-07-24 12:46:53,067 - evaluation_logger_Attraction-40 - INFO - Success matched: [{'name': 'Search_Attractions', 'arguments': {'id': 'eyJ1ZmkiOi0xMjY2OTN9', 'sortBy': 'trending'}}]
2025-07-24 12:47:17,974 - evaluation_logger_Attraction-40 - INFO - Start compare_single_call: 
{'name': 'Search_Attractions', 'arguments': {'id': 'eyJ1ZmkiOi0xMjY2OTN9', 'sortBy': 'trending'}}
{'name': 'Search_Attractions', 'arguments': {'id': 'eyJ1ZmkiOi0xMjY2OTN9', 'sortBy': 'trending'}}
2025-07-24 12:47:17,975 - evaluation_logger_Attraction-40 - INFO - Rule-based compare success.
2025-07-24 12:47:17,975 - evaluation_logger_Attraction-40 - INFO - Success matched: [{'name': 'Search_Attractions', 'arguments': {'id': 'eyJ1ZmkiOi0xMjY2OTN9', 'sortBy': 'trending'}}]
