2025-07-24 09:31:02,146 - evaluation_logger_Attraction-120 - INFO - Test Example Attraction-120
2025-07-24 09:31:02,146 - evaluation_logger_Attraction-120 - INFO - Query: My friend and I are playing a game. He says the highest-rated attraction in Glasgow is Glasgow University, while I say the highest-rated attraction in Edinburgh is Edinburgh Castle. Then he says the highest-rated attraction in Manchester is Etihad Stadium, and I respond that the highest-rated attraction in Rome is Fontana di Trevi. Check if either of our guesses is correct, starting with his guesses first. If one of us is correct, stop the search there. If both our guesses are incorrect, provide us with a summary. Be sure to check in sequence and not simultaneously.
2025-07-24 13:28:39,660 - evaluation_logger_Attraction-120 - INFO - Test Example Attraction-120
2025-07-24 13:28:39,661 - evaluation_logger_Attraction-120 - INFO - Query: My friend and I are playing a game. He says the highest-rated attraction in Glasgow is Glasgow University, while I say the highest-rated attraction in Edinburgh is Edinburgh Castle. Then he says the highest-rated attraction in Manchester is Etihad Stadium, and I respond that the highest-rated attraction in Rome is Fontana di Trevi. Check if either of our guesses is correct, starting with his guesses first. If one of us is correct, stop the search there. If both our guesses are incorrect, provide us with a summary. Be sure to check in sequence and not simultaneously.
2025-07-24 13:30:39,967 - evaluation_logger_Attraction-120 - INFO - Start compare_single_call: 
{'name': 'Search_Attraction_Location', 'arguments': {'query': 'Glasgow'}}
{'name': 'Search_Attraction_Location', 'arguments': {'query': 'Glasgow'}}
2025-07-24 13:30:39,967 - evaluation_logger_Attraction-120 - INFO - Rule-based compare success.
2025-07-24 13:30:39,967 - evaluation_logger_Attraction-120 - INFO - Success matched: [{'name': 'Search_Attraction_Location', 'arguments': {'query': 'Glasgow'}}]
2025-07-24 13:30:40,642 - evaluation_logger_Attraction-120 - INFO - Success matched: []
2025-07-24 13:31:21,452 - evaluation_logger_Attraction-120 - INFO - Start compare_single_call: 
{'name': 'Search_Attractions', 'arguments': {'id': 'eyJ1ZmkiOi0yNTk3MDM5fQ==', 'sortBy': 'attr_book_score'}}
{'name': 'Search_Attractions', 'arguments': {'id': 'eyJ1ZmkiOi0yNTk3MDM5fQ==', 'sortBy': 'attr_book_score'}}
2025-07-24 13:31:21,452 - evaluation_logger_Attraction-120 - INFO - Rule-based compare success.
2025-07-24 13:31:21,452 - evaluation_logger_Attraction-120 - INFO - Success matched: [{'name': 'Search_Attractions', 'arguments': {'id': 'eyJ1ZmkiOi0yNTk3MDM5fQ==', 'sortBy': 'attr_book_score'}}]
2025-07-24 13:31:21,454 - evaluation_logger_Attraction-120 - INFO - Start compare_single_call: 
{'name': 'Search_Attraction_Location', 'arguments': {'query': 'Edinburgh'}}
{'name': 'Search_Attraction_Location', 'arguments': {'query': 'Edinburgh'}}
2025-07-24 13:31:21,454 - evaluation_logger_Attraction-120 - INFO - Rule-based compare success.
2025-07-24 13:31:21,454 - evaluation_logger_Attraction-120 - INFO - Success matched: [{'name': 'Search_Attraction_Location', 'arguments': {'query': 'Edinburgh'}}]
2025-07-24 13:31:21,455 - evaluation_logger_Attraction-120 - INFO - Start compare_single_call: 
{'name': 'Search_Attractions', 'arguments': {'id': 'eyJ1ZmkiOi0yNTk1Mzg2fQ==', 'sortBy': 'attr_book_score'}}
{'name': 'Search_Attractions', 'arguments': {'id': 'eyJ1ZmkiOi0yNTk1Mzg2fQ==', 'sortBy': 'attr_book_score'}}
2025-07-24 13:31:21,455 - evaluation_logger_Attraction-120 - INFO - Rule-based compare success.
2025-07-24 13:31:21,455 - evaluation_logger_Attraction-120 - INFO - Success matched: [{'name': 'Search_Attractions', 'arguments': {'id': 'eyJ1ZmkiOi0yNTk1Mzg2fQ==', 'sortBy': 'attr_book_score'}}]
