2025-07-24 02:59:51,942 - evaluation_logger_Car-Rental-90 - INFO - Test Example Car-Rental-90
2025-07-24 02:59:51,942 - evaluation_logger_Car-Rental-90 - INFO - Query: I'll rent a car at Canberra Airport at 11 AM on November 26th, 2024, and return it at Adelaide Airport at 5 PM on November 28th, 2024. Provide detailed information about the vehicle and the supplier.
2025-07-24 03:01:14,007 - evaluation_logger_Car-Rental-90 - INFO - Start compare_single_call: 
{'name': 'Search_Car_Location', 'arguments': {'query': 'Canberra Airport'}}
{'name': 'Search_Car_Location', 'arguments': {'query': 'Canberra Airport'}}
2025-07-24 03:01:14,008 - evaluation_logger_Car-Rental-90 - INFO - Rule-based compare success.
2025-07-24 03:01:14,008 - evaluation_logger_Car-Rental-90 - INFO - Success matched: [{'name': 'Search_Car_Location', 'arguments': {'query': 'Canberra Airport'}}]
2025-07-24 03:01:14,010 - evaluation_logger_Car-Rental-90 - INFO - Start compare_single_call: 
{'name': 'Search_Car_Location', 'arguments': {'query': 'Adelaide Airport'}}
{'name': 'Search_Car_Location', 'arguments': {'query': 'Adelaide Airport'}}
2025-07-24 03:01:14,010 - evaluation_logger_Car-Rental-90 - INFO - Rule-based compare success.
2025-07-24 03:01:14,010 - evaluation_logger_Car-Rental-90 - INFO - Success matched: [{'name': 'Search_Car_Location', 'arguments': {'query': 'Adelaide Airport'}}]
2025-07-24 03:01:14,011 - evaluation_logger_Car-Rental-90 - INFO - Start compare_single_call: 
{'name': 'Search_Car_Rentals', 'arguments': {'drop_off_date': '2024-11-28', 'drop_off_latitude': -34.9388999938965, 'drop_off_longitude': 138.537002563477, 'drop_off_time': '17:00', 'pick_up_date': '2024-11-26', 'pick_up_latitude': -35.3069000244141, 'pick_up_longitude': 149.195007324219, 'pick_up_time': '11:00'}}
{'name': 'Search_Car_Rentals', 'arguments': {'drop_off_date': '2024-11-28', 'drop_off_latitude': -34.9388999938965, 'drop_off_longitude': 138.537002563477, 'drop_off_time': '17:00', 'pick_up_date': '2024-11-26', 'pick_up_latitude': -35.3069000244141, 'pick_up_longitude': 149.195007324219, 'pick_up_time': '11:00'}}
2025-07-24 03:01:14,011 - evaluation_logger_Car-Rental-90 - INFO - Rule-based compare success.
2025-07-24 03:01:14,011 - evaluation_logger_Car-Rental-90 - INFO - Success matched: [{'name': 'Search_Car_Rentals', 'arguments': {'drop_off_date': '2024-11-28', 'drop_off_latitude': -34.9388999938965, 'drop_off_longitude': 138.537002563477, 'drop_off_time': '17:00', 'pick_up_date': '2024-11-26', 'pick_up_latitude': -35.3069000244141, 'pick_up_longitude': 149.195007324219, 'pick_up_time': '11:00'}}]
2025-07-24 03:01:14,012 - evaluation_logger_Car-Rental-90 - INFO - Start compare_single_call: 
{'name': 'Vehicle_Supplier_Details', 'arguments': {'search_key': 'eyJkcml2ZXJzQWdlIjozMCwiZHJvcE9mZkRhdGVUaW1lIjoiMjAyNC0xMS0yOFQxNzowMDowMCIsImRyb3BPZmZMb2NhdGlvbiI6Ii0zNC45Mzg4OTk5OTM4OTY1LDEzOC41MzcwMDI1NjM0NzciLCJkcm9wT2ZmTG9jYXRpb25UeXBlIjoiTEFUTE9ORyIsInBpY2tVcERhdGVUaW1lIjoiMjAyNC0xMS0yNlQxMTowMDowMCIsInBpY2tVcExvY2F0aW9uIjoiLTM1LjMwNjkwMDAyNDQxNDEsMTQ5LjE5NTAwNzMyNDIxOSIsInBpY2tVcExvY2F0aW9uVHlwZSI6IkxBVExPTkciLCJyZW50YWxEdXJhdGlvbkluRGF5cyI6Mywic2VydmljZUZlYXR1cmVzIjpbIk5PX09QQVFVRVMiLCJTVVBSRVNTX0ZJWEVEX1BSSUNFX1ZFSElDTEVTIiwiSU5DTFVERV9QUk9EVUNUX1JFTEFUSU9OU0hJUFMiLCJJTkNMVURFX0VYVFJBU19DT05UQUlOSU5HX0ZFRVMiXX0=', 'vehicle_id': '726614911'}}
{'name': 'Vehicle_Supplier_Details', 'arguments': {'search_key': 'eyJkcml2ZXJzQWdlIjozMCwiZHJvcE9mZkRhdGVUaW1lIjoiMjAyNC0xMS0yOFQxNzowMDowMCIsImRyb3BPZmZMb2NhdGlvbiI6Ii0zNC45Mzg4OTk5OTM4OTY1LDEzOC41MzcwMDI1NjM0NzciLCJkcm9wT2ZmTG9jYXRpb25UeXBlIjoiTEFUTE9ORyIsInBpY2tVcERhdGVUaW1lIjoiMjAyNC0xMS0yNlQxMTowMDowMCIsInBpY2tVcExvY2F0aW9uIjoiLTM1LjMwNjkwMDAyNDQxNDEsMTQ5LjE5NTAwNzMyNDIxOSIsInBpY2tVcExvY2F0aW9uVHlwZSI6IkxBVExPTkciLCJyZW50YWxEdXJhdGlvbkluRGF5cyI6Mywic2VydmljZUZlYXR1cmVzIjpbIk5PX09QQVFVRVMiLCJTVVBSRVNTX0ZJWEVEX1BSSUNFX1ZFSElDTEVTIiwiSU5DTFVERV9QUk9EVUNUX1JFTEFUSU9OU0hJUFMiLCJJTkNMVURFX0VYVFJBU19DT05UQUlOSU5HX0ZFRVMiXX0=', 'vehicle_id': '726614911'}}
2025-07-24 03:01:14,012 - evaluation_logger_Car-Rental-90 - INFO - Rule-based compare success.
2025-07-24 03:01:14,012 - evaluation_logger_Car-Rental-90 - INFO - Success matched: [{'name': 'Vehicle_Supplier_Details', 'arguments': {'search_key': 'eyJkcml2ZXJzQWdlIjozMCwiZHJvcE9mZkRhdGVUaW1lIjoiMjAyNC0xMS0yOFQxNzowMDowMCIsImRyb3BPZmZMb2NhdGlvbiI6Ii0zNC45Mzg4OTk5OTM4OTY1LDEzOC41MzcwMDI1NjM0NzciLCJkcm9wT2ZmTG9jYXRpb25UeXBlIjoiTEFUTE9ORyIsInBpY2tVcERhdGVUaW1lIjoiMjAyNC0xMS0yNlQxMTowMDowMCIsInBpY2tVcExvY2F0aW9uIjoiLTM1LjMwNjkwMDAyNDQxNDEsMTQ5LjE5NTAwNzMyNDIxOSIsInBpY2tVcExvY2F0aW9uVHlwZSI6IkxBVExPTkciLCJyZW50YWxEdXJhdGlvbkluRGF5cyI6Mywic2VydmljZUZlYXR1cmVzIjpbIk5PX09QQVFVRVMiLCJTVVBSRVNTX0ZJWEVEX1BSSUNFX1ZFSElDTEVTIiwiSU5DTFVERV9QUk9EVUNUX1JFTEFUSU9OU0hJUFMiLCJJTkNMVURFX0VYVFJBU19DT05UQUlOSU5HX0ZFRVMiXX0=', 'vehicle_id': '726614911'}}]
