2025-07-24 03:06:09,397 - evaluation_logger_Car-Rental-110 - INFO - Test Example Car-Rental-110
2025-07-24 03:06:09,397 - evaluation_logger_Car-Rental-110 - INFO - Query: My friend Lily is going to rent a car at Los Angeles International Airport at 8 AM on December 15th, 2024, and return it at Harry Reid International Airport in Las Vegas at 5 PM five days later. Provide detailed information about two different car types.
2025-07-24 03:07:46,782 - evaluation_logger_Car-Rental-110 - INFO - Start compare_single_call: 
{'name': 'Search_Car_Location', 'arguments': {'query': 'Los Angeles International Airport'}}
{'name': 'Search_Car_Location', 'arguments': {'query': 'Los Angeles International Airport'}}
2025-07-24 03:07:46,782 - evaluation_logger_Car-Rental-110 - INFO - Rule-based compare success.
2025-07-24 03:07:46,782 - evaluation_logger_Car-Rental-110 - INFO - Success matched: [{'name': 'Search_Car_Location', 'arguments': {'query': 'Los Angeles International Airport'}}]
2025-07-24 03:07:46,785 - evaluation_logger_Car-Rental-110 - INFO - Start compare_single_call: 
{'name': 'Search_Car_Location', 'arguments': {'query': 'Harry Reid International Airport'}}
{'name': 'Search_Car_Location', 'arguments': {'query': 'Harry Reid International Airport'}}
2025-07-24 03:07:46,785 - evaluation_logger_Car-Rental-110 - INFO - Rule-based compare success.
2025-07-24 03:07:46,785 - evaluation_logger_Car-Rental-110 - INFO - Success matched: [{'name': 'Search_Car_Location', 'arguments': {'query': 'Harry Reid International Airport'}}]
2025-07-24 03:07:46,786 - evaluation_logger_Car-Rental-110 - INFO - Start compare_single_call: 
{'name': 'Search_Car_Rentals', 'arguments': {'drop_off_date': '2024-12-20', 'drop_off_latitude': 36.0828, 'drop_off_longitude': -115.153, 'drop_off_time': '17:00', 'pick_up_date': '2024-12-15', 'pick_up_latitude': 33.9441, 'pick_up_longitude': -118.402, 'pick_up_time': '08:00'}}
{'name': 'Search_Car_Rentals', 'arguments': {'drop_off_date': '2024-12-20', 'drop_off_latitude': 36.0828, 'drop_off_longitude': -115.153, 'drop_off_time': '17:00', 'pick_up_date': '2024-12-15', 'pick_up_latitude': 33.9441, 'pick_up_longitude': -118.402, 'pick_up_time': '08:00'}}
2025-07-24 03:07:46,786 - evaluation_logger_Car-Rental-110 - INFO - Rule-based compare success.
2025-07-24 03:07:46,787 - evaluation_logger_Car-Rental-110 - INFO - Success matched: [{'name': 'Search_Car_Rentals', 'arguments': {'drop_off_date': '2024-12-20', 'drop_off_latitude': 36.0828, 'drop_off_longitude': -115.153, 'drop_off_time': '17:00', 'pick_up_date': '2024-12-15', 'pick_up_latitude': 33.9441, 'pick_up_longitude': -118.402, 'pick_up_time': '08:00'}}]
2025-07-24 03:07:46,787 - evaluation_logger_Car-Rental-110 - INFO - Start compare_single_call: 
{'name': 'Vehicle_Details', 'arguments': {'search_key': 'eyJkcml2ZXJzQWdlIjozMCwiZHJvcE9mZkRhdGVUaW1lIjoiMjAyNC0xMi0yMFQxNzowMDowMCIsImRyb3BPZmZMb2NhdGlvbiI6IjM2LjA4MjgsLTExNS4xNTMiLCJkcm9wT2ZmTG9jYXRpb25UeXBlIjoiTEFUTE9ORyIsInBpY2tVcERhdGVUaW1lIjoiMjAyNC0xMi0xNVQwODowMDowMCIsInBpY2tVcExvY2F0aW9uIjoiMzMuOTQ0MSwtMTE4LjQwMiIsInBpY2tVcExvY2F0aW9uVHlwZSI6IkxBVExPTkciLCJyZW50YWxEdXJhdGlvbkluRGF5cyI6Niwic2VydmljZUZlYXR1cmVzIjpbIk5PX09QQVFVRVMiLCJTVVBSRVNTX0ZJWEVEX1BSSUNFX1ZFSElDTEVTIiwiSU5DTFVERV9QUk9EVUNUX1JFTEFUSU9OU0hJUFMiLCJJTkNMVURFX0VYVFJBU19DT05UQUlOSU5HX0ZFRVMiXX0=', 'vehicle_id': '382160861'}}
{'name': 'Vehicle_Details', 'arguments': {'search_key': 'eyJkcml2ZXJzQWdlIjozMCwiZHJvcE9mZkRhdGVUaW1lIjoiMjAyNC0xMi0yMFQxNzowMDowMCIsImRyb3BPZmZMb2NhdGlvbiI6IjM2LjA4MjgsLTExNS4xNTMiLCJkcm9wT2ZmTG9jYXRpb25UeXBlIjoiTEFUTE9ORyIsInBpY2tVcERhdGVUaW1lIjoiMjAyNC0xMi0xNVQwODowMDowMCIsInBpY2tVcExvY2F0aW9uIjoiMzMuOTQ0MSwtMTE4LjQwMiIsInBpY2tVcExvY2F0aW9uVHlwZSI6IkxBVExPTkciLCJyZW50YWxEdXJhdGlvbkluRGF5cyI6Niwic2VydmljZUZlYXR1cmVzIjpbIk5PX09QQVFVRVMiLCJTVVBSRVNTX0ZJWEVEX1BSSUNFX1ZFSElDTEVTIiwiSU5DTFVERV9QUk9EVUNUX1JFTEFUSU9OU0hJUFMiLCJJTkNMVURFX0VYVFJBU19DT05UQUlOSU5HX0ZFRVMiXX0=', 'vehicle_id': '382160861'}}
2025-07-24 03:07:46,788 - evaluation_logger_Car-Rental-110 - INFO - Rule-based compare success.
2025-07-24 03:07:46,788 - evaluation_logger_Car-Rental-110 - INFO - Success matched: [{'name': 'Vehicle_Details', 'arguments': {'search_key': 'eyJkcml2ZXJzQWdlIjozMCwiZHJvcE9mZkRhdGVUaW1lIjoiMjAyNC0xMi0yMFQxNzowMDowMCIsImRyb3BPZmZMb2NhdGlvbiI6IjM2LjA4MjgsLTExNS4xNTMiLCJkcm9wT2ZmTG9jYXRpb25UeXBlIjoiTEFUTE9ORyIsInBpY2tVcERhdGVUaW1lIjoiMjAyNC0xMi0xNVQwODowMDowMCIsInBpY2tVcExvY2F0aW9uIjoiMzMuOTQ0MSwtMTE4LjQwMiIsInBpY2tVcExvY2F0aW9uVHlwZSI6IkxBVExPTkciLCJyZW50YWxEdXJhdGlvbkluRGF5cyI6Niwic2VydmljZUZlYXR1cmVzIjpbIk5PX09QQVFVRVMiLCJTVVBSRVNTX0ZJWEVEX1BSSUNFX1ZFSElDTEVTIiwiSU5DTFVERV9QUk9EVUNUX1JFTEFUSU9OU0hJUFMiLCJJTkNMVURFX0VYVFJBU19DT05UQUlOSU5HX0ZFRVMiXX0=', 'vehicle_id': '382160861'}}]
2025-07-24 03:07:46,788 - evaluation_logger_Car-Rental-110 - INFO - Start compare_single_call: 
{'name': 'Vehicle_Details', 'arguments': {'search_key': 'eyJkcml2ZXJzQWdlIjozMCwiZHJvcE9mZkRhdGVUaW1lIjoiMjAyNC0xMi0yMFQxNzowMDowMCIsImRyb3BPZmZMb2NhdGlvbiI6IjM2LjA4MjgsLTExNS4xNTMiLCJkcm9wT2ZmTG9jYXRpb25UeXBlIjoiTEFUTE9ORyIsInBpY2tVcERhdGVUaW1lIjoiMjAyNC0xMi0xNVQwODowMDowMCIsInBpY2tVcExvY2F0aW9uIjoiMzMuOTQ0MSwtMTE4LjQwMiIsInBpY2tVcExvY2F0aW9uVHlwZSI6IkxBVExPTkciLCJyZW50YWxEdXJhdGlvbkluRGF5cyI6Niwic2VydmljZUZlYXR1cmVzIjpbIk5PX09QQVFVRVMiLCJTVVBSRVNTX0ZJWEVEX1BSSUNFX1ZFSElDTEVTIiwiSU5DTFVERV9QUk9EVUNUX1JFTEFUSU9OU0hJUFMiLCJJTkNMVURFX0VYVFJBU19DT05UQUlOSU5HX0ZFRVMiXX0=', 'vehicle_id': '744397821'}}
{'name': 'Vehicle_Details', 'arguments': {'search_key': 'eyJkcml2ZXJzQWdlIjozMCwiZHJvcE9mZkRhdGVUaW1lIjoiMjAyNC0xMi0yMFQxNzowMDowMCIsImRyb3BPZmZMb2NhdGlvbiI6IjM2LjA4MjgsLTExNS4xNTMiLCJkcm9wT2ZmTG9jYXRpb25UeXBlIjoiTEFUTE9ORyIsInBpY2tVcERhdGVUaW1lIjoiMjAyNC0xMi0xNVQwODowMDowMCIsInBpY2tVcExvY2F0aW9uIjoiMzMuOTQ0MSwtMTE4LjQwMiIsInBpY2tVcExvY2F0aW9uVHlwZSI6IkxBVExPTkciLCJyZW50YWxEdXJhdGlvbkluRGF5cyI6Niwic2VydmljZUZlYXR1cmVzIjpbIk5PX09QQVFVRVMiLCJTVVBSRVNTX0ZJWEVEX1BSSUNFX1ZFSElDTEVTIiwiSU5DTFVERV9QUk9EVUNUX1JFTEFUSU9OU0hJUFMiLCJJTkNMVURFX0VYVFJBU19DT05UQUlOSU5HX0ZFRVMiXX0=', 'vehicle_id': '744397821'}}
2025-07-24 03:07:46,788 - evaluation_logger_Car-Rental-110 - INFO - Rule-based compare success.
2025-07-24 03:07:46,789 - evaluation_logger_Car-Rental-110 - INFO - Success matched: [{'name': 'Vehicle_Details', 'arguments': {'search_key': 'eyJkcml2ZXJzQWdlIjozMCwiZHJvcE9mZkRhdGVUaW1lIjoiMjAyNC0xMi0yMFQxNzowMDowMCIsImRyb3BPZmZMb2NhdGlvbiI6IjM2LjA4MjgsLTExNS4xNTMiLCJkcm9wT2ZmTG9jYXRpb25UeXBlIjoiTEFUTE9ORyIsInBpY2tVcERhdGVUaW1lIjoiMjAyNC0xMi0xNVQwODowMDowMCIsInBpY2tVcExvY2F0aW9uIjoiMzMuOTQ0MSwtMTE4LjQwMiIsInBpY2tVcExvY2F0aW9uVHlwZSI6IkxBVExPTkciLCJyZW50YWxEdXJhdGlvbkluRGF5cyI6Niwic2VydmljZUZlYXR1cmVzIjpbIk5PX09QQVFVRVMiLCJTVVBSRVNTX0ZJWEVEX1BSSUNFX1ZFSElDTEVTIiwiSU5DTFVERV9QUk9EVUNUX1JFTEFUSU9OU0hJUFMiLCJJTkNMVURFX0VYVFJBU19DT05UQUlOSU5HX0ZFRVMiXX0=', 'vehicle_id': '744397821'}}]
