2025-07-24 04:33:43,853 - evaluation_logger_Cross-110 - INFO - Test Example Cross-110
2025-07-24 04:33:43,853 - evaluation_logger_Cross-110 - INFO - Query: I'd like to book a hotel within 30 kilometers of the Miami International Airport for one night on November 7, 2024. I also need to reserve a car to be picked up from the hotel at 4 PM the next day and returned at 10 AM on the third day at the airport.
2025-07-24 04:35:18,515 - evaluation_logger_Cross-110 - INFO - Start compare_single_call: 
{'name': 'Location_to_Lat_Long', 'arguments': {'query': 'Miami International Airport'}}
{'name': 'Location_to_Lat_Long', 'arguments': {'query': 'Miami International Airport'}}
2025-07-24 04:35:18,516 - evaluation_logger_Cross-110 - INFO - Rule-based compare success.
2025-07-24 04:35:18,516 - evaluation_logger_Cross-110 - INFO - Success matched: [{'name': 'Location_to_Lat_Long', 'arguments': {'query': 'Miami International Airport'}}]
2025-07-24 04:35:19,172 - evaluation_logger_Cross-110 - INFO - Success matched: []
2025-07-24 04:35:50,543 - evaluation_logger_Cross-110 - INFO - Start compare_single_call: 
{'name': 'Search_Hotels_By_Coordinates', 'arguments': {'arrival_date': '2024-11-07', 'departure_date': '2024-11-08', 'latitude': '25.7923496', 'longitude': '-80.28230590000001', 'radius': 30}}
{'name': 'Search_Hotels_By_Coordinates', 'arguments': {'arrival_date': '2024-11-07', 'departure_date': '2024-11-08', 'latitude': '25.7923496', 'longitude': '-80.28230590000001', 'radius': 30}}
2025-07-24 04:35:50,543 - evaluation_logger_Cross-110 - INFO - Rule-based compare success.
2025-07-24 04:35:50,544 - evaluation_logger_Cross-110 - INFO - Success matched: [{'name': 'Search_Hotels_By_Coordinates', 'arguments': {'arrival_date': '2024-11-07', 'departure_date': '2024-11-08', 'latitude': '25.7923496', 'longitude': '-80.28230590000001', 'radius': 30}}]
2025-07-24 04:35:51,016 - evaluation_logger_Cross-110 - INFO - Success matched: []
2025-07-24 04:36:36,452 - evaluation_logger_Cross-110 - INFO - Success matched: []
2025-07-24 04:37:30,051 - evaluation_logger_Cross-110 - INFO - Start compare_single_call: 
{'name': 'Search_Hotels_By_Coordinates', 'arguments': {'arrival_date': '2024-11-07', 'departure_date': '2024-11-08', 'latitude': '25.7923496', 'longitude': '-80.28230590000001', 'radius': 30}}
{'name': 'Search_Hotels_By_Coordinates', 'arguments': {'arrival_date': '2024-11-07', 'departure_date': '2024-11-08', 'latitude': '25.7923496', 'longitude': '-80.28230590000001', 'radius': 30}}
2025-07-24 04:37:30,051 - evaluation_logger_Cross-110 - INFO - Rule-based compare success.
2025-07-24 04:37:30,052 - evaluation_logger_Cross-110 - INFO - Success matched: [{'name': 'Search_Hotels_By_Coordinates', 'arguments': {'arrival_date': '2024-11-07', 'departure_date': '2024-11-08', 'latitude': '25.7923496', 'longitude': '-80.28230590000001', 'radius': 30}}]
2025-07-24 04:37:30,517 - evaluation_logger_Cross-110 - INFO - Success matched: []
2025-07-24 04:38:17,002 - evaluation_logger_Cross-110 - INFO - Success matched: []
