2025-07-24 03:44:00,479 - evaluation_logger_Cross-40 - INFO - Test Example Cross-40
2025-07-24 03:44:00,480 - evaluation_logger_Cross-40 - INFO - Query: Could you check the cheapest plane ticket from Lisbon to Athens around November 30th, 2024? I need to stay one night in Athens on the day when the ticket is the cheapest. Could you also book a hotel for me near the National and Kapodistrian University of Athens?
2025-07-24 03:45:40,113 - evaluation_logger_Cross-40 - INFO - Start compare_single_call: 
{'name': 'Search_Flight_Location', 'arguments': {'query': 'Lisbon'}}
{'name': 'Search_Flight_Location', 'arguments': {'query': 'Lisbon'}}
2025-07-24 03:45:40,113 - evaluation_logger_Cross-40 - INFO - Rule-based compare success.
2025-07-24 03:45:40,113 - evaluation_logger_Cross-40 - INFO - Success matched: [{'name': 'Search_Flight_Location', 'arguments': {'query': 'Lisbon'}}]
2025-07-24 03:45:40,114 - evaluation_logger_Cross-40 - INFO - Start compare_single_call: 
{'name': 'Search_Flight_Location', 'arguments': {'query': 'Athens'}}
{'name': 'Search_Flight_Location', 'arguments': {'query': 'Athens'}}
2025-07-24 03:45:40,115 - evaluation_logger_Cross-40 - INFO - Rule-based compare success.
2025-07-24 03:45:40,115 - evaluation_logger_Cross-40 - INFO - Success matched: [{'name': 'Search_Flight_Location', 'arguments': {'query': 'Athens'}}]
2025-07-24 03:45:40,115 - evaluation_logger_Cross-40 - INFO - Start compare_single_call: 
{'name': 'Get_Min_Price', 'arguments': {'departDate': '2024-11-30', 'fromId': 'LIS.AIRPORT', 'toId': 'ATH.AIRPORT'}}
{'name': 'Get_Min_Price', 'arguments': {'departDate': '2024-11-30', 'fromId': 'LIS.AIRPORT', 'toId': 'ATH.AIRPORT'}}
2025-07-24 03:45:40,115 - evaluation_logger_Cross-40 - INFO - Rule-based compare success.
2025-07-24 03:45:40,116 - evaluation_logger_Cross-40 - INFO - Success matched: [{'name': 'Get_Min_Price', 'arguments': {'departDate': '2024-11-30', 'fromId': 'LIS.AIRPORT', 'toId': 'ATH.AIRPORT'}}]
2025-07-24 03:45:40,116 - evaluation_logger_Cross-40 - INFO - Start compare_single_call: 
{'name': 'Search_Hotel_Destination', 'arguments': {'query': 'National and Kapodistrian University of Athens'}}
{'name': 'Search_Hotel_Destination', 'arguments': {'query': 'National and Kapodistrian University of Athens'}}
2025-07-24 03:45:40,116 - evaluation_logger_Cross-40 - INFO - Rule-based compare success.
2025-07-24 03:45:40,117 - evaluation_logger_Cross-40 - INFO - Success matched: [{'name': 'Search_Hotel_Destination', 'arguments': {'query': 'National and Kapodistrian University of Athens'}}]
2025-07-24 03:45:40,740 - evaluation_logger_Cross-40 - INFO - Success matched: []
2025-07-24 03:45:54,417 - evaluation_logger_Cross-40 - INFO - Start compare_single_call: 
{'name': 'Search_Hotels', 'arguments': {'arrival_date': '2024-11-30', 'departure_date': '2024-12-01', 'dest_id': 900202696, 'search_type': 'landmark'}}
{'name': 'Search_Hotels', 'arguments': {'arrival_date': '2024-12-02', 'departure_date': '2024-12-03', 'dest_id': 900202696, 'search_type': 'landmark'}}
2025-07-24 03:45:54,417 - evaluation_logger_Cross-40 - INFO - {'error_type': 'value_error', 'content': "Parameter arrival_date value '2024-11-30' is not correct in prediction."}
2025-07-24 03:45:54,417 - evaluation_logger_Cross-40 - INFO - Success matched: []
2025-07-24 03:46:15,986 - evaluation_logger_Cross-40 - INFO - Start compare_single_call: 
{'name': 'Search_Hotels', 'arguments': {'arrival_date': '2024-11-25', 'departure_date': '2024-12-01', 'dest_id': 900202696, 'search_type': 'landmark'}}
{'name': 'Search_Hotels', 'arguments': {'arrival_date': '2024-12-02', 'departure_date': '2024-12-03', 'dest_id': 900202696, 'search_type': 'landmark'}}
2025-07-24 03:46:15,986 - evaluation_logger_Cross-40 - INFO - {'error_type': 'value_error', 'content': "Parameter arrival_date value '2024-11-25' is not correct in prediction."}
2025-07-24 03:46:15,986 - evaluation_logger_Cross-40 - INFO - Success matched: []
