2025-07-24 05:01:49,255 - evaluation_logger_Cross-140 - INFO - Test Example Cross-140
2025-07-24 05:01:49,256 - evaluation_logger_Cross-140 - INFO - Query: I have a project requiring a business trip to Seattle, expected to finish on December 25, 2024. Check which day around November 1 has the cheapest flight from Los Angeles to Seattle; I'd like to book the ticket for that day. I’d also like to stay at a hotel in the Downtown Seattle on the day with the lowest ticket price. Recommend a hotel for me.
2025-07-24 05:03:02,254 - evaluation_logger_Cross-140 - INFO - Start compare_single_call: 
{'name': 'Search_Flight_Location', 'arguments': {'query': 'Los Angeles'}}
{'name': 'Search_Flight_Location', 'arguments': {'query': 'Los Angeles'}}
2025-07-24 05:03:02,255 - evaluation_logger_Cross-140 - INFO - Rule-based compare success.
2025-07-24 05:03:02,255 - evaluation_logger_Cross-140 - INFO - Success matched: [{'name': 'Search_Flight_Location', 'arguments': {'query': 'Los Angeles'}}]
2025-07-24 05:03:02,256 - evaluation_logger_Cross-140 - INFO - Start compare_single_call: 
{'name': 'Search_Flight_Location', 'arguments': {'query': 'Seattle'}}
{'name': 'Search_Flight_Location', 'arguments': {'query': 'Seattle'}}
2025-07-24 05:03:02,256 - evaluation_logger_Cross-140 - INFO - Rule-based compare success.
2025-07-24 05:03:02,257 - evaluation_logger_Cross-140 - INFO - Success matched: [{'name': 'Search_Flight_Location', 'arguments': {'query': 'Seattle'}}]
2025-07-24 05:03:02,257 - evaluation_logger_Cross-140 - INFO - Start compare_single_call: 
{'name': 'Get_Min_Price', 'arguments': {'departDate': '2024-11-01', 'fromId': 'LAX.AIRPORT', 'toId': 'SEA.AIRPORT'}}
{'name': 'Get_Min_Price', 'arguments': {'departDate': '2024-11-01', 'fromId': 'LAX.AIRPORT', 'toId': 'SEA.AIRPORT'}}
2025-07-24 05:03:02,257 - evaluation_logger_Cross-140 - INFO - Rule-based compare success.
2025-07-24 05:03:02,257 - evaluation_logger_Cross-140 - INFO - Success matched: [{'name': 'Get_Min_Price', 'arguments': {'departDate': '2024-11-01', 'fromId': 'LAX.AIRPORT', 'toId': 'SEA.AIRPORT'}}]
2025-07-24 05:03:02,258 - evaluation_logger_Cross-140 - INFO - Start compare_single_call: 
{'name': 'Search_Hotel_Destination', 'arguments': {'query': 'Downtown Seattle'}}
{'name': 'Search_Hotel_Destination', 'arguments': {'query': 'Downtown Seattle'}}
2025-07-24 05:03:02,258 - evaluation_logger_Cross-140 - INFO - Rule-based compare success.
2025-07-24 05:03:02,258 - evaluation_logger_Cross-140 - INFO - Success matched: [{'name': 'Search_Hotel_Destination', 'arguments': {'query': 'Downtown Seattle'}}]
2025-07-24 05:03:02,939 - evaluation_logger_Cross-140 - INFO - Success matched: []
2025-07-24 05:03:31,444 - evaluation_logger_Cross-140 - INFO - Start compare_single_call: 
{'name': 'Search_Hotels', 'arguments': {'arrival_date': '2024-11-02', 'departure_date': '2024-11-02', 'dest_id': 1624, 'search_type': 'district'}}
{'name': 'Search_Hotels', 'arguments': {'arrival_date': '2024-11-06', 'departure_date': '2024-12-25', 'dest_id': 1624, 'search_type': 'district'}}
2025-07-24 05:03:31,444 - evaluation_logger_Cross-140 - INFO - {'error_type': 'value_error', 'content': "Parameter arrival_date value '2024-11-02' is not correct in prediction."}
2025-07-24 05:03:31,444 - evaluation_logger_Cross-140 - INFO - Success matched: []
2025-07-24 05:03:56,417 - evaluation_logger_Cross-140 - INFO - Start compare_single_call: 
{'name': 'Search_Hotels', 'arguments': {'arrival_date': '2024-11-02', 'departure_date': '2024-11-03', 'dest_id': 1624, 'search_type': 'district'}}
{'name': 'Search_Hotels', 'arguments': {'arrival_date': '2024-11-06', 'departure_date': '2024-12-25', 'dest_id': 1624, 'search_type': 'district'}}
2025-07-24 05:03:56,417 - evaluation_logger_Cross-140 - INFO - {'error_type': 'value_error', 'content': "Parameter arrival_date value '2024-11-02' is not correct in prediction."}
2025-07-24 05:03:56,417 - evaluation_logger_Cross-140 - INFO - Success matched: []
2025-07-24 05:04:35,743 - evaluation_logger_Cross-140 - INFO - Start compare_single_call: 
{'name': 'Search_Hotels', 'arguments': {'arrival_date': '2024-11-02', 'departure_date': '2024-11-03', 'dest_id': 1624, 'search_type': 'district'}}
{'name': 'Search_Hotels', 'arguments': {'arrival_date': '2024-11-06', 'departure_date': '2024-12-25', 'dest_id': 1624, 'search_type': 'district'}}
2025-07-24 05:04:35,743 - evaluation_logger_Cross-140 - INFO - {'error_type': 'value_error', 'content': "Parameter arrival_date value '2024-11-02' is not correct in prediction."}
2025-07-24 05:04:35,743 - evaluation_logger_Cross-140 - INFO - Success matched: []
2025-07-24 05:05:22,458 - evaluation_logger_Cross-140 - INFO - Start compare_single_call: 
{'name': 'Search_Hotels', 'arguments': {'arrival_date': '2024-11-06', 'departure_date': '2024-11-07', 'dest_id': 1624, 'search_type': 'district'}}
{'name': 'Search_Hotels', 'arguments': {'arrival_date': '2024-11-06', 'departure_date': '2024-12-25', 'dest_id': 1624, 'search_type': 'district'}}
2025-07-24 05:05:22,458 - evaluation_logger_Cross-140 - INFO - {'error_type': 'value_error', 'content': "Parameter departure_date value '2024-11-07' is not correct in prediction."}
2025-07-24 05:05:22,458 - evaluation_logger_Cross-140 - INFO - Success matched: []
2025-07-24 05:05:56,278 - evaluation_logger_Cross-140 - INFO - Start compare_single_call: 
{'name': 'Search_Hotels', 'arguments': {'arrival_date': '2024-11-06', 'departure_date': '2024-11-07', 'dest_id': 1624, 'search_type': 'district'}}
{'name': 'Search_Hotels', 'arguments': {'arrival_date': '2024-11-06', 'departure_date': '2024-12-25', 'dest_id': 1624, 'search_type': 'district'}}
2025-07-24 05:05:56,278 - evaluation_logger_Cross-140 - INFO - {'error_type': 'value_error', 'content': "Parameter departure_date value '2024-11-07' is not correct in prediction."}
2025-07-24 05:05:56,278 - evaluation_logger_Cross-140 - INFO - Success matched: []
