2025-07-24 03:16:14,914 - evaluation_logger_Cross-0 - INFO - Test Example Cross-0
2025-07-24 03:16:14,914 - evaluation_logger_Cross-0 - INFO - Query: My three classmates and I are planning a trip to Ottawa from December 1-4, 2024. Could you recommend three top-rated activities and three most popular hotels hotels? We need two rooms. Thanks!
2025-07-24 03:17:53,641 - evaluation_logger_Cross-0 - INFO - Start compare_single_call: 
{'name': 'Search_Attraction_Location', 'arguments': {'query': 'Ottawa'}}
{'name': 'Search_Attraction_Location', 'arguments': {'query': 'Ottawa'}}
2025-07-24 03:17:53,642 - evaluation_logger_Cross-0 - INFO - Rule-based compare success.
2025-07-24 03:17:53,642 - evaluation_logger_Cross-0 - INFO - Success matched: [{'name': 'Search_Attraction_Location', 'arguments': {'query': 'Ottawa'}}]
2025-07-24 03:17:54,245 - evaluation_logger_Cross-0 - INFO - Success matched: []
2025-07-24 03:18:42,509 - evaluation_logger_Cross-0 - INFO - Start compare_single_call: 
{'name': 'Search_Attractions', 'arguments': {'id': 'eyJ1ZmkiOi01NzA3NjB9', 'sortBy': 'attr_book_score'}}
{'name': 'Search_Attractions', 'arguments': {'id': 'eyJ1ZmkiOi01NzA3NjB9', 'sortBy': 'attr_book_score'}}
2025-07-24 03:18:42,509 - evaluation_logger_Cross-0 - INFO - Rule-based compare success.
2025-07-24 03:18:42,510 - evaluation_logger_Cross-0 - INFO - Success matched: [{'name': 'Search_Attractions', 'arguments': {'id': 'eyJ1ZmkiOi01NzA3NjB9', 'sortBy': 'attr_book_score'}}]
2025-07-24 03:18:42,510 - evaluation_logger_Cross-0 - INFO - Start compare_single_call: 
{'name': 'Search_Hotel_Destination', 'arguments': {'query': 'Ottawa'}}
{'name': 'Search_Hotel_Destination', 'arguments': {'query': 'Ottawa'}}
2025-07-24 03:18:42,510 - evaluation_logger_Cross-0 - INFO - Rule-based compare success.
2025-07-24 03:18:42,511 - evaluation_logger_Cross-0 - INFO - Success matched: [{'name': 'Search_Hotel_Destination', 'arguments': {'query': 'Ottawa'}}]
2025-07-24 03:18:42,922 - evaluation_logger_Cross-0 - INFO - Success matched: []
2025-07-24 03:19:10,623 - evaluation_logger_Cross-0 - INFO - Start compare_single_call: 
{'name': 'Search_Hotels', 'arguments': {'adults': 4, 'arrival_date': '2024-12-01', 'departure_date': '2024-12-04', 'dest_id': 2632, 'room_qty': 2, 'search_type': 'district', 'sort_by': 'POPULARITY'}}
{'name': 'Search_Hotels', 'arguments': {'adults': 4, 'arrival_date': '2024-12-01', 'departure_date': '2024-12-04', 'dest_id': 2632, 'room_qty': 2, 'search_type': 'district', 'sort_by': 'popularity'}}
2025-07-24 03:19:10,623 - evaluation_logger_Cross-0 - INFO - {'error_type': 'value_error', 'content': "Parameter sort_by value 'POPULARITY' is not correct in prediction."}
2025-07-24 03:19:10,623 - evaluation_logger_Cross-0 - INFO - Success matched: []
2025-07-24 03:19:37,398 - evaluation_logger_Cross-0 - INFO - Success matched: []
2025-07-24 03:20:19,417 - evaluation_logger_Cross-0 - INFO - Start compare_single_call: 
{'name': 'Search_Hotels', 'arguments': {'adults': 4, 'arrival_date': '2024-12-01', 'departure_date': '2024-12-04', 'dest_id': 2632, 'room_qty': 2, 'search_type': 'district', 'sort_by': 'RATING'}}
{'name': 'Search_Hotels', 'arguments': {'adults': 4, 'arrival_date': '2024-12-01', 'departure_date': '2024-12-04', 'dest_id': 2632, 'room_qty': 2, 'search_type': 'district', 'sort_by': 'popularity'}}
2025-07-24 03:20:19,417 - evaluation_logger_Cross-0 - INFO - {'error_type': 'value_error', 'content': "Parameter sort_by value 'RATING' is not correct in prediction."}
2025-07-24 03:20:19,417 - evaluation_logger_Cross-0 - INFO - Success matched: []
2025-07-24 03:20:53,271 - evaluation_logger_Cross-0 - INFO - Success matched: []
