2025-07-24 05:10:23,415 - evaluation_logger_Cross-170 - INFO - Test Example Cross-170
2025-07-24 05:10:23,416 - evaluation_logger_Cross-170 - INFO - Query: Aden is going to stay at Pudong Shangri-La in Shanghai (hotel_id is 181422). Could you recommend some attractions near the hotel and provide detailed descriptions of the attractions?
2025-07-24 05:10:51,663 - evaluation_logger_Cross-170 - INFO - Start compare_single_call: 
{'name': 'Search_Attraction_Location', 'arguments': {'query': 'Pudong Shangri-La, Shanghai'}}
{'name': 'Get_Popular_Attraction_Near_By', 'arguments': {'hotel_id': '181422'}}
2025-07-24 05:10:51,663 - evaluation_logger_Cross-170 - INFO - {'error_type': 'func_error', 'content': 'Do not call the correct function.'}
2025-07-24 05:10:51,663 - evaluation_logger_Cross-170 - INFO - Success matched: []
2025-07-24 05:11:17,707 - evaluation_logger_Cross-170 - INFO - Start compare_single_call: 
{'name': 'Search_Attraction_Location', 'arguments': {'query': 'Pudong Shangri-La, Shanghai'}}
{'name': 'Get_Popular_Attraction_Near_By', 'arguments': {'hotel_id': '181422'}}
2025-07-24 05:11:17,707 - evaluation_logger_Cross-170 - INFO - {'error_type': 'func_error', 'content': 'Do not call the correct function.'}
2025-07-24 05:11:17,707 - evaluation_logger_Cross-170 - INFO - Success matched: []
2025-07-24 05:11:53,037 - evaluation_logger_Cross-170 - INFO - Start compare_single_call: 
{'name': 'Search_Attraction_Location', 'arguments': {'query': 'Pudong Shangri-La, Shanghai'}}
{'name': 'Get_Popular_Attraction_Near_By', 'arguments': {'hotel_id': '181422'}}
2025-07-24 05:11:53,037 - evaluation_logger_Cross-170 - INFO - {'error_type': 'func_error', 'content': 'Do not call the correct function.'}
2025-07-24 05:11:53,037 - evaluation_logger_Cross-170 - INFO - Success matched: []
2025-07-24 05:12:23,815 - evaluation_logger_Cross-170 - INFO - Start compare_single_call: 
{'name': 'Search_Attraction_Location', 'arguments': {'query': 'Shanghai'}}
{'name': 'Get_Popular_Attraction_Near_By', 'arguments': {'hotel_id': '181422'}}
2025-07-24 05:12:23,815 - evaluation_logger_Cross-170 - INFO - {'error_type': 'func_error', 'content': 'Do not call the correct function.'}
2025-07-24 05:12:23,816 - evaluation_logger_Cross-170 - INFO - Success matched: []
2025-07-24 05:12:47,472 - evaluation_logger_Cross-170 - INFO - Start compare_single_call: 
{'name': 'Get_Popular_Attraction_Near_By', 'arguments': {'hotel_id': '181422'}}
{'name': 'Get_Popular_Attraction_Near_By', 'arguments': {'hotel_id': '181422'}}
2025-07-24 05:12:47,472 - evaluation_logger_Cross-170 - INFO - Rule-based compare success.
2025-07-24 05:12:47,472 - evaluation_logger_Cross-170 - INFO - Success matched: [{'name': 'Get_Popular_Attraction_Near_By', 'arguments': {'hotel_id': '181422'}}]
2025-07-24 05:13:20,046 - evaluation_logger_Cross-170 - INFO - Start compare_single_call: 
{'name': 'Get_Popular_Attraction_Near_By', 'arguments': {'hotel_id': '181422'}}
{'name': 'Get_Popular_Attraction_Near_By', 'arguments': {'hotel_id': '181422'}}
2025-07-24 05:13:20,047 - evaluation_logger_Cross-170 - INFO - Rule-based compare success.
2025-07-24 05:13:20,047 - evaluation_logger_Cross-170 - INFO - Success matched: [{'name': 'Get_Popular_Attraction_Near_By', 'arguments': {'hotel_id': '181422'}}]
