2025-07-24 09:31:05,260 - evaluation_logger_Flights-20 - INFO - Test Example Flights-20
2025-07-24 09:31:05,260 - evaluation_logger_Flights-20 - INFO - Query: I want to fly from Toronto to Tokyo with my 3-year-old and 10-year-old kids and my wife on September 15, 2024, and return on the same day of the next month. Give me the fastest economy class flight and provide the detailed flight information and seat map.
2025-07-24 13:44:56,749 - evaluation_logger_Flights-20 - INFO - Test Example Flights-20
2025-07-24 13:44:56,749 - evaluation_logger_Flights-20 - INFO - Query: I want to fly from Toronto to Tokyo with my 3-year-old and 10-year-old kids and my wife on September 15, 2024, and return on the same day of the next month. Give me the fastest economy class flight and provide the detailed flight information and seat map.
2025-07-24 13:46:27,072 - evaluation_logger_Flights-20 - INFO - Start compare_single_call: 
{'name': 'Search_Flight_Location', 'arguments': {'query': 'Toronto'}}
{'name': 'Search_Flight_Location', 'arguments': {'query': 'Toronto'}}
2025-07-24 13:46:27,073 - evaluation_logger_Flights-20 - INFO - Rule-based compare success.
2025-07-24 13:46:27,073 - evaluation_logger_Flights-20 - INFO - Success matched: [{'name': 'Search_Flight_Location', 'arguments': {'query': 'Toronto'}}]
2025-07-24 13:46:27,081 - evaluation_logger_Flights-20 - INFO - Start compare_single_call: 
{'name': 'Search_Flight_Location', 'arguments': {'query': 'Tokyo'}}
{'name': 'Search_Flight_Location', 'arguments': {'query': 'Tokyo'}}
2025-07-24 13:46:27,081 - evaluation_logger_Flights-20 - INFO - Rule-based compare success.
2025-07-24 13:46:27,081 - evaluation_logger_Flights-20 - INFO - Success matched: [{'name': 'Search_Flight_Location', 'arguments': {'query': 'Tokyo'}}]
2025-07-24 13:46:27,082 - evaluation_logger_Flights-20 - INFO - Start compare_single_call: 
{'name': 'Search_Flights', 'arguments': {'adults': 2, 'cabinClass': 'ECONOMY', 'children': '3,10', 'departDate': '2024-09-15', 'fromId': 'YTO.CITY', 'returnDate': '2024-10-15', 'sort': 'FASTEST', 'toId': 'TYO.CITY'}}
{'name': 'Search_Flights', 'arguments': {'adults': 2, 'cabinClass': 'ECONOMY', 'children': '3,10', 'departDate': '2024-09-15', 'fromId': 'YTO.CITY', 'returnDate': '2024-10-15', 'sort': 'FASTEST', 'toId': 'TYO.CITY'}}
2025-07-24 13:46:27,082 - evaluation_logger_Flights-20 - INFO - Rule-based compare success.
2025-07-24 13:46:27,082 - evaluation_logger_Flights-20 - INFO - Success matched: [{'name': 'Search_Flights', 'arguments': {'adults': 2, 'cabinClass': 'ECONOMY', 'children': '3,10', 'departDate': '2024-09-15', 'fromId': 'YTO.CITY', 'returnDate': '2024-10-15', 'sort': 'FASTEST', 'toId': 'TYO.CITY'}}]
2025-07-24 13:46:27,082 - evaluation_logger_Flights-20 - INFO - Start compare_single_call: 
{'name': 'Get_Seat_Map', 'arguments': {'offerToken': 'd7699_H4sIAAAAAAAA_12Q246bMBRFvybzNFxs7iNZFQXSDuCQCpMofbGIIYQ2HY9iV2b4-jrQvlS2zt5r6-j4cpXyXbxY1uU2DlcpjN_CHLjkQyt7k_Ff1uWuy5nzn-PbYLXj3TqRipwq4NXZHnhVQiz47DwD2zL0Yi-nT_0kDXFn6Gk892aLjCiKVisYCv-6O_JNN4BpVfrxEjEukWu6Tb537M9wV63hHX3Zl2mxUodwoqZqjgVOharmLMAkC3bbQ9GkWFXN9uuRCNncXkV5yOsyAXUzqoUxOex3o5p2TQjLNANkPv2fwZpkOvue41pnhxgu5yRKlWksSrItysSeaj0PN_wfz_hDTcdmEPiGdZZtnHS5aM8YAqZ-XwQW5q1AzuqYRNBebSdRnfv5N7iiRJ4d-V6w0IQAhJFvAseBzpPobz2TI38r-g8UJ5Gh_75_h65R0DgBtsaKSY3lBiZqdifVabNxYr0Hapu21qtWoLWlODXJw51pEGhhNHxQR93Ob4NHa0-91m61uVBX15FCEy4zftDXo5aZsnPPw_APGy4LxzgCAAA.'}}
{'name': 'Get_Seat_Map', 'arguments': {'offerToken': 'd7699_H4sIAAAAAAAA_12Q246bMBRFvybzNFxs7iNZFQXSDuCQCpMofbGIIYQ2HY9iV2b4-jrQvlS2zt5r6-j4cpXyXbxY1uU2DlcpjN_CHLjkQyt7k_Ff1uWuy5nzn-PbYLXj3TqRipwq4NXZHnhVQiz47DwD2zL0Yi-nT_0kDXFn6Gk892aLjCiKVisYCv-6O_JNN4BpVfrxEjEukWu6Tb537M9wV63hHX3Zl2mxUodwoqZqjgVOharmLMAkC3bbQ9GkWFXN9uuRCNncXkV5yOsyAXUzqoUxOex3o5p2TQjLNANkPv2fwZpkOvue41pnhxgu5yRKlWksSrItysSeaj0PN_wfz_hDTcdmEPiGdZZtnHS5aM8YAqZ-XwQW5q1AzuqYRNBebSdRnfv5N7iiRJ4d-V6w0IQAhJFvAseBzpPobz2TI38r-g8UJ5Gh_75_h65R0DgBtsaKSY3lBiZqdifVabNxYr0Hapu21qtWoLWlODXJw51pEGhhNHxQR93Ob4NHa0-91m61uVBX15FCEy4zftDXo5aZsnPPw_APGy4LxzgCAAA.'}}
2025-07-24 13:46:27,082 - evaluation_logger_Flights-20 - INFO - Rule-based compare success.
2025-07-24 13:46:27,083 - evaluation_logger_Flights-20 - INFO - Success matched: [{'name': 'Get_Seat_Map', 'arguments': {'offerToken': 'd7699_H4sIAAAAAAAA_12Q246bMBRFvybzNFxs7iNZFQXSDuCQCpMofbGIIYQ2HY9iV2b4-jrQvlS2zt5r6-j4cpXyXbxY1uU2DlcpjN_CHLjkQyt7k_Ff1uWuy5nzn-PbYLXj3TqRipwq4NXZHnhVQiz47DwD2zL0Yi-nT_0kDXFn6Gk892aLjCiKVisYCv-6O_JNN4BpVfrxEjEukWu6Tb537M9wV63hHX3Zl2mxUodwoqZqjgVOharmLMAkC3bbQ9GkWFXN9uuRCNncXkV5yOsyAXUzqoUxOex3o5p2TQjLNANkPv2fwZpkOvue41pnhxgu5yRKlWksSrItysSeaj0PN_wfz_hDTcdmEPiGdZZtnHS5aM8YAqZ-XwQW5q1AzuqYRNBebSdRnfv5N7iiRJ4d-V6w0IQAhJFvAseBzpPobz2TI38r-g8UJ5Gh_75_h65R0DgBtsaKSY3lBiZqdifVabNxYr0Hapu21qtWoLWlODXJw51pEGhhNHxQR93Ob4NHa0-91m61uVBX15FCEy4zftDXo5aZsnPPw_APGy4LxzgCAAA.'}}]
2025-07-24 13:46:27,083 - evaluation_logger_Flights-20 - INFO - Start compare_single_call: 
{'name': 'Get_Flight_Details', 'arguments': {'token': 'd7699_H4sIAAAAAAAA_12Q246bMBRFvybzNFxs7iNZFQXSDuCQCpMofbGIIYQ2HY9iV2b4-jrQvlS2zt5r6-j4cpXyXbxY1uU2DlcpjN_CHLjkQyt7k_Ff1uWuy5nzn-PbYLXj3TqRipwq4NXZHnhVQiz47DwD2zL0Yi-nT_0kDXFn6Gk892aLjCiKVisYCv-6O_JNN4BpVfrxEjEukWu6Tb537M9wV63hHX3Zl2mxUodwoqZqjgVOharmLMAkC3bbQ9GkWFXN9uuRCNncXkV5yOsyAXUzqoUxOex3o5p2TQjLNANkPv2fwZpkOvue41pnhxgu5yRKlWksSrItysSeaj0PN_wfz_hDTcdmEPiGdZZtnHS5aM8YAqZ-XwQW5q1AzuqYRNBebSdRnfv5N7iiRJ4d-V6w0IQAhJFvAseBzpPobz2TI38r-g8UJ5Gh_75_h65R0DgBtsaKSY3lBiZqdifVabNxYr0Hapu21qtWoLWlODXJw51pEGhhNHxQR93Ob4NHa0-91m61uVBX15FCEy4zftDXo5aZsnPPw_APGy4LxzgCAAA.'}}
{'name': 'Get_Flight_Details', 'arguments': {'token': 'd7699_H4sIAAAAAAAA_12Q246bMBRFvybzNFxs7iNZFQXSDuCQCpMofbGIIYQ2HY9iV2b4-jrQvlS2zt5r6-j4cpXyXbxY1uU2DlcpjN_CHLjkQyt7k_Ff1uWuy5nzn-PbYLXj3TqRipwq4NXZHnhVQiz47DwD2zL0Yi-nT_0kDXFn6Gk892aLjCiKVisYCv-6O_JNN4BpVfrxEjEukWu6Tb537M9wV63hHX3Zl2mxUodwoqZqjgVOharmLMAkC3bbQ9GkWFXN9uuRCNncXkV5yOsyAXUzqoUxOex3o5p2TQjLNANkPv2fwZpkOvue41pnhxgu5yRKlWksSrItysSeaj0PN_wfz_hDTcdmEPiGdZZtnHS5aM8YAqZ-XwQW5q1AzuqYRNBebSdRnfv5N7iiRJ4d-V6w0IQAhJFvAseBzpPobz2TI38r-g8UJ5Gh_75_h65R0DgBtsaKSY3lBiZqdifVabNxYr0Hapu21qtWoLWlODXJw51pEGhhNHxQR93Ob4NHa0-91m61uVBX15FCEy4zftDXo5aZsnPPw_APGy4LxzgCAAA.'}}
2025-07-24 13:46:27,083 - evaluation_logger_Flights-20 - INFO - Rule-based compare success.
2025-07-24 13:46:27,083 - evaluation_logger_Flights-20 - INFO - Success matched: [{'name': 'Get_Flight_Details', 'arguments': {'token': 'd7699_H4sIAAAAAAAA_12Q246bMBRFvybzNFxs7iNZFQXSDuCQCpMofbGIIYQ2HY9iV2b4-jrQvlS2zt5r6-j4cpXyXbxY1uU2DlcpjN_CHLjkQyt7k_Ff1uWuy5nzn-PbYLXj3TqRipwq4NXZHnhVQiz47DwD2zL0Yi-nT_0kDXFn6Gk892aLjCiKVisYCv-6O_JNN4BpVfrxEjEukWu6Tb537M9wV63hHX3Zl2mxUodwoqZqjgVOharmLMAkC3bbQ9GkWFXN9uuRCNncXkV5yOsyAXUzqoUxOex3o5p2TQjLNANkPv2fwZpkOvue41pnhxgu5yRKlWksSrItysSeaj0PN_wfz_hDTcdmEPiGdZZtnHS5aM8YAqZ-XwQW5q1AzuqYRNBebSdRnfv5N7iiRJ4d-V6w0IQAhJFvAseBzpPobz2TI38r-g8UJ5Gh_75_h65R0DgBtsaKSY3lBiZqdifVabNxYr0Hapu21qtWoLWlODXJw51pEGhhNHxQR93Ob4NHa0-91m61uVBX15FCEy4zftDXo5aZsnPPw_APGy4LxzgCAAA.'}}]
2025-07-24 13:47:31,969 - evaluation_logger_Flights-20 - INFO - Start compare_single_call: 
{'name': 'Get_Flight_Details', 'arguments': {'token': 'd7699_H4sIAAAAAAAA_12Q246bMBRFvybzNFxs7iNZFQXSDuCQCpMofbGIIYQ2HY9iV2b4-jrQvlS2zt5r6-j4cpXyXbxY1uU2DlcpjN_CHLjkQyt7k_Ff1uWuy5nzn-PbYLXj3TqRipwq4NXZHnhVQiz47DwD2zL0Yi-nT_0kDXFn6Gk892aLjCiKVisYCv-6O_JNN4BpVfrxEjEukWu6Tb537M9wV63hHX3Zl2mxUodwoqZqjgVOharmLMAkC3bbQ9GkWFXN9uuRCNncXkV5yOsyAXUzqoUxOex3o5p2TQjLNANkPv2fwZpkOvue41pnhxgu5yRKlWksSrItysSeaj0PN_wfz_hDTcdmEPiGdZZtnHS5aM8YAqZ-XwQW5q1AzuqYRNBebSdRnfv5N7iiRJ4d-V6w0IQAhJFvAseBzpPobz2TI38r-g8UJ5Gh_75_h65R0DgBtsaKSY3lBiZqdifVabNxYr0Hapu21qtWoLWlODXJw51pEGhhNHxQR93Ob4NHa0-91m61uVBX15FCEy4zftDXo5aZsnPPw_APGy4LxzgCAAA.'}}
{'name': 'Get_Flight_Details', 'arguments': {'token': 'd7699_H4sIAAAAAAAA_12Q246bMBRFvybzNFxs7iNZFQXSDuCQCpMofbGIIYQ2HY9iV2b4-jrQvlS2zt5r6-j4cpXyXbxY1uU2DlcpjN_CHLjkQyt7k_Ff1uWuy5nzn-PbYLXj3TqRipwq4NXZHnhVQiz47DwD2zL0Yi-nT_0kDXFn6Gk892aLjCiKVisYCv-6O_JNN4BpVfrxEjEukWu6Tb537M9wV63hHX3Zl2mxUodwoqZqjgVOharmLMAkC3bbQ9GkWFXN9uuRCNncXkV5yOsyAXUzqoUxOex3o5p2TQjLNANkPv2fwZpkOvue41pnhxgu5yRKlWksSrItysSeaj0PN_wfz_hDTcdmEPiGdZZtnHS5aM8YAqZ-XwQW5q1AzuqYRNBebSdRnfv5N7iiRJ4d-V6w0IQAhJFvAseBzpPobz2TI38r-g8UJ5Gh_75_h65R0DgBtsaKSY3lBiZqdifVabNxYr0Hapu21qtWoLWlODXJw51pEGhhNHxQR93Ob4NHa0-91m61uVBX15FCEy4zftDXo5aZsnPPw_APGy4LxzgCAAA.'}}
2025-07-24 13:47:31,969 - evaluation_logger_Flights-20 - INFO - Rule-based compare success.
2025-07-24 13:47:31,970 - evaluation_logger_Flights-20 - INFO - Success matched: [{'name': 'Get_Flight_Details', 'arguments': {'token': 'd7699_H4sIAAAAAAAA_12Q246bMBRFvybzNFxs7iNZFQXSDuCQCpMofbGIIYQ2HY9iV2b4-jrQvlS2zt5r6-j4cpXyXbxY1uU2DlcpjN_CHLjkQyt7k_Ff1uWuy5nzn-PbYLXj3TqRipwq4NXZHnhVQiz47DwD2zL0Yi-nT_0kDXFn6Gk892aLjCiKVisYCv-6O_JNN4BpVfrxEjEukWu6Tb537M9wV63hHX3Zl2mxUodwoqZqjgVOharmLMAkC3bbQ9GkWFXN9uuRCNncXkV5yOsyAXUzqoUxOex3o5p2TQjLNANkPv2fwZpkOvue41pnhxgu5yRKlWksSrItysSeaj0PN_wfz_hDTcdmEPiGdZZtnHS5aM8YAqZ-XwQW5q1AzuqYRNBebSdRnfv5N7iiRJ4d-V6w0IQAhJFvAseBzpPobz2TI38r-g8UJ5Gh_75_h65R0DgBtsaKSY3lBiZqdifVabNxYr0Hapu21qtWoLWlODXJw51pEGhhNHxQR93Ob4NHa0-91m61uVBX15FCEy4zftDXo5aZsnPPw_APGy4LxzgCAAA.'}}]
2025-07-24 13:48:37,232 - evaluation_logger_Flights-20 - INFO - Start compare_single_call: 
{'name': 'Get_Flight_Details', 'arguments': {'token': 'd7699_H4sIAAAAAAAA_12Q246bMBRFvybzNFxs7iNZFQXSDuCQCpMofbGIIYQ2HY9iV2b4-jrQvlS2zt5r6-j4cpXyXbxY1uU2DlcpjN_CHLjkQyt7k_Ff1uWuy5nzn-PbYLXj3TqRipwq4NXZHnhVQiz47DwD2zL0Yi-nT_0kDXFn6Gk892aLjCiKVisYCv-6O_JNN4BpVfrxEjEukWu6Tb537M9wV63hHX3Zl2mxUodwoqZqjgVOharmLMAkC3bbQ9GkWFXN9uuRCNncXkV5yOsyAXUzqoUxOex3o5p2TQjLNANkPv2fwZpkOvue41pnhxgu5yRKlWksSrItysSeaj0PN_wfz_hDTcdmEPiGdZZtnHS5aM8YAqZ-XwQW5q1AzuqYRNBebSdRnfv5N7iiRJ4d-V6w0IQAhJFvAseBzpPobz2TI38r-g8UJ5Gh_75_h65R0DgBtsaKSY3lBiZqdifVabNxYr0Hapu21qtWoLWlODXJw51pEGhhNHxQR93Ob4NHa0-91m61uVBX15FCEy4zftDXo5aZsnPPw_APGy4LxzgCAAA.'}}
{'name': 'Get_Flight_Details', 'arguments': {'token': 'd7699_H4sIAAAAAAAA_12Q246bMBRFvybzNFxs7iNZFQXSDuCQCpMofbGIIYQ2HY9iV2b4-jrQvlS2zt5r6-j4cpXyXbxY1uU2DlcpjN_CHLjkQyt7k_Ff1uWuy5nzn-PbYLXj3TqRipwq4NXZHnhVQiz47DwD2zL0Yi-nT_0kDXFn6Gk892aLjCiKVisYCv-6O_JNN4BpVfrxEjEukWu6Tb537M9wV63hHX3Zl2mxUodwoqZqjgVOharmLMAkC3bbQ9GkWFXN9uuRCNncXkV5yOsyAXUzqoUxOex3o5p2TQjLNANkPv2fwZpkOvue41pnhxgu5yRKlWksSrItysSeaj0PN_wfz_hDTcdmEPiGdZZtnHS5aM8YAqZ-XwQW5q1AzuqYRNBebSdRnfv5N7iiRJ4d-V6w0IQAhJFvAseBzpPobz2TI38r-g8UJ5Gh_75_h65R0DgBtsaKSY3lBiZqdifVabNxYr0Hapu21qtWoLWlODXJw51pEGhhNHxQR93Ob4NHa0-91m61uVBX15FCEy4zftDXo5aZsnPPw_APGy4LxzgCAAA.'}}
2025-07-24 13:48:37,233 - evaluation_logger_Flights-20 - INFO - Rule-based compare success.
2025-07-24 13:48:37,233 - evaluation_logger_Flights-20 - INFO - Success matched: [{'name': 'Get_Flight_Details', 'arguments': {'token': 'd7699_H4sIAAAAAAAA_12Q246bMBRFvybzNFxs7iNZFQXSDuCQCpMofbGIIYQ2HY9iV2b4-jrQvlS2zt5r6-j4cpXyXbxY1uU2DlcpjN_CHLjkQyt7k_Ff1uWuy5nzn-PbYLXj3TqRipwq4NXZHnhVQiz47DwD2zL0Yi-nT_0kDXFn6Gk892aLjCiKVisYCv-6O_JNN4BpVfrxEjEukWu6Tb537M9wV63hHX3Zl2mxUodwoqZqjgVOharmLMAkC3bbQ9GkWFXN9uuRCNncXkV5yOsyAXUzqoUxOex3o5p2TQjLNANkPv2fwZpkOvue41pnhxgu5yRKlWksSrItysSeaj0PN_wfz_hDTcdmEPiGdZZtnHS5aM8YAqZ-XwQW5q1AzuqYRNBebSdRnfv5N7iiRJ4d-V6w0IQAhJFvAseBzpPobz2TI38r-g8UJ5Gh_75_h65R0DgBtsaKSY3lBiZqdifVabNxYr0Hapu21qtWoLWlODXJw51pEGhhNHxQR93Ob4NHa0-91m61uVBX15FCEy4zftDXo5aZsnPPw_APGy4LxzgCAAA.'}}]
