2025-07-24 09:31:04,107 - evaluation_logger_Flights-0 - INFO - Test Example Flights-0
2025-07-24 09:31:04,107 - evaluation_logger_Flights-0 - INFO - Query: My partner and I are gonna fly from Los Angeles to Paris on November 5th, 2024. Then we'll fly from Paris to London on November 9th, 2024. Finally, we'll go back to Los Angeles on November 19th, 2024. Can you give us the info about economy class?
2025-07-24 13:41:59,239 - evaluation_logger_Flights-0 - INFO - Test Example Flights-0
2025-07-24 13:41:59,239 - evaluation_logger_Flights-0 - INFO - Query: My partner and I are gonna fly from Los Angeles to Paris on November 5th, 2024. Then we'll fly from Paris to London on November 9th, 2024. Finally, we'll go back to Los Angeles on November 19th, 2024. Can you give us the info about economy class?
2025-07-24 13:43:09,571 - evaluation_logger_Flights-0 - INFO - Start compare_single_call: 
{'name': 'Search_Flight_Location', 'arguments': {'query': 'Los Angeles'}}
{'name': 'Search_Flight_Location', 'arguments': {'query': 'Los Angeles'}}
2025-07-24 13:43:09,571 - evaluation_logger_Flights-0 - INFO - Rule-based compare success.
2025-07-24 13:43:09,571 - evaluation_logger_Flights-0 - INFO - Success matched: [{'name': 'Search_Flight_Location', 'arguments': {'query': 'Los Angeles'}}]
2025-07-24 13:43:09,572 - evaluation_logger_Flights-0 - INFO - Start compare_single_call: 
{'name': 'Search_Flight_Location', 'arguments': {'query': 'Paris'}}
{'name': 'Search_Flight_Location', 'arguments': {'query': 'Paris'}}
2025-07-24 13:43:09,572 - evaluation_logger_Flights-0 - INFO - Rule-based compare success.
2025-07-24 13:43:09,572 - evaluation_logger_Flights-0 - INFO - Success matched: [{'name': 'Search_Flight_Location', 'arguments': {'query': 'Paris'}}]
2025-07-24 13:43:09,572 - evaluation_logger_Flights-0 - INFO - Start compare_single_call: 
{'name': 'Search_Flight_Location', 'arguments': {'query': 'London'}}
{'name': 'Search_Flight_Location', 'arguments': {'query': 'London'}}
2025-07-24 13:43:09,573 - evaluation_logger_Flights-0 - INFO - Rule-based compare success.
2025-07-24 13:43:09,573 - evaluation_logger_Flights-0 - INFO - Success matched: [{'name': 'Search_Flight_Location', 'arguments': {'query': 'London'}}]
2025-07-24 13:43:09,573 - evaluation_logger_Flights-0 - INFO - Start compare_single_call: 
{'name': 'Search_Flights_Multi_Stops', 'arguments': {'adults': 2, 'cabinClass': 'ECONOMY', 'legs': [{'fromId': 'LAX.CITY', 'toId': 'PAR.CITY', 'date': '2024-11-05'}, {'fromId': 'PAR.CITY', 'toId': 'LON.CITY', 'date': '2024-11-09'}, {'fromId': 'LON.CITY', 'toId': 'LAX.CITY', 'date': '2024-11-19'}]}}
{'name': 'Search_Flights_Multi_Stops', 'arguments': {'adults': 2, 'cabinClass': 'ECONOMY', 'legs': [{'fromId': 'LAX.CITY', 'toId': 'PAR.CITY', 'date': '2024-11-05'}, {'fromId': 'PAR.CITY', 'toId': 'LON.CITY', 'date': '2024-11-09'}, {'fromId': 'LON.CITY', 'toId': 'LAX.CITY', 'date': '2024-11-19'}]}}
2025-07-24 13:43:09,573 - evaluation_logger_Flights-0 - INFO - Rule-based compare success.
2025-07-24 13:43:09,573 - evaluation_logger_Flights-0 - INFO - Success matched: [{'name': 'Search_Flights_Multi_Stops', 'arguments': {'adults': 2, 'cabinClass': 'ECONOMY', 'legs': [{'fromId': 'LAX.CITY', 'toId': 'PAR.CITY', 'date': '2024-11-05'}, {'fromId': 'PAR.CITY', 'toId': 'LON.CITY', 'date': '2024-11-09'}, {'fromId': 'LON.CITY', 'toId': 'LAX.CITY', 'date': '2024-11-19'}]}}]
