2025-07-24 09:31:04,701 - evaluation_logger_Flights-10 - INFO - Test Example Flights-10
2025-07-24 09:31:04,701 - evaluation_logger_Flights-10 - INFO - Query: Arrange the best first class flight for four members of our team from Berlin to Vancouver on December 10, 2024. The other team will meet us at Vancouver International Airport.
2025-07-24 13:43:09,583 - evaluation_logger_Flights-10 - INFO - Test Example Flights-10
2025-07-24 13:43:09,584 - evaluation_logger_Flights-10 - INFO - Query: Arrange the best first class flight for four members of our team from Berlin to Vancouver on December 10, 2024. The other team will meet us at Vancouver International Airport.
2025-07-24 13:43:54,811 - evaluation_logger_Flights-10 - INFO - Start compare_single_call: 
{'name': 'Search_Flight_Location', 'arguments': {'query': 'Berlin'}}
{'name': 'Search_Flight_Location', 'arguments': {'query': 'Berlin'}}
2025-07-24 13:43:54,811 - evaluation_logger_Flights-10 - INFO - Rule-based compare success.
2025-07-24 13:43:54,812 - evaluation_logger_Flights-10 - INFO - Success matched: [{'name': 'Search_Flight_Location', 'arguments': {'query': 'Berlin'}}]
2025-07-24 13:43:54,812 - evaluation_logger_Flights-10 - INFO - Start compare_single_call: 
{'name': 'Search_Flight_Location', 'arguments': {'query': 'Vancouver International Airport'}}
{'name': 'Search_Flight_Location', 'arguments': {'query': 'Vancouver International Airport'}}
2025-07-24 13:43:54,812 - evaluation_logger_Flights-10 - INFO - Rule-based compare success.
2025-07-24 13:43:54,812 - evaluation_logger_Flights-10 - INFO - Success matched: [{'name': 'Search_Flight_Location', 'arguments': {'query': 'Vancouver International Airport'}}]
2025-07-24 13:43:55,444 - evaluation_logger_Flights-10 - INFO - Start compare_single_call: 
{'name': 'Search_Flights', 'arguments': {'adults': 4, 'cabinClass': 'FIRST', 'departDate': '2024-12-10', 'fromId': 'BER.AIRPORT', 'toId': 'YVR.AIRPORT'}}
{'name': 'Search_Flights', 'arguments': {'adults': 4, 'cabinClass': 'FIRST', 'departDate': '2024-12-10', 'fromId': 'BER.AIRPORT', 'sort': 'BEST', 'toId': 'YVR.AIRPORT'}}
2025-07-24 13:43:55,445 - evaluation_logger_Flights-10 - INFO - {'error_type': 'param_missing', 'content': 'Missing parameter sort in prediction.'}
2025-07-24 13:43:55,445 - evaluation_logger_Flights-10 - INFO - Success matched: []
2025-07-24 13:44:30,300 - evaluation_logger_Flights-10 - INFO - Start compare_single_call: 
{'name': 'Search_Flights', 'arguments': {'adults': 4, 'cabinClass': 'FIRST', 'departDate': '2024-12-10', 'fromId': 'BER.AIRPORT', 'sort': 'BEST', 'toId': 'YVR.AIRPORT'}}
{'name': 'Search_Flights', 'arguments': {'adults': 4, 'cabinClass': 'FIRST', 'departDate': '2024-12-10', 'fromId': 'BER.AIRPORT', 'sort': 'BEST', 'toId': 'YVR.AIRPORT'}}
2025-07-24 13:44:30,300 - evaluation_logger_Flights-10 - INFO - Rule-based compare success.
2025-07-24 13:44:30,300 - evaluation_logger_Flights-10 - INFO - Success matched: [{'name': 'Search_Flights', 'arguments': {'adults': 4, 'cabinClass': 'FIRST', 'departDate': '2024-12-10', 'fromId': 'BER.AIRPORT', 'sort': 'BEST', 'toId': 'YVR.AIRPORT'}}]
