2025-07-24 09:31:06,155 - evaluation_logger_Flights-30 - INFO - Test Example Flights-30
2025-07-24 09:31:06,155 - evaluation_logger_Flights-30 - INFO - Query: Our company is planning to leave from Toronto on September 15th, 2024, and travel to Mexico City and Lima. We'll return to Toronto on September 29th, 2024. We'll stay in each of those cities for a week. Help us find the best economy class flights for this journey and provide the detailed flight information and seat maps.
2025-07-24 13:51:50,876 - evaluation_logger_Flights-30 - INFO - Test Example Flights-30
2025-07-24 13:51:50,877 - evaluation_logger_Flights-30 - INFO - Query: Our company is planning to leave from Toronto on September 15th, 2024, and travel to Mexico City and Lima. We'll return to Toronto on September 29th, 2024. We'll stay in each of those cities for a week. Help us find the best economy class flights for this journey and provide the detailed flight information and seat maps.
2025-07-24 13:54:06,827 - evaluation_logger_Flights-30 - INFO - Start compare_single_call: 
{'name': 'Search_Flight_Location', 'arguments': {'query': 'Toronto'}}
{'name': 'Search_Flight_Location', 'arguments': {'query': 'Toronto'}}
2025-07-24 13:54:06,828 - evaluation_logger_Flights-30 - INFO - Rule-based compare success.
2025-07-24 13:54:06,828 - evaluation_logger_Flights-30 - INFO - Success matched: [{'name': 'Search_Flight_Location', 'arguments': {'query': 'Toronto'}}]
2025-07-24 13:54:06,831 - evaluation_logger_Flights-30 - INFO - Start compare_single_call: 
{'name': 'Search_Flight_Location', 'arguments': {'query': 'Mexico City'}}
{'name': 'Search_Flight_Location', 'arguments': {'query': 'Mexico City'}}
2025-07-24 13:54:06,832 - evaluation_logger_Flights-30 - INFO - Rule-based compare success.
2025-07-24 13:54:06,832 - evaluation_logger_Flights-30 - INFO - Success matched: [{'name': 'Search_Flight_Location', 'arguments': {'query': 'Mexico City'}}]
2025-07-24 13:54:06,832 - evaluation_logger_Flights-30 - INFO - Start compare_single_call: 
{'name': 'Search_Flight_Location', 'arguments': {'query': 'Lima'}}
{'name': 'Search_Flight_Location', 'arguments': {'query': 'Lima'}}
2025-07-24 13:54:06,833 - evaluation_logger_Flights-30 - INFO - Rule-based compare success.
2025-07-24 13:54:06,833 - evaluation_logger_Flights-30 - INFO - Success matched: [{'name': 'Search_Flight_Location', 'arguments': {'query': 'Lima'}}]
2025-07-24 13:54:07,490 - evaluation_logger_Flights-30 - INFO - Start compare_single_call: 
{'name': 'Search_Flights_Multi_Stops', 'arguments': {'cabinClass': 'ECONOMY', 'legs': [{'fromId': 'YTZ.AIRPORT', 'toId': 'MEX.AIRPORT', 'date': '2024-09-15'}, {'fromId': 'MEX.AIRPORT', 'toId': 'LIM.AIRPORT', 'date': '2024-09-22'}, {'fromId': 'LIM.AIRPORT', 'toId': 'YTZ.AIRPORT', 'date': '2024-09-29'}]}}
{'name': 'Search_Flights_Multi_Stops', 'arguments': {'cabinClass': 'ECONOMY', 'legs': [{'fromId': 'YTZ.AIRPORT', 'toId': 'MEX.AIRPORT', 'date': '2024-09-15'}, {'fromId': 'MEX.AIRPORT', 'toId': 'LIM.AIRPORT', 'date': '2024-09-22'}, {'fromId': 'LIM.AIRPORT', 'toId': 'YTZ.AIRPORT', 'date': '2024-09-29'}], 'sort': 'BEST'}}
2025-07-24 13:54:07,490 - evaluation_logger_Flights-30 - INFO - {'error_type': 'param_missing', 'content': 'Missing parameter sort in prediction.'}
2025-07-24 13:54:07,490 - evaluation_logger_Flights-30 - INFO - Success matched: []
2025-07-24 13:54:33,955 - evaluation_logger_Flights-30 - INFO - Start compare_single_call: 
{'name': 'Search_Flights_Multi_Stops', 'arguments': {'cabinClass': 'ECONOMY', 'legs': [{'fromId': 'YTZ.AIRPORT', 'toId': 'MEX.AIRPORT', 'date': '2024-09-15'}, {'fromId': 'MEX.AIRPORT', 'toId': 'LIM.AIRPORT', 'date': '2024-09-22'}, {'fromId': 'LIM.AIRPORT', 'toId': 'YTZ.AIRPORT', 'date': '2024-09-29'}], 'sort': 'BEST'}}
{'name': 'Search_Flights_Multi_Stops', 'arguments': {'cabinClass': 'ECONOMY', 'legs': [{'fromId': 'YTZ.AIRPORT', 'toId': 'MEX.AIRPORT', 'date': '2024-09-15'}, {'fromId': 'MEX.AIRPORT', 'toId': 'LIM.AIRPORT', 'date': '2024-09-22'}, {'fromId': 'LIM.AIRPORT', 'toId': 'YTZ.AIRPORT', 'date': '2024-09-29'}], 'sort': 'BEST'}}
2025-07-24 13:54:33,955 - evaluation_logger_Flights-30 - INFO - Rule-based compare success.
2025-07-24 13:54:33,955 - evaluation_logger_Flights-30 - INFO - Success matched: [{'name': 'Search_Flights_Multi_Stops', 'arguments': {'cabinClass': 'ECONOMY', 'legs': [{'fromId': 'YTZ.AIRPORT', 'toId': 'MEX.AIRPORT', 'date': '2024-09-15'}, {'fromId': 'MEX.AIRPORT', 'toId': 'LIM.AIRPORT', 'date': '2024-09-22'}, {'fromId': 'LIM.AIRPORT', 'toId': 'YTZ.AIRPORT', 'date': '2024-09-29'}], 'sort': 'BEST'}}]
2025-07-24 13:54:34,414 - evaluation_logger_Flights-30 - INFO - Success matched: []
2025-07-24 13:55:07,058 - evaluation_logger_Flights-30 - INFO - Start compare_single_call: 
{'name': 'Get_Flight_Details', 'arguments': {'token': 'd6a1f_H4sIAAAAAAAA_1WRa2-bMBSGf037aRgM5lbJmlKcrFycpCGQpl8QIYSwZCWLPUH49TuBalp1wOd5XgsLOEcpL-JJVQ_nujpKofwRqGpkU-WyREXzSz1cYdk1zan-qNS8vqrb9TufvmEzni6_AUQ-1_U7A8CW7gKrWFWgiqft97KTirgW9LHelSiniuu6I4qCGv6MfMqVWog4ZuAaFh-iopGUIJIGYeKRmROO4ZX-8NPVMx5sT7nXthGbCl63t4j5NngHXfBb20fs1Z7fuvDucdyFi943gL_ci36rRSxYRR6Ok7rV1nWrz5nQ0tMlShPex5q5jNhqE59k-trPo_WJiPnsPYxxyrgmFwkTMjn7IkqDOJpVhMdtx1nSLzR3E7GJuHvKigeDDS9cFgXFCBHbHT-gyQXVRioktccf0-wljYPgxXNGlRTbpmFag3UU67prPYryXBaybj7C8kaXTDccW4GJlBedKGE24dYX3xLDxY4CYxqCbeZx29IUGNXgC3BHI_85nIjhAUMbA_age6Zu1ecLwIMxgavKNPSvwI-DY6TfCzzPXny04ghjhriPkjf0PIV4l9k2tCKzObR9hnNi6DlgmdllXgIcMgJrneHPg39m_gZan5U7sft9-QtGUvw0rgIAAA..'}}
{'name': 'Get_Flight_Details', 'arguments': {'token': 'd6a1f_H4sIAAAAAAAA_1WRa2-bMBSGf037aRgM5lbJmlKcrFycpCGQpl8QIYSwZCWLPUH49TuBalp1wOd5XgsLOEcpL-JJVQ_nujpKofwRqGpkU-WyREXzSz1cYdk1zan-qNS8vqrb9TufvmEzni6_AUQ-1_U7A8CW7gKrWFWgiqft97KTirgW9LHelSiniuu6I4qCGv6MfMqVWog4ZuAaFh-iopGUIJIGYeKRmROO4ZX-8NPVMx5sT7nXthGbCl63t4j5NngHXfBb20fs1Z7fuvDucdyFi943gL_ci36rRSxYRR6Ok7rV1nWrz5nQ0tMlShPex5q5jNhqE59k-trPo_WJiPnsPYxxyrgmFwkTMjn7IkqDOJpVhMdtx1nSLzR3E7GJuHvKigeDDS9cFgXFCBHbHT-gyQXVRioktccf0-wljYPgxXNGlRTbpmFag3UU67prPYryXBaybj7C8kaXTDccW4GJlBedKGE24dYX3xLDxY4CYxqCbeZx29IUGNXgC3BHI_85nIjhAUMbA_age6Zu1ecLwIMxgavKNPSvwI-DY6TfCzzPXny04ghjhriPkjf0PIV4l9k2tCKzObR9hnNi6DlgmdllXgIcMgJrneHPg39m_gZan5U7sft9-QtGUvw0rgIAAA..'}}
2025-07-24 13:55:07,058 - evaluation_logger_Flights-30 - INFO - Rule-based compare success.
2025-07-24 13:55:07,059 - evaluation_logger_Flights-30 - INFO - Success matched: [{'name': 'Get_Flight_Details', 'arguments': {'token': 'd6a1f_H4sIAAAAAAAA_1WRa2-bMBSGf037aRgM5lbJmlKcrFycpCGQpl8QIYSwZCWLPUH49TuBalp1wOd5XgsLOEcpL-JJVQ_nujpKofwRqGpkU-WyREXzSz1cYdk1zan-qNS8vqrb9TufvmEzni6_AUQ-1_U7A8CW7gKrWFWgiqft97KTirgW9LHelSiniuu6I4qCGv6MfMqVWog4ZuAaFh-iopGUIJIGYeKRmROO4ZX-8NPVMx5sT7nXthGbCl63t4j5NngHXfBb20fs1Z7fuvDucdyFi943gL_ci36rRSxYRR6Ok7rV1nWrz5nQ0tMlShPex5q5jNhqE59k-trPo_WJiPnsPYxxyrgmFwkTMjn7IkqDOJpVhMdtx1nSLzR3E7GJuHvKigeDDS9cFgXFCBHbHT-gyQXVRioktccf0-wljYPgxXNGlRTbpmFag3UU67prPYryXBaybj7C8kaXTDccW4GJlBedKGE24dYX3xLDxY4CYxqCbeZx29IUGNXgC3BHI_85nIjhAUMbA_age6Zu1ecLwIMxgavKNPSvwI-DY6TfCzzPXny04ghjhriPkjf0PIV4l9k2tCKzObR9hnNi6DlgmdllXgIcMgJrneHPg39m_gZan5U7sft9-QtGUvw0rgIAAA..'}}]
2025-07-24 13:55:07,521 - evaluation_logger_Flights-30 - INFO - Success matched: []
2025-07-24 13:55:33,078 - evaluation_logger_Flights-30 - INFO - Start compare_single_call: 
{'name': 'Get_Flight_Details', 'arguments': {'token': 'd6a1f_H4sIAAAAAAAA_1WRa2-bMBSGf037aRgM5lbJmlKcrFycpCGQpl8QIYSwZCWLPUH49TuBalp1wOd5XgsLOEcpL-JJVQ_nujpKofwRqGpkU-WyREXzSz1cYdk1zan-qNS8vqrb9TufvmEzni6_AUQ-1_U7A8CW7gKrWFWgiqft97KTirgW9LHelSiniuu6I4qCGv6MfMqVWog4ZuAaFh-iopGUIJIGYeKRmROO4ZX-8NPVMx5sT7nXthGbCl63t4j5NngHXfBb20fs1Z7fuvDucdyFi943gL_ci36rRSxYRR6Ok7rV1nWrz5nQ0tMlShPex5q5jNhqE59k-trPo_WJiPnsPYxxyrgmFwkTMjn7IkqDOJpVhMdtx1nSLzR3E7GJuHvKigeDDS9cFgXFCBHbHT-gyQXVRioktccf0-wljYPgxXNGlRTbpmFag3UU67prPYryXBaybj7C8kaXTDccW4GJlBedKGE24dYX3xLDxY4CYxqCbeZx29IUGNXgC3BHI_85nIjhAUMbA_age6Zu1ecLwIMxgavKNPSvwI-DY6TfCzzPXny04ghjhriPkjf0PIV4l9k2tCKzObR9hnNi6DlgmdllXgIcMgJrneHPg39m_gZan5U7sft9-QtGUvw0rgIAAA..'}}
{'name': 'Get_Flight_Details', 'arguments': {'token': 'd6a1f_H4sIAAAAAAAA_1WRa2-bMBSGf037aRgM5lbJmlKcrFycpCGQpl8QIYSwZCWLPUH49TuBalp1wOd5XgsLOEcpL-JJVQ_nujpKofwRqGpkU-WyREXzSz1cYdk1zan-qNS8vqrb9TufvmEzni6_AUQ-1_U7A8CW7gKrWFWgiqft97KTirgW9LHelSiniuu6I4qCGv6MfMqVWog4ZuAaFh-iopGUIJIGYeKRmROO4ZX-8NPVMx5sT7nXthGbCl63t4j5NngHXfBb20fs1Z7fuvDucdyFi943gL_ci36rRSxYRR6Ok7rV1nWrz5nQ0tMlShPex5q5jNhqE59k-trPo_WJiPnsPYxxyrgmFwkTMjn7IkqDOJpVhMdtx1nSLzR3E7GJuHvKigeDDS9cFgXFCBHbHT-gyQXVRioktccf0-wljYPgxXNGlRTbpmFag3UU67prPYryXBaybj7C8kaXTDccW4GJlBedKGE24dYX3xLDxY4CYxqCbeZx29IUGNXgC3BHI_85nIjhAUMbA_age6Zu1ecLwIMxgavKNPSvwI-DY6TfCzzPXny04ghjhriPkjf0PIV4l9k2tCKzObR9hnNi6DlgmdllXgIcMgJrneHPg39m_gZan5U7sft9-QtGUvw0rgIAAA..'}}
2025-07-24 13:55:33,079 - evaluation_logger_Flights-30 - INFO - Rule-based compare success.
2025-07-24 13:55:33,079 - evaluation_logger_Flights-30 - INFO - Success matched: [{'name': 'Get_Flight_Details', 'arguments': {'token': 'd6a1f_H4sIAAAAAAAA_1WRa2-bMBSGf037aRgM5lbJmlKcrFycpCGQpl8QIYSwZCWLPUH49TuBalp1wOd5XgsLOEcpL-JJVQ_nujpKofwRqGpkU-WyREXzSz1cYdk1zan-qNS8vqrb9TufvmEzni6_AUQ-1_U7A8CW7gKrWFWgiqft97KTirgW9LHelSiniuu6I4qCGv6MfMqVWog4ZuAaFh-iopGUIJIGYeKRmROO4ZX-8NPVMx5sT7nXthGbCl63t4j5NngHXfBb20fs1Z7fuvDucdyFi943gL_ci36rRSxYRR6Ok7rV1nWrz5nQ0tMlShPex5q5jNhqE59k-trPo_WJiPnsPYxxyrgmFwkTMjn7IkqDOJpVhMdtx1nSLzR3E7GJuHvKigeDDS9cFgXFCBHbHT-gyQXVRioktccf0-wljYPgxXNGlRTbpmFag3UU67prPYryXBaybj7C8kaXTDccW4GJlBedKGE24dYX3xLDxY4CYxqCbeZx29IUGNXgC3BHI_85nIjhAUMbA_age6Zu1ecLwIMxgavKNPSvwI-DY6TfCzzPXny04ghjhriPkjf0PIV4l9k2tCKzObR9hnNi6DlgmdllXgIcMgJrneHPg39m_gZan5U7sft9-QtGUvw0rgIAAA..'}}]
2025-07-24 13:55:33,079 - evaluation_logger_Flights-30 - INFO - Start compare_single_call: 
{'name': 'Get_Seat_Map', 'arguments': {'offerToken': 'd6a1f_H4sIAAAAAAAA_1WRa2-bMBSGf037aRgM5lbJmlKcrFycpCGQpl8QIYSwZCWLPUH49TuBalp1wOd5XgsLOEcpL-JJVQ_nujpKofwRqGpkU-WyREXzSz1cYdk1zan-qNS8vqrb9TufvmEzni6_AUQ-1_U7A8CW7gKrWFWgiqft97KTirgW9LHelSiniuu6I4qCGv6MfMqVWog4ZuAaFh-iopGUIJIGYeKRmROO4ZX-8NPVMx5sT7nXthGbCl63t4j5NngHXfBb20fs1Z7fuvDucdyFi943gL_ci36rRSxYRR6Ok7rV1nWrz5nQ0tMlShPex5q5jNhqE59k-trPo_WJiPnsPYxxyrgmFwkTMjn7IkqDOJpVhMdtx1nSLzR3E7GJuHvKigeDDS9cFgXFCBHbHT-gyQXVRioktccf0-wljYPgxXNGlRTbpmFag3UU67prPYryXBaybj7C8kaXTDccW4GJlBedKGE24dYX3xLDxY4CYxqCbeZx29IUGNXgC3BHI_85nIjhAUMbA_age6Zu1ecLwIMxgavKNPSvwI-DY6TfCzzPXny04ghjhriPkjf0PIV4l9k2tCKzObR9hnNi6DlgmdllXgIcMgJrneHPg39m_gZan5U7sft9-QtGUvw0rgIAAA..'}}
{'name': 'Get_Seat_Map', 'arguments': {'offerToken': 'd6a1f_H4sIAAAAAAAA_1WRa2-bMBSGf037aRgM5lbJmlKcrFycpCGQpl8QIYSwZCWLPUH49TuBalp1wOd5XgsLOEcpL-JJVQ_nujpKofwRqGpkU-WyREXzSz1cYdk1zan-qNS8vqrb9TufvmEzni6_AUQ-1_U7A8CW7gKrWFWgiqft97KTirgW9LHelSiniuu6I4qCGv6MfMqVWog4ZuAaFh-iopGUIJIGYeKRmROO4ZX-8NPVMx5sT7nXthGbCl63t4j5NngHXfBb20fs1Z7fuvDucdyFi943gL_ci36rRSxYRR6Ok7rV1nWrz5nQ0tMlShPex5q5jNhqE59k-trPo_WJiPnsPYxxyrgmFwkTMjn7IkqDOJpVhMdtx1nSLzR3E7GJuHvKigeDDS9cFgXFCBHbHT-gyQXVRioktccf0-wljYPgxXNGlRTbpmFag3UU67prPYryXBaybj7C8kaXTDccW4GJlBedKGE24dYX3xLDxY4CYxqCbeZx29IUGNXgC3BHI_85nIjhAUMbA_age6Zu1ecLwIMxgavKNPSvwI-DY6TfCzzPXny04ghjhriPkjf0PIV4l9k2tCKzObR9hnNi6DlgmdllXgIcMgJrneHPg39m_gZan5U7sft9-QtGUvw0rgIAAA..'}}
2025-07-24 13:55:33,080 - evaluation_logger_Flights-30 - INFO - Rule-based compare success.
2025-07-24 13:55:33,080 - evaluation_logger_Flights-30 - INFO - Success matched: [{'name': 'Get_Seat_Map', 'arguments': {'offerToken': 'd6a1f_H4sIAAAAAAAA_1WRa2-bMBSGf037aRgM5lbJmlKcrFycpCGQpl8QIYSwZCWLPUH49TuBalp1wOd5XgsLOEcpL-JJVQ_nujpKofwRqGpkU-WyREXzSz1cYdk1zan-qNS8vqrb9TufvmEzni6_AUQ-1_U7A8CW7gKrWFWgiqft97KTirgW9LHelSiniuu6I4qCGv6MfMqVWog4ZuAaFh-iopGUIJIGYeKRmROO4ZX-8NPVMx5sT7nXthGbCl63t4j5NngHXfBb20fs1Z7fuvDucdyFi943gL_ci36rRSxYRR6Ok7rV1nWrz5nQ0tMlShPex5q5jNhqE59k-trPo_WJiPnsPYxxyrgmFwkTMjn7IkqDOJpVhMdtx1nSLzR3E7GJuHvKigeDDS9cFgXFCBHbHT-gyQXVRioktccf0-wljYPgxXNGlRTbpmFag3UU67prPYryXBaybj7C8kaXTDccW4GJlBedKGE24dYX3xLDxY4CYxqCbeZx29IUGNXgC3BHI_85nIjhAUMbA_age6Zu1ecLwIMxgavKNPSvwI-DY6TfCzzPXny04ghjhriPkjf0PIV4l9k2tCKzObR9hnNi6DlgmdllXgIcMgJrneHPg39m_gZan5U7sft9-QtGUvw0rgIAAA..'}}]
