2025-07-24 09:31:08,267 - evaluation_logger_Flights-60 - INFO - Test Example Flights-60
2025-07-24 09:31:08,267 - evaluation_logger_Flights-60 - INFO - Query: Our company is planning to organize a three-day trip from Shanghai to Singapore. Right now, we have a rough plan: it could be either during the Mid-Autumn Festival (from September 14th to 17th, 2024) or the National Day (from October 5th to 8th, 2024). I need to find out the best air tickets and detailed information about the flights during these two time periods.
2025-07-24 13:58:49,711 - evaluation_logger_Flights-60 - INFO - Test Example Flights-60
2025-07-24 13:58:49,711 - evaluation_logger_Flights-60 - INFO - Query: Our company is planning to organize a three-day trip from Shanghai to Singapore. Right now, we have a rough plan: it could be either during the Mid-Autumn Festival (from September 14th to 17th, 2024) or the National Day (from October 5th to 8th, 2024). I need to find out the best air tickets and detailed information about the flights during these two time periods.
2025-07-24 14:00:13,661 - evaluation_logger_Flights-60 - INFO - Start compare_single_call: 
{'name': 'Search_Flight_Location', 'arguments': {'query': 'Shanghai'}}
{'name': 'Search_Flight_Location', 'arguments': {'query': 'Shanghai'}}
2025-07-24 14:00:13,661 - evaluation_logger_Flights-60 - INFO - Rule-based compare success.
2025-07-24 14:00:13,661 - evaluation_logger_Flights-60 - INFO - Success matched: [{'name': 'Search_Flight_Location', 'arguments': {'query': 'Shanghai'}}]
2025-07-24 14:00:13,665 - evaluation_logger_Flights-60 - INFO - Start compare_single_call: 
{'name': 'Search_Flight_Location', 'arguments': {'query': 'Singapore'}}
{'name': 'Search_Flight_Location', 'arguments': {'query': 'Singapore'}}
2025-07-24 14:00:13,665 - evaluation_logger_Flights-60 - INFO - Rule-based compare success.
2025-07-24 14:00:13,665 - evaluation_logger_Flights-60 - INFO - Success matched: [{'name': 'Search_Flight_Location', 'arguments': {'query': 'Singapore'}}]
2025-07-24 14:00:13,666 - evaluation_logger_Flights-60 - INFO - Start compare_single_call: 
{'name': 'Search_Flights', 'arguments': {'departDate': '2024-09-14', 'fromId': 'PVG.AIRPORT', 'returnDate': '2024-09-17', 'sort': 'BEST', 'toId': 'SIN.AIRPORT'}}
{'name': 'Search_Flights', 'arguments': {'departDate': '2024-09-14', 'fromId': 'PVG.AIRPORT', 'returnDate': '2024-09-17', 'sort': 'BEST', 'toId': 'SIN.AIRPORT'}}
2025-07-24 14:00:13,666 - evaluation_logger_Flights-60 - INFO - Rule-based compare success.
2025-07-24 14:00:13,666 - evaluation_logger_Flights-60 - INFO - Success matched: [{'name': 'Search_Flights', 'arguments': {'departDate': '2024-09-14', 'fromId': 'PVG.AIRPORT', 'returnDate': '2024-09-17', 'sort': 'BEST', 'toId': 'SIN.AIRPORT'}}]
2025-07-24 14:00:14,341 - evaluation_logger_Flights-60 - INFO - Start compare_single_call: 
{'name': 'Get_Flight_Details', 'arguments': {'token': 'd6a1f_H4sIAAAAAAAA_0WQ246bMBCGnyZ7h4mxl8NKVpVAkhIwbMpCNr2xCAFCNl1S7ArC03e0RK08nvm_3weNfVbqJl90vbo29VlJ7Y9EdavaOlclKtpfetVBOrbtR_NZ63nT6a_ZJvEjTJPVK7Yg6VjXYBQvh2_loDTZFeypOZYoZ5rjOJOUBcMrbj-gYyaiVoA36ftkFa1iFNFsHiQG9WI8mR3bcHObvX_RiXG370NvIXnSD_EI1e2H0PMlv0gSrpdR6K3TePQJeDDXcTz-9EIXJ2nTG5En59llGaajP0bjKQu9H3u-Um_8wkmEd9b-Yx2E69syafohyhZGPHKSusNmd-8V382IB_HVRlnASxB070xNtrlklmNNulDMmB7cnhRLtu4zf-xSjFBqTmsDw4bhmE-yvJaFatrPoLwzkpoOpRr8ankzqLYUJCXOnPwzIpFtbQz8PPFBLAILwwFr4r3wLEKM_zwz3P5ajfYdxIwsIGoxR48BdH4QRhgoF-Eb2ntoeUC7A8LGd_COwjKhFMJyoJwEtXOSgyrF0SY2iEpQyI3Ajysvwt9DGYV9q36f679C5jazWQIAAA..'}}
{'name': 'Get_Flight_Details', 'arguments': {'token': 'd6a1f_H4sIAAAAAAAA_y2Q246CMBCGn0bvKBQ5WJNm44IaD-jKwVVvGqwF8YSh3cj69DvCps383zcXk8mclHrIga5n1yI_Kan9SJSXqsxTJRAvb3pWQTmU5aW453paVPrXZhJNl4a98mKjD0XHugaPD3YfolaarDjtFgeBUqoRQlqUnPb_qaIOsty5HW7wqGnxUlELWRtjsf8cbbe7tlnRSeTGjt3YkQbes169hjLw5XP1GrnL89pdjnfPePzwwjj0E1-q5DqVQbyfBdGzXl4u9cIf4cTfuYFXB3FUrxeeUTfjBOcUI9iC4MbLVNJeS1xR02jxqGg08-yV06qiPeIQs5GaYtMkTleKq-CqKO9z8UuDxLZsDe7ClWlpewbuOBqcqPGoY3rYuvMLIUCd3hB-zgxkQJ4gMWTKwinCZgB4YG4IwZmbQByZLTLTAhIMZ_YbMvauBcOonXFm02-IFzs4N1kZf_doKu7WAQAA'}}
2025-07-24 14:00:14,342 - evaluation_logger_Flights-60 - INFO - {'error_type': 'value_error', 'content': "Parameter token value 'd6a1f_H4sIAAAAAAAA_0WQ246bMBCGnyZ7h4mxl8NKVpVAkhIwbMpCNr2xCAFCNl1S7ArC03e0RK08nvm_3weNfVbqJl90vbo29VlJ7Y9EdavaOlclKtpfetVBOrbtR_NZ63nT6a_ZJvEjTJPVK7Yg6VjXYBQvh2_loDTZFeypOZYoZ5rjOJOUBcMrbj-gYyaiVoA36ftkFa1iFNFsHiQG9WI8mR3bcHObvX_RiXG370NvIXnSD_EI1e2H0PMlv0gSrpdR6K3TePQJeDDXcTz-9EIXJ2nTG5En59llGaajP0bjKQu9H3u-Um_8wkmEd9b-Yx2E69syafohyhZGPHKSusNmd-8V382IB_HVRlnASxB070xNtrlklmNNulDMmB7cnhRLtu4zf-xSjFBqTmsDw4bhmE-yvJaFatrPoLwzkpoOpRr8ankzqLYUJCXOnPwzIpFtbQz8PPFBLAILwwFr4r3wLEKM_zwz3P5ajfYdxIwsIGoxR48BdH4QRhgoF-Eb2ntoeUC7A8LGd_COwjKhFMJyoJwEtXOSgyrF0SY2iEpQyI3Ajysvwt9DGYV9q36f679C5jazWQIAAA..' is not correct in prediction."}
2025-07-24 14:00:14,342 - evaluation_logger_Flights-60 - INFO - Success matched: []
2025-07-24 14:02:31,306 - evaluation_logger_Flights-60 - INFO - Start compare_single_call: 
{'name': 'Get_Flight_Details', 'arguments': {'token': 'd6a1f_H4sIAAAAAAAA_0WQ246bMBCGnyZ7h4mxl8NKVpVAkhIwbMpCNr2xCAFCNl1S7ArC03e0RK08nvm_3weNfVbqJl90vbo29VlJ7Y9EdavaOlclKtpfetVBOrbtR_NZ63nT6a_ZJvEjTJPVK7Yg6VjXYBQvh2_loDTZFeypOZYoZ5rjOJOUBcMrbj-gYyaiVoA36ftkFa1iFNFsHiQG9WI8mR3bcHObvX_RiXG370NvIXnSD_EI1e2H0PMlv0gSrpdR6K3TePQJeDDXcTz-9EIXJ2nTG5En59llGaajP0bjKQu9H3u-Um_8wkmEd9b-Yx2E69syafohyhZGPHKSusNmd-8V382IB_HVRlnASxB070xNtrlklmNNulDMmB7cnhRLtu4zf-xSjFBqTmsDw4bhmE-yvJaFatrPoLwzkpoOpRr8ankzqLYUJCXOnPwzIpFtbQz8PPFBLAILwwFr4r3wLEKM_zwz3P5ajfYdxIwsIGoxR48BdH4QRhgoF-Eb2ntoeUC7A8LGd_COwjKhFMJyoJwEtXOSgyrF0SY2iEpQyI3Ajysvwt9DGYV9q36f679C5jazWQIAAA..'}}
{'name': 'Get_Flight_Details', 'arguments': {'token': 'd6a1f_H4sIAAAAAAAA_y2Q246CMBCGn0bvKBQ5WJNm44IaD-jKwVVvGqwF8YSh3cj69DvCps383zcXk8mclHrIga5n1yI_Kan9SJSXqsxTJRAvb3pWQTmU5aW453paVPrXZhJNl4a98mKjD0XHugaPD3YfolaarDjtFgeBUqoRQlqUnPb_qaIOsty5HW7wqGnxUlELWRtjsf8cbbe7tlnRSeTGjt3YkQbes169hjLw5XP1GrnL89pdjnfPePzwwjj0E1-q5DqVQbyfBdGzXl4u9cIf4cTfuYFXB3FUrxeeUTfjBOcUI9iC4MbLVNJeS1xR02jxqGg08-yV06qiPeIQs5GaYtMkTleKq-CqKO9z8UuDxLZsDe7ClWlpewbuOBqcqPGoY3rYuvMLIUCd3hB-zgxkQJ4gMWTKwinCZgB4YG4IwZmbQByZLTLTAhIMZ_YbMvauBcOonXFm02-IFzs4N1kZf_doKu7WAQAA'}}
2025-07-24 14:02:31,306 - evaluation_logger_Flights-60 - INFO - {'error_type': 'value_error', 'content': "Parameter token value 'd6a1f_H4sIAAAAAAAA_0WQ246bMBCGnyZ7h4mxl8NKVpVAkhIwbMpCNr2xCAFCNl1S7ArC03e0RK08nvm_3weNfVbqJl90vbo29VlJ7Y9EdavaOlclKtpfetVBOrbtR_NZ63nT6a_ZJvEjTJPVK7Yg6VjXYBQvh2_loDTZFeypOZYoZ5rjOJOUBcMrbj-gYyaiVoA36ftkFa1iFNFsHiQG9WI8mR3bcHObvX_RiXG370NvIXnSD_EI1e2H0PMlv0gSrpdR6K3TePQJeDDXcTz-9EIXJ2nTG5En59llGaajP0bjKQu9H3u-Um_8wkmEd9b-Yx2E69syafohyhZGPHKSusNmd-8V382IB_HVRlnASxB070xNtrlklmNNulDMmB7cnhRLtu4zf-xSjFBqTmsDw4bhmE-yvJaFatrPoLwzkpoOpRr8ankzqLYUJCXOnPwzIpFtbQz8PPFBLAILwwFr4r3wLEKM_zwz3P5ajfYdxIwsIGoxR48BdH4QRhgoF-Eb2ntoeUC7A8LGd_COwjKhFMJyoJwEtXOSgyrF0SY2iEpQyI3Ajysvwt9DGYV9q36f679C5jazWQIAAA..' is not correct in prediction."}
2025-07-24 14:02:31,306 - evaluation_logger_Flights-60 - INFO - Success matched: []
2025-07-24 14:03:47,449 - evaluation_logger_Flights-60 - INFO - Start compare_single_call: 
{'name': 'Get_Flight_Details', 'arguments': {'token': 'd6a1f_H4sIAAAAAAAA_0WQ246bMBCGnyZ7h4mxl8NKVpVAkhIwbMpCNr2xCAFCNl1S7ArC03e0RK08nvm_3weNfVbqJl90vbo29VlJ7Y9EdavaOlclKtpfetVBOrbtR_NZ63nT6a_ZJvEjTJPVK7Yg6VjXYBQvh2_loDTZFeypOZYoZ5rjOJOUBcMrbj-gYyaiVoA36ftkFa1iFNFsHiQG9WI8mR3bcHObvX_RiXG370NvIXnSD_EI1e2H0PMlv0gSrpdR6K3TePQJeDDXcTz-9EIXJ2nTG5En59llGaajP0bjKQu9H3u-Um_8wkmEd9b-Yx2E69syafohyhZGPHKSusNmd-8V382IB_HVRlnASxB070xNtrlklmNNulDMmB7cnhRLtu4zf-xSjFBqTmsDw4bhmE-yvJaFatrPoLwzkpoOpRr8ankzqLYUJCXOnPwzIpFtbQz8PPFBLAILwwFr4r3wLEKM_zwz3P5ajfYdxIwsIGoxR48BdH4QRhgoF-Eb2ntoeUC7A8LGd_COwjKhFMJyoJwEtXOSgyrF0SY2iEpQyI3Ajysvwt9DGYV9q36f679C5jazWQIAAA..'}}
{'name': 'Get_Flight_Details', 'arguments': {'token': 'd6a1f_H4sIAAAAAAAA_y2Q246CMBCGn0bvKBQ5WJNm44IaD-jKwVVvGqwF8YSh3cj69DvCps383zcXk8mclHrIga5n1yI_Kan9SJSXqsxTJRAvb3pWQTmU5aW453paVPrXZhJNl4a98mKjD0XHugaPD3YfolaarDjtFgeBUqoRQlqUnPb_qaIOsty5HW7wqGnxUlELWRtjsf8cbbe7tlnRSeTGjt3YkQbes169hjLw5XP1GrnL89pdjnfPePzwwjj0E1-q5DqVQbyfBdGzXl4u9cIf4cTfuYFXB3FUrxeeUTfjBOcUI9iC4MbLVNJeS1xR02jxqGg08-yV06qiPeIQs5GaYtMkTleKq-CqKO9z8UuDxLZsDe7ClWlpewbuOBqcqPGoY3rYuvMLIUCd3hB-zgxkQJ4gMWTKwinCZgB4YG4IwZmbQByZLTLTAhIMZ_YbMvauBcOonXFm02-IFzs4N1kZf_doKu7WAQAA'}}
2025-07-24 14:03:47,449 - evaluation_logger_Flights-60 - INFO - {'error_type': 'value_error', 'content': "Parameter token value 'd6a1f_H4sIAAAAAAAA_0WQ246bMBCGnyZ7h4mxl8NKVpVAkhIwbMpCNr2xCAFCNl1S7ArC03e0RK08nvm_3weNfVbqJl90vbo29VlJ7Y9EdavaOlclKtpfetVBOrbtR_NZ63nT6a_ZJvEjTJPVK7Yg6VjXYBQvh2_loDTZFeypOZYoZ5rjOJOUBcMrbj-gYyaiVoA36ftkFa1iFNFsHiQG9WI8mR3bcHObvX_RiXG370NvIXnSD_EI1e2H0PMlv0gSrpdR6K3TePQJeDDXcTz-9EIXJ2nTG5En59llGaajP0bjKQu9H3u-Um_8wkmEd9b-Yx2E69syafohyhZGPHKSusNmd-8V382IB_HVRlnASxB070xNtrlklmNNulDMmB7cnhRLtu4zf-xSjFBqTmsDw4bhmE-yvJaFatrPoLwzkpoOpRr8ankzqLYUJCXOnPwzIpFtbQz8PPFBLAILwwFr4r3wLEKM_zwz3P5ajfYdxIwsIGoxR48BdH4QRhgoF-Eb2ntoeUC7A8LGd_COwjKhFMJyoJwEtXOSgyrF0SY2iEpQyI3Ajysvwt9DGYV9q36f679C5jazWQIAAA..' is not correct in prediction."}
2025-07-24 14:03:47,449 - evaluation_logger_Flights-60 - INFO - Success matched: []
2025-07-24 14:06:49,140 - evaluation_logger_Flights-60 - INFO - Start compare_single_call: 
{'name': 'Search_Flights', 'arguments': {'departDate': '2024-10-05', 'fromId': 'PVG.AIRPORT', 'returnDate': '2024-10-08', 'sort': 'BEST', 'toId': 'SIN.AIRPORT'}}
{'name': 'Search_Flights', 'arguments': {'departDate': '2024-10-05', 'fromId': 'PVG.AIRPORT', 'returnDate': '2024-10-08', 'sort': 'BEST', 'toId': 'SIN.AIRPORT'}}
2025-07-24 14:06:49,141 - evaluation_logger_Flights-60 - INFO - Rule-based compare success.
2025-07-24 14:06:49,141 - evaluation_logger_Flights-60 - INFO - Success matched: [{'name': 'Search_Flights', 'arguments': {'departDate': '2024-10-05', 'fromId': 'PVG.AIRPORT', 'returnDate': '2024-10-08', 'sort': 'BEST', 'toId': 'SIN.AIRPORT'}}]
