2025-07-24 09:31:07,650 - evaluation_logger_Flights-50 - INFO - Test Example Flights-50
2025-07-24 09:31:07,650 - evaluation_logger_Flights-50 - INFO - Query: There's an international conference in Melbourne from November 10 to 12, 2024. I need to arrive from Atlanta the day before and leave on the last day of the conference. Could you help me find the best round-trip flights and check the baggage policy?
2025-07-24 13:57:31,824 - evaluation_logger_Flights-50 - INFO - Test Example Flights-50
2025-07-24 13:57:31,824 - evaluation_logger_Flights-50 - INFO - Query: There's an international conference in Melbourne from November 10 to 12, 2024. I need to arrive from Atlanta the day before and leave on the last day of the conference. Could you help me find the best round-trip flights and check the baggage policy?
2025-07-24 13:58:49,696 - evaluation_logger_Flights-50 - INFO - Start compare_single_call: 
{'name': 'Search_Flight_Location', 'arguments': {'query': 'Atlanta'}}
{'name': 'Search_Flight_Location', 'arguments': {'query': 'Atlanta'}}
2025-07-24 13:58:49,696 - evaluation_logger_Flights-50 - INFO - Rule-based compare success.
2025-07-24 13:58:49,697 - evaluation_logger_Flights-50 - INFO - Success matched: [{'name': 'Search_Flight_Location', 'arguments': {'query': 'Atlanta'}}]
2025-07-24 13:58:49,701 - evaluation_logger_Flights-50 - INFO - Start compare_single_call: 
{'name': 'Search_Flight_Location', 'arguments': {'query': 'Melbourne'}}
{'name': 'Search_Flight_Location', 'arguments': {'query': 'Melbourne'}}
2025-07-24 13:58:49,701 - evaluation_logger_Flights-50 - INFO - Rule-based compare success.
2025-07-24 13:58:49,701 - evaluation_logger_Flights-50 - INFO - Success matched: [{'name': 'Search_Flight_Location', 'arguments': {'query': 'Melbourne'}}]
2025-07-24 13:58:49,702 - evaluation_logger_Flights-50 - INFO - Start compare_single_call: 
{'name': 'Search_Flights', 'arguments': {'departDate': '2024-11-09', 'fromId': 'ATL.AIRPORT', 'returnDate': '2024-11-12', 'sort': 'BEST', 'toId': 'MEL.CITY'}}
{'name': 'Search_Flights', 'arguments': {'departDate': '2024-11-09', 'fromId': 'ATL.AIRPORT', 'returnDate': '2024-11-12', 'sort': 'BEST', 'toId': 'MEL.CITY'}}
2025-07-24 13:58:49,702 - evaluation_logger_Flights-50 - INFO - Rule-based compare success.
2025-07-24 13:58:49,702 - evaluation_logger_Flights-50 - INFO - Success matched: [{'name': 'Search_Flights', 'arguments': {'departDate': '2024-11-09', 'fromId': 'ATL.AIRPORT', 'returnDate': '2024-11-12', 'sort': 'BEST', 'toId': 'MEL.CITY'}}]
2025-07-24 13:58:49,702 - evaluation_logger_Flights-50 - INFO - Start compare_single_call: 
{'name': 'Get_Flight_Details', 'arguments': {'token': 'd7699_H4sIAAAAAAAA_1WQ3U7jMBCFnwbu4nTcpE6QrFW2LVA2P0CSQntjpa6bhnbxKjYk7dNjcNUFjTXnfEeakTVbrf-pK9fd7Jt6q5XzplAttawrLRCXf91Na9pKyl3zWrtV07pRESfTeBCm2RywaS64jil-tfgleu2oltPLZiVQRZ0wDK1VnAYn19IR8qbhcpnlNuJSUw_54JPstnweRzZs6c3d7e8bO7-mybjr4kmkkrzr48mUnNkqSSaqz46LQXYs-7RY3-fXJX7c1SQp0nly6Pr05To1czgpO5IVs8-5_mu14JwCQh4J4YtlpejQOq4pHli71jSP79Ll3KKmQLxwZP_fUxgOA_9Sib3gupGvf8SBlhEOiGOOJN-x5xSsjADwzyAMfuAIHHPOM2JszPcACAT_gws8hsPel4obdzGMzKvZAJ3L8PbE8FmGK1ZE6BkjgBTFGZotUJmbeMWCByOcBYWRNYOq8kVlrGCcj4xumGd6w-C094XNnowcmZAKv-8-AHm1qHxAAgAA'}}
{'name': 'Get_Flight_Details', 'arguments': {'token': 'd7699_H4sIAAAAAAAA_1WQ3U7jMBCFnwbu4nTcpE6QrFW2LVA2P0CSQntjpa6bhnbxKjYk7dNjcNUFjTXnfEeakTVbrf-pK9fd7Jt6q5XzplAttawrLRCXf91Na9pKyl3zWrtV07pRESfTeBCm2RywaS64jil-tfgleu2oltPLZiVQRZ0wDK1VnAYn19IR8qbhcpnlNuJSUw_54JPstnweRzZs6c3d7e8bO7-mybjr4kmkkrzr48mUnNkqSSaqz46LQXYs-7RY3-fXJX7c1SQp0nly6Pr05To1czgpO5IVs8-5_mu14JwCQh4J4YtlpejQOq4pHli71jSP79Ll3KKmQLxwZP_fUxgOA_9Sib3gupGvf8SBlhEOiGOOJN-x5xSsjADwzyAMfuAIHHPOM2JszPcACAT_gws8hsPel4obdzGMzKvZAJ3L8PbE8FmGK1ZE6BkjgBTFGZotUJmbeMWCByOcBYWRNYOq8kVlrGCcj4xumGd6w-C094XNnowcmZAKv-8-AHm1qHxAAgAA'}}
2025-07-24 13:58:49,703 - evaluation_logger_Flights-50 - INFO - Rule-based compare success.
2025-07-24 13:58:49,703 - evaluation_logger_Flights-50 - INFO - Success matched: [{'name': 'Get_Flight_Details', 'arguments': {'token': 'd7699_H4sIAAAAAAAA_1WQ3U7jMBCFnwbu4nTcpE6QrFW2LVA2P0CSQntjpa6bhnbxKjYk7dNjcNUFjTXnfEeakTVbrf-pK9fd7Jt6q5XzplAttawrLRCXf91Na9pKyl3zWrtV07pRESfTeBCm2RywaS64jil-tfgleu2oltPLZiVQRZ0wDK1VnAYn19IR8qbhcpnlNuJSUw_54JPstnweRzZs6c3d7e8bO7-mybjr4kmkkrzr48mUnNkqSSaqz46LQXYs-7RY3-fXJX7c1SQp0nly6Pr05To1czgpO5IVs8-5_mu14JwCQh4J4YtlpejQOq4pHli71jSP79Ll3KKmQLxwZP_fUxgOA_9Sib3gupGvf8SBlhEOiGOOJN-x5xSsjADwzyAMfuAIHHPOM2JszPcACAT_gws8hsPel4obdzGMzKvZAJ3L8PbE8FmGK1ZE6BkjgBTFGZotUJmbeMWCByOcBYWRNYOq8kVlrGCcj4xumGd6w-C094XNnowcmZAKv-8-AHm1qHxAAgAA'}}]
