2025-07-24 08:15:03,475 - evaluation_logger_Hotels-20 - INFO - Test Example Hotels-20
2025-07-24 08:15:03,475 - evaluation_logger_Hotels-20 - INFO - Query: I'm planning to stay at the Shangri-La Hotel Vancouver from November 15, 2024 to November 20, 2024. I want to know the user reviews for the hotel.
2025-07-24 08:15:54,742 - evaluation_logger_Hotels-20 - INFO - Start compare_single_call: 
{'name': 'Search_Hotel_Destination', 'arguments': {'query': 'Shangri-La Hotel Vancouver'}}
{'name': 'Search_Hotel_Destination', 'arguments': {'query': 'Shangri-La Hotel Vancouver'}}
2025-07-24 08:15:54,743 - evaluation_logger_Hotels-20 - INFO - Rule-based compare success.
2025-07-24 08:15:54,743 - evaluation_logger_Hotels-20 - INFO - Success matched: [{'name': 'Search_Hotel_Destination', 'arguments': {'query': 'Shangri-La Hotel Vancouver'}}]
2025-07-24 08:15:55,532 - evaluation_logger_Hotels-20 - INFO - Success matched: []
2025-07-24 08:16:22,392 - evaluation_logger_Hotels-20 - INFO - Start compare_single_call: 
{'name': 'Search_Hotels', 'arguments': {'arrival_date': '2024-11-15', 'departure_date': '2024-11-20', 'dest_id': 49327, 'search_type': 'hotel'}}
{'name': 'Search_Hotels', 'arguments': {'arrival_date': '2024-11-15', 'departure_date': '2024-11-20', 'dest_id': 49327, 'search_type': 'hotel'}}
2025-07-24 08:16:22,393 - evaluation_logger_Hotels-20 - INFO - Rule-based compare success.
2025-07-24 08:16:22,393 - evaluation_logger_Hotels-20 - INFO - Success matched: [{'name': 'Search_Hotels', 'arguments': {'arrival_date': '2024-11-15', 'departure_date': '2024-11-20', 'dest_id': 49327, 'search_type': 'hotel'}}]
2025-07-24 08:16:44,576 - evaluation_logger_Hotels-20 - INFO - Start compare_single_call: 
{'name': 'Search_Hotels', 'arguments': {'arrival_date': '2024-11-15', 'departure_date': '2024-11-20', 'dest_id': 49327, 'search_type': 'hotel'}}
{'name': 'Search_Hotels', 'arguments': {'arrival_date': '2024-11-15', 'departure_date': '2024-11-20', 'dest_id': 49327, 'search_type': 'hotel'}}
2025-07-24 08:16:44,576 - evaluation_logger_Hotels-20 - INFO - Rule-based compare success.
2025-07-24 08:16:44,576 - evaluation_logger_Hotels-20 - INFO - Success matched: [{'name': 'Search_Hotels', 'arguments': {'arrival_date': '2024-11-15', 'departure_date': '2024-11-20', 'dest_id': 49327, 'search_type': 'hotel'}}]
2025-07-24 08:17:10,001 - evaluation_logger_Hotels-20 - INFO - Start compare_single_call: 
{'name': 'Search_Hotels', 'arguments': {'arrival_date': '2024-11-15', 'departure_date': '2024-11-20', 'dest_id': 49327, 'search_type': 'hotel'}}
{'name': 'Search_Hotels', 'arguments': {'arrival_date': '2024-11-15', 'departure_date': '2024-11-20', 'dest_id': 49327, 'search_type': 'hotel'}}
2025-07-24 08:17:10,001 - evaluation_logger_Hotels-20 - INFO - Rule-based compare success.
2025-07-24 08:17:10,001 - evaluation_logger_Hotels-20 - INFO - Success matched: [{'name': 'Search_Hotels', 'arguments': {'arrival_date': '2024-11-15', 'departure_date': '2024-11-20', 'dest_id': 49327, 'search_type': 'hotel'}}]
2025-07-24 08:17:35,419 - evaluation_logger_Hotels-20 - INFO - Success matched: []
2025-07-24 08:17:56,852 - evaluation_logger_Hotels-20 - INFO - Start compare_single_call: 
{'name': 'Get_Hotel_Reviews', 'arguments': {'hotel_id': '49327'}}
{'name': 'Get_Hotel_Reviews', 'arguments': {'hotel_id': '49327'}}
2025-07-24 08:17:56,853 - evaluation_logger_Hotels-20 - INFO - Rule-based compare success.
2025-07-24 08:17:56,853 - evaluation_logger_Hotels-20 - INFO - Success matched: [{'name': 'Get_Hotel_Reviews', 'arguments': {'hotel_id': '49327'}}]
