2025-07-24 09:30:38,908 - evaluation_logger_Hotels-140 - INFO - Test Example Hotels-140
2025-07-24 09:30:38,909 - evaluation_logger_Hotels-140 - INFO - Query: Our company is planning to hold its annual meeting in Miami from December 10th to December 14th, 2024. We're looking for a hotel within 50 km of South Beach for the duration of the meeting. After the meeting, we would like to take a trip to another city near the hotel from December 15th to 17th and will require hotel accommodations there as well.
2025-07-24 12:34:35,733 - evaluation_logger_Hotels-140 - INFO - Test Example Hotels-140
2025-07-24 12:34:35,733 - evaluation_logger_Hotels-140 - INFO - Query: Our company is planning to hold its annual meeting in Miami from December 10th to December 14th, 2024. We're looking for a hotel within 50 km of South Beach for the duration of the meeting. After the meeting, we would like to take a trip to another city near the hotel from December 15th to 17th and will require hotel accommodations there as well.
2025-07-24 12:37:38,516 - evaluation_logger_Hotels-140 - INFO - Start compare_single_call: 
{'name': 'Location_to_Lat_Long', 'arguments': {'query': 'South Beach, Miami'}}
{'name': 'Location_to_Lat_Long', 'arguments': {'query': 'South Beach, Miami'}}
2025-07-24 12:37:38,517 - evaluation_logger_Hotels-140 - INFO - Rule-based compare success.
2025-07-24 12:37:38,517 - evaluation_logger_Hotels-140 - INFO - Success matched: [{'name': 'Location_to_Lat_Long', 'arguments': {'query': 'South Beach, Miami'}}]
2025-07-24 12:37:39,264 - evaluation_logger_Hotels-140 - INFO - Success matched: []
2025-07-24 12:38:15,048 - evaluation_logger_Hotels-140 - INFO - Start compare_single_call: 
{'name': 'Search_Hotels_By_Coordinates', 'arguments': {'arrival_date': '2024-12-10', 'departure_date': '2024-12-14', 'latitude': '25.7826123', 'longitude': '-80.1340772', 'radius': 50}}
{'name': 'Search_Hotels_By_Coordinates', 'arguments': {'arrival_date': '2024-12-10', 'departure_date': '2024-12-14', 'latitude': '25.7826123', 'longitude': '-80.1340772', 'radius': 50}}
2025-07-24 12:38:15,048 - evaluation_logger_Hotels-140 - INFO - Rule-based compare success.
2025-07-24 12:38:15,048 - evaluation_logger_Hotels-140 - INFO - Success matched: [{'name': 'Search_Hotels_By_Coordinates', 'arguments': {'arrival_date': '2024-12-10', 'departure_date': '2024-12-14', 'latitude': '25.7826123', 'longitude': '-80.1340772', 'radius': 50}}]
2025-07-24 12:38:15,050 - evaluation_logger_Hotels-140 - INFO - Start compare_single_call: 
{'name': 'Get_Nearby_Cities', 'arguments': {'latitude': '25.446001825967', 'longitude': '-80.4757641255856'}}
{'name': 'Get_Nearby_Cities', 'arguments': {'latitude': '25.446001825967', 'longitude': '-80.4757641255856'}}
2025-07-24 12:38:15,050 - evaluation_logger_Hotels-140 - INFO - Rule-based compare success.
2025-07-24 12:38:15,050 - evaluation_logger_Hotels-140 - INFO - Success matched: [{'name': 'Get_Nearby_Cities', 'arguments': {'latitude': '25.446001825967', 'longitude': '-80.4757641255856'}}]
2025-07-24 12:41:12,458 - evaluation_logger_Hotels-140 - INFO - Start compare_single_call: 
{'name': 'Search_Hotels', 'arguments': {'arrival_date': '2024-12-15', 'departure_date': '2024-12-17', 'dest_id': 20022668, 'search_type': 'city'}}
{'name': 'Search_Hotels', 'arguments': {'arrival_date': '2024-12-15', 'departure_date': '2024-12-17', 'dest_id': 20022668, 'search_type': 'city'}}
2025-07-24 12:41:12,458 - evaluation_logger_Hotels-140 - INFO - Rule-based compare success.
2025-07-24 12:41:12,459 - evaluation_logger_Hotels-140 - INFO - Success matched: [{'name': 'Search_Hotels', 'arguments': {'arrival_date': '2024-12-15', 'departure_date': '2024-12-17', 'dest_id': 20022668, 'search_type': 'city'}}]
2025-07-24 12:41:49,630 - evaluation_logger_Hotels-140 - INFO - Start compare_single_call: 
{'name': 'Search_Hotels', 'arguments': {'arrival_date': '2024-12-15', 'departure_date': '2024-12-17', 'dest_id': 20022668, 'search_type': 'city'}}
{'name': 'Search_Hotels', 'arguments': {'arrival_date': '2024-12-15', 'departure_date': '2024-12-17', 'dest_id': 20022668, 'search_type': 'city'}}
2025-07-24 12:41:49,631 - evaluation_logger_Hotels-140 - INFO - Rule-based compare success.
2025-07-24 12:41:49,631 - evaluation_logger_Hotels-140 - INFO - Success matched: [{'name': 'Search_Hotels', 'arguments': {'arrival_date': '2024-12-15', 'departure_date': '2024-12-17', 'dest_id': 20022668, 'search_type': 'city'}}]
2025-07-24 12:42:43,148 - evaluation_logger_Hotels-140 - INFO - Start compare_single_call: 
{'name': 'Search_Hotels', 'arguments': {'arrival_date': '2024-12-15', 'departure_date': '2024-12-17', 'dest_id': 20022668, 'search_type': 'city'}}
{'name': 'Search_Hotels', 'arguments': {'arrival_date': '2024-12-15', 'departure_date': '2024-12-17', 'dest_id': 20022668, 'search_type': 'city'}}
2025-07-24 12:42:43,148 - evaluation_logger_Hotels-140 - INFO - Rule-based compare success.
2025-07-24 12:42:43,148 - evaluation_logger_Hotels-140 - INFO - Success matched: [{'name': 'Search_Hotels', 'arguments': {'arrival_date': '2024-12-15', 'departure_date': '2024-12-17', 'dest_id': 20022668, 'search_type': 'city'}}]
