2025-07-24 08:25:30,675 - evaluation_logger_Hotels-60 - INFO - Test Example Hotels-60
2025-07-24 08:25:30,676 - evaluation_logger_Hotels-60 - INFO - Query: My company is planning to hold a business meeting in London from September 1st to 10th, 2024. I hope to find a hotel close to the Houses of Parliament. Check the description, payment methods, and guest reviews of these hotels.
2025-07-24 08:26:57,970 - evaluation_logger_Hotels-60 - INFO - Start compare_single_call: 
{'name': 'Location_to_Lat_Long', 'arguments': {'query': 'Houses of Parliament, London'}}
{'name': 'Location_to_Lat_Long', 'arguments': {'query': 'Houses of Parliament, London'}}
2025-07-24 08:26:57,970 - evaluation_logger_Hotels-60 - INFO - Rule-based compare success.
2025-07-24 08:26:57,970 - evaluation_logger_Hotels-60 - INFO - Success matched: [{'name': 'Location_to_Lat_Long', 'arguments': {'query': 'Houses of Parliament, London'}}]
2025-07-24 08:26:57,972 - evaluation_logger_Hotels-60 - INFO - Start compare_single_call: 
{'name': 'Search_Hotels_By_Coordinates', 'arguments': {'arrival_date': '2024-09-01', 'departure_date': '2024-09-10', 'latitude': '51.4994794', 'longitude': '-0.1248092'}}
{'name': 'Search_Hotels_By_Coordinates', 'arguments': {'arrival_date': '2024-09-01', 'departure_date': '2024-09-10', 'latitude': '51.4994794', 'longitude': '-0.1248092'}}
2025-07-24 08:26:57,972 - evaluation_logger_Hotels-60 - INFO - Rule-based compare success.
2025-07-24 08:26:57,972 - evaluation_logger_Hotels-60 - INFO - Success matched: [{'name': 'Search_Hotels_By_Coordinates', 'arguments': {'arrival_date': '2024-09-01', 'departure_date': '2024-09-10', 'latitude': '51.4994794', 'longitude': '-0.1248092'}}]
2025-07-24 08:26:58,780 - evaluation_logger_Hotels-60 - INFO - Success matched: []
2025-07-24 08:27:22,423 - evaluation_logger_Hotels-60 - INFO - Start compare_single_call: 
{'name': 'Get_Description_And_Info', 'arguments': {'hotel_id': '9347503'}}
{'name': 'Get_Description_And_Info', 'arguments': {'hotel_id': '9347503'}}
2025-07-24 08:27:22,423 - evaluation_logger_Hotels-60 - INFO - Rule-based compare success.
2025-07-24 08:27:22,423 - evaluation_logger_Hotels-60 - INFO - Success matched: [{'name': 'Get_Description_And_Info', 'arguments': {'hotel_id': '9347503'}}]
2025-07-24 08:27:23,045 - evaluation_logger_Hotels-60 - INFO - Success matched: []
2025-07-24 08:27:45,609 - evaluation_logger_Hotels-60 - INFO - Start compare_single_call: 
{'name': 'Get_Description_And_Info', 'arguments': {'hotel_id': '9347503'}}
{'name': 'Get_Description_And_Info', 'arguments': {'hotel_id': '9347503'}}
2025-07-24 08:27:45,610 - evaluation_logger_Hotels-60 - INFO - Rule-based compare success.
2025-07-24 08:27:45,610 - evaluation_logger_Hotels-60 - INFO - Success matched: [{'name': 'Get_Description_And_Info', 'arguments': {'hotel_id': '9347503'}}]
2025-07-24 08:27:45,610 - evaluation_logger_Hotels-60 - INFO - Start compare_single_call: 
{'name': 'Payment_features_of_the_Hotel', 'arguments': {'hotel_id': '9347503'}}
{'name': 'Payment_features_of_the_Hotel', 'arguments': {'hotel_id': '9347503'}}
2025-07-24 08:27:45,610 - evaluation_logger_Hotels-60 - INFO - Rule-based compare success.
2025-07-24 08:27:45,611 - evaluation_logger_Hotels-60 - INFO - Success matched: [{'name': 'Payment_features_of_the_Hotel', 'arguments': {'hotel_id': '9347503'}}]
2025-07-24 08:27:45,611 - evaluation_logger_Hotels-60 - INFO - Start compare_single_call: 
{'name': 'Get_Hotel_Reviews', 'arguments': {'hotel_id': '9347503'}}
{'name': 'Get_Hotel_Reviews', 'arguments': {'hotel_id': '9347503'}}
2025-07-24 08:27:45,611 - evaluation_logger_Hotels-60 - INFO - Rule-based compare success.
2025-07-24 08:27:45,611 - evaluation_logger_Hotels-60 - INFO - Success matched: [{'name': 'Get_Hotel_Reviews', 'arguments': {'hotel_id': '9347503'}}]
2025-07-24 08:28:29,343 - evaluation_logger_Hotels-60 - INFO - Start compare_single_call: 
{'name': 'Get_Description_And_Info', 'arguments': {'hotel_id': '9347503'}}
{'name': 'Get_Description_And_Info', 'arguments': {'hotel_id': '9347503'}}
2025-07-24 08:28:29,343 - evaluation_logger_Hotels-60 - INFO - Rule-based compare success.
2025-07-24 08:28:29,343 - evaluation_logger_Hotels-60 - INFO - Success matched: [{'name': 'Get_Description_And_Info', 'arguments': {'hotel_id': '9347503'}}]
2025-07-24 08:28:29,343 - evaluation_logger_Hotels-60 - INFO - Start compare_single_call: 
{'name': 'Payment_features_of_the_Hotel', 'arguments': {'hotel_id': '9347503'}}
{'name': 'Payment_features_of_the_Hotel', 'arguments': {'hotel_id': '9347503'}}
2025-07-24 08:28:29,344 - evaluation_logger_Hotels-60 - INFO - Rule-based compare success.
2025-07-24 08:28:29,344 - evaluation_logger_Hotels-60 - INFO - Success matched: [{'name': 'Payment_features_of_the_Hotel', 'arguments': {'hotel_id': '9347503'}}]
2025-07-24 08:28:29,344 - evaluation_logger_Hotels-60 - INFO - Start compare_single_call: 
{'name': 'Get_Hotel_Reviews', 'arguments': {'hotel_id': '9347503'}}
{'name': 'Get_Hotel_Reviews', 'arguments': {'hotel_id': '9347503'}}
2025-07-24 08:28:29,344 - evaluation_logger_Hotels-60 - INFO - Rule-based compare success.
2025-07-24 08:28:29,344 - evaluation_logger_Hotels-60 - INFO - Success matched: [{'name': 'Get_Hotel_Reviews', 'arguments': {'hotel_id': '9347503'}}]
