2025-07-24 08:20:12,127 - evaluation_logger_Hotels-40 - INFO - Test Example Hotels-40
2025-07-24 08:20:12,127 - evaluation_logger_Hotels-40 - INFO - Query: Our research group of five plans to attend an important symposium at the Vancouver Convention Centre from March 15th to March 20th, 2025. We need three rooms. Could you assist us in finding five hotels within ten kilometers of the convention center and provide descriptions of each hotel?
2025-07-24 08:21:10,242 - evaluation_logger_Hotels-40 - INFO - Start compare_single_call: 
{'name': 'Search_Hotel_Destination', 'arguments': {'query': 'Vancouver Convention Centre'}}
{'name': 'Search_Hotel_Destination', 'arguments': {'query': 'Vancouver Convention Centre'}}
2025-07-24 08:21:10,243 - evaluation_logger_Hotels-40 - INFO - Rule-based compare success.
2025-07-24 08:21:10,243 - evaluation_logger_Hotels-40 - INFO - Success matched: [{'name': 'Search_Hotel_Destination', 'arguments': {'query': 'Vancouver Convention Centre'}}]
2025-07-24 08:21:11,057 - evaluation_logger_Hotels-40 - INFO - Success matched: []
2025-07-24 08:21:31,130 - evaluation_logger_Hotels-40 - INFO - Success matched: []
2025-07-24 08:21:57,026 - evaluation_logger_Hotels-40 - INFO - Start compare_single_call: 
{'name': 'Search_Hotels_By_Coordinates', 'arguments': {'adults': 5, 'arrival_date': '2025-03-15', 'departure_date': '2025-03-20', 'latitude': '49.288105', 'longitude': '-123.11547', 'radius': 10, 'room_qty': 3}}
{'name': 'Search_Hotels_By_Coordinates', 'arguments': {'adults': 5, 'arrival_date': '2025-03-15', 'departure_date': '2025-03-20', 'latitude': '49.288105', 'longitude': '-123.11547', 'radius': 10, 'room_qty': 3}}
2025-07-24 08:21:57,026 - evaluation_logger_Hotels-40 - INFO - Rule-based compare success.
2025-07-24 08:21:57,026 - evaluation_logger_Hotels-40 - INFO - Success matched: [{'name': 'Search_Hotels_By_Coordinates', 'arguments': {'adults': 5, 'arrival_date': '2025-03-15', 'departure_date': '2025-03-20', 'latitude': '49.288105', 'longitude': '-123.11547', 'radius': 10, 'room_qty': 3}}]
2025-07-24 08:21:57,627 - evaluation_logger_Hotels-40 - INFO - Success matched: []
2025-07-24 08:22:17,778 - evaluation_logger_Hotels-40 - INFO - Start compare_single_call: 
{'name': 'Get_Description_And_Info', 'arguments': {'hotel_id': '11037108'}}
{'name': 'Get_Description_And_Info', 'arguments': {'hotel_id': '11037108'}}
2025-07-24 08:22:17,778 - evaluation_logger_Hotels-40 - INFO - Rule-based compare success.
2025-07-24 08:22:17,778 - evaluation_logger_Hotels-40 - INFO - Success matched: [{'name': 'Get_Description_And_Info', 'arguments': {'hotel_id': '11037108'}}]
2025-07-24 08:22:17,779 - evaluation_logger_Hotels-40 - INFO - Start compare_single_call: 
{'name': 'Get_Description_And_Info', 'arguments': {'hotel_id': '3409996'}}
{'name': 'Get_Description_And_Info', 'arguments': {'hotel_id': '3409996'}}
2025-07-24 08:22:17,779 - evaluation_logger_Hotels-40 - INFO - Rule-based compare success.
2025-07-24 08:22:17,779 - evaluation_logger_Hotels-40 - INFO - Success matched: [{'name': 'Get_Description_And_Info', 'arguments': {'hotel_id': '3409996'}}]
2025-07-24 08:22:17,779 - evaluation_logger_Hotels-40 - INFO - Start compare_single_call: 
{'name': 'Get_Description_And_Info', 'arguments': {'hotel_id': '185686'}}
{'name': 'Get_Description_And_Info', 'arguments': {'hotel_id': '185686'}}
2025-07-24 08:22:17,779 - evaluation_logger_Hotels-40 - INFO - Rule-based compare success.
2025-07-24 08:22:17,780 - evaluation_logger_Hotels-40 - INFO - Success matched: [{'name': 'Get_Description_And_Info', 'arguments': {'hotel_id': '185686'}}]
2025-07-24 08:22:17,780 - evaluation_logger_Hotels-40 - INFO - Start compare_single_call: 
{'name': 'Get_Description_And_Info', 'arguments': {'hotel_id': '398500'}}
{'name': 'Get_Description_And_Info', 'arguments': {'hotel_id': '398500'}}
2025-07-24 08:22:17,780 - evaluation_logger_Hotels-40 - INFO - Rule-based compare success.
2025-07-24 08:22:17,780 - evaluation_logger_Hotels-40 - INFO - Success matched: [{'name': 'Get_Description_And_Info', 'arguments': {'hotel_id': '398500'}}]
2025-07-24 08:22:17,780 - evaluation_logger_Hotels-40 - INFO - Start compare_single_call: 
{'name': 'Get_Description_And_Info', 'arguments': {'hotel_id': '3525555'}}
{'name': 'Get_Description_And_Info', 'arguments': {'hotel_id': '3525555'}}
2025-07-24 08:22:17,780 - evaluation_logger_Hotels-40 - INFO - Rule-based compare success.
2025-07-24 08:22:17,780 - evaluation_logger_Hotels-40 - INFO - Success matched: [{'name': 'Get_Description_And_Info', 'arguments': {'hotel_id': '3525555'}}]
