2025-07-24 08:17:56,865 - evaluation_logger_Hotels-30 - INFO - Test Example Hotels-30
2025-07-24 08:17:56,865 - evaluation_logger_Hotels-30 - INFO - Query: My family and I are planning a trip to Tokyo from November 10th to November 20th, 2024. We want to find a hotel within 20 kilometers of Tokyo Tower, with a budget between 200 and 300 USD. Could you check the user reviews of all the satisfying hotels?
2025-07-24 08:18:48,727 - evaluation_logger_Hotels-30 - INFO - Start compare_single_call: 
{'name': 'Location_to_Lat_Long', 'arguments': {'query': 'Tokyo Tower'}}
{'name': 'Location_to_Lat_Long', 'arguments': {'query': 'Tokyo Tower'}}
2025-07-24 08:18:48,727 - evaluation_logger_Hotels-30 - INFO - Rule-based compare success.
2025-07-24 08:18:48,727 - evaluation_logger_Hotels-30 - INFO - Success matched: [{'name': 'Location_to_Lat_Long', 'arguments': {'query': 'Tokyo Tower'}}]
2025-07-24 08:18:49,545 - evaluation_logger_Hotels-30 - INFO - Success matched: []
2025-07-24 08:19:14,168 - evaluation_logger_Hotels-30 - INFO - Success matched: []
2025-07-24 08:19:34,797 - evaluation_logger_Hotels-30 - INFO - Start compare_single_call: 
{'name': 'Search_Hotels_By_Coordinates', 'arguments': {'arrival_date': '2024-11-10', 'departure_date': '2024-11-20', 'latitude': '35.6585805', 'longitude': '139.7454329', 'price_max': 300, 'price_min': 200, 'radius': 20}}
{'name': 'Search_Hotels_By_Coordinates', 'arguments': {'arrival_date': '2024-11-10', 'departure_date': '2024-11-20', 'latitude': '35.6585805', 'longitude': '139.7454329', 'price_max': 300, 'price_min': 200, 'radius': 20}}
2025-07-24 08:19:34,797 - evaluation_logger_Hotels-30 - INFO - Rule-based compare success.
2025-07-24 08:19:34,797 - evaluation_logger_Hotels-30 - INFO - Success matched: [{'name': 'Search_Hotels_By_Coordinates', 'arguments': {'arrival_date': '2024-11-10', 'departure_date': '2024-11-20', 'latitude': '35.6585805', 'longitude': '139.7454329', 'price_max': 300, 'price_min': 200, 'radius': 20}}]
2025-07-24 08:19:34,798 - evaluation_logger_Hotels-30 - INFO - Start compare_single_call: 
{'name': 'Get_Hotel_Reviews', 'arguments': {'hotel_id': '11393900'}}
{'name': 'Get_Hotel_Reviews', 'arguments': {'hotel_id': '11393900'}}
2025-07-24 08:19:34,798 - evaluation_logger_Hotels-30 - INFO - Rule-based compare success.
2025-07-24 08:19:34,798 - evaluation_logger_Hotels-30 - INFO - Success matched: [{'name': 'Get_Hotel_Reviews', 'arguments': {'hotel_id': '11393900'}}]
2025-07-24 08:19:34,799 - evaluation_logger_Hotels-30 - INFO - Start compare_single_call: 
{'name': 'Get_Hotel_Reviews', 'arguments': {'hotel_id': '2518958'}}
{'name': 'Get_Hotel_Reviews', 'arguments': {'hotel_id': '2518958'}}
2025-07-24 08:19:34,799 - evaluation_logger_Hotels-30 - INFO - Rule-based compare success.
2025-07-24 08:19:34,799 - evaluation_logger_Hotels-30 - INFO - Success matched: [{'name': 'Get_Hotel_Reviews', 'arguments': {'hotel_id': '2518958'}}]
2025-07-24 08:20:12,114 - evaluation_logger_Hotels-30 - INFO - Start compare_single_call: 
{'name': 'Search_Hotels_By_Coordinates', 'arguments': {'arrival_date': '2024-11-10', 'departure_date': '2024-11-20', 'latitude': '35.6585805', 'longitude': '139.7454329', 'price_max': 300, 'price_min': 200, 'radius': 20}}
{'name': 'Search_Hotels_By_Coordinates', 'arguments': {'arrival_date': '2024-11-10', 'departure_date': '2024-11-20', 'latitude': '35.6585805', 'longitude': '139.7454329', 'price_max': 300, 'price_min': 200, 'radius': 20}}
2025-07-24 08:20:12,115 - evaluation_logger_Hotels-30 - INFO - Rule-based compare success.
2025-07-24 08:20:12,115 - evaluation_logger_Hotels-30 - INFO - Success matched: [{'name': 'Search_Hotels_By_Coordinates', 'arguments': {'arrival_date': '2024-11-10', 'departure_date': '2024-11-20', 'latitude': '35.6585805', 'longitude': '139.7454329', 'price_max': 300, 'price_min': 200, 'radius': 20}}]
2025-07-24 08:20:12,116 - evaluation_logger_Hotels-30 - INFO - Start compare_single_call: 
{'name': 'Get_Hotel_Reviews', 'arguments': {'hotel_id': '11393900'}}
{'name': 'Get_Hotel_Reviews', 'arguments': {'hotel_id': '11393900'}}
2025-07-24 08:20:12,116 - evaluation_logger_Hotels-30 - INFO - Rule-based compare success.
2025-07-24 08:20:12,116 - evaluation_logger_Hotels-30 - INFO - Success matched: [{'name': 'Get_Hotel_Reviews', 'arguments': {'hotel_id': '11393900'}}]
2025-07-24 08:20:12,116 - evaluation_logger_Hotels-30 - INFO - Start compare_single_call: 
{'name': 'Get_Hotel_Reviews', 'arguments': {'hotel_id': '2518958'}}
{'name': 'Get_Hotel_Reviews', 'arguments': {'hotel_id': '2518958'}}
2025-07-24 08:20:12,116 - evaluation_logger_Hotels-30 - INFO - Rule-based compare success.
2025-07-24 08:20:12,117 - evaluation_logger_Hotels-30 - INFO - Success matched: [{'name': 'Get_Hotel_Reviews', 'arguments': {'hotel_id': '2518958'}}]
