2025-07-24 08:57:22,523 - evaluation_logger_Hotels-110 - INFO - Test Example Hotels-110
2025-07-24 08:57:22,523 - evaluation_logger_Hotels-110 - INFO - Query: I need to catch a flight that takes off from Vancouver Airport on October 11, 2024, tomorrow morning. I plan to stay at a hotel near the airport tonight. Recommend a hotel that's less than 10 kilometers from the airport, and check the details of the available rooms and the latest user reviews for this hotel.
2025-07-24 09:09:20,834 - evaluation_logger_Hotels-110 - INFO - Start compare_single_call: 
{'name': 'Location_to_Lat_Long', 'arguments': {'query': 'Vancouver Airport'}}
{'name': 'Location_to_Lat_Long', 'arguments': {'query': 'Vancouver Airport'}}
2025-07-24 09:09:20,834 - evaluation_logger_Hotels-110 - INFO - Rule-based compare success.
2025-07-24 09:09:20,834 - evaluation_logger_Hotels-110 - INFO - Success matched: [{'name': 'Location_to_Lat_Long', 'arguments': {'query': 'Vancouver Airport'}}]
2025-07-24 09:09:21,694 - evaluation_logger_Hotels-110 - INFO - Success matched: []
2025-07-24 09:10:07,348 - evaluation_logger_Hotels-110 - INFO - Start compare_single_call: 
{'name': 'Search_Hotels_By_Coordinates', 'arguments': {'arrival_date': '2024-10-10', 'departure_date': '2024-10-11', 'latitude': '49.1933742', 'longitude': '-123.1751283', 'radius': 10}}
{'name': 'Search_Hotels_By_Coordinates', 'arguments': {'arrival_date': '2024-10-10', 'departure_date': '2024-10-11', 'latitude': '49.1933742', 'longitude': '-123.1751283', 'radius': 10}}
2025-07-24 09:10:07,348 - evaluation_logger_Hotels-110 - INFO - Rule-based compare success.
2025-07-24 09:10:07,349 - evaluation_logger_Hotels-110 - INFO - Success matched: [{'name': 'Search_Hotels_By_Coordinates', 'arguments': {'arrival_date': '2024-10-10', 'departure_date': '2024-10-11', 'latitude': '49.1933742', 'longitude': '-123.1751283', 'radius': 10}}]
2025-07-24 09:10:07,350 - evaluation_logger_Hotels-110 - INFO - Start compare_single_call: 
{'name': 'Get_Room_List_With_Availability', 'arguments': {'arrival_date': '2024-10-10', 'departure_date': '2024-10-11', 'hotel_id': '376898'}}
{'name': 'Get_Room_List_With_Availability', 'arguments': {'arrival_date': '2024-10-10', 'departure_date': '2024-10-11', 'hotel_id': '376898'}}
2025-07-24 09:10:07,350 - evaluation_logger_Hotels-110 - INFO - Rule-based compare success.
2025-07-24 09:10:07,350 - evaluation_logger_Hotels-110 - INFO - Success matched: [{'name': 'Get_Room_List_With_Availability', 'arguments': {'arrival_date': '2024-10-10', 'departure_date': '2024-10-11', 'hotel_id': '376898'}}]
2025-07-24 09:10:45,066 - evaluation_logger_Hotels-110 - INFO - Start compare_single_call: 
{'name': 'Get_Room_List_With_Availability', 'arguments': {'arrival_date': '2024-10-10', 'departure_date': '2024-10-11', 'hotel_id': '376898'}}
{'name': 'Get_Room_List_With_Availability', 'arguments': {'arrival_date': '2024-10-10', 'departure_date': '2024-10-11', 'hotel_id': '376898'}}
2025-07-24 09:10:45,066 - evaluation_logger_Hotels-110 - INFO - Rule-based compare success.
2025-07-24 09:10:45,066 - evaluation_logger_Hotels-110 - INFO - Success matched: [{'name': 'Get_Room_List_With_Availability', 'arguments': {'arrival_date': '2024-10-10', 'departure_date': '2024-10-11', 'hotel_id': '376898'}}]
2025-07-24 09:11:29,297 - evaluation_logger_Hotels-110 - INFO - Start compare_single_call: 
{'name': 'Get_Room_List_With_Availability', 'arguments': {'arrival_date': '2024-10-10', 'departure_date': '2024-10-11', 'hotel_id': '376898'}}
{'name': 'Get_Room_List_With_Availability', 'arguments': {'arrival_date': '2024-10-10', 'departure_date': '2024-10-11', 'hotel_id': '376898'}}
2025-07-24 09:11:29,298 - evaluation_logger_Hotels-110 - INFO - Rule-based compare success.
2025-07-24 09:11:29,298 - evaluation_logger_Hotels-110 - INFO - Success matched: [{'name': 'Get_Room_List_With_Availability', 'arguments': {'arrival_date': '2024-10-10', 'departure_date': '2024-10-11', 'hotel_id': '376898'}}]
2025-07-24 09:12:42,820 - evaluation_logger_Hotels-110 - INFO - Start compare_single_call: 
{'name': 'Get_Room_List_With_Availability', 'arguments': {'arrival_date': '2024-10-10', 'departure_date': '2024-10-11', 'hotel_id': '376898'}}
{'name': 'Get_Room_List_With_Availability', 'arguments': {'arrival_date': '2024-10-10', 'departure_date': '2024-10-11', 'hotel_id': '376898'}}
2025-07-24 09:12:42,820 - evaluation_logger_Hotels-110 - INFO - Rule-based compare success.
2025-07-24 09:12:42,821 - evaluation_logger_Hotels-110 - INFO - Success matched: [{'name': 'Get_Room_List_With_Availability', 'arguments': {'arrival_date': '2024-10-10', 'departure_date': '2024-10-11', 'hotel_id': '376898'}}]
2025-07-24 09:13:50,675 - evaluation_logger_Hotels-110 - INFO - Start compare_single_call: 
{'name': 'Get_Room_List_With_Availability', 'arguments': {'arrival_date': '2024-10-10', 'departure_date': '2024-10-11', 'hotel_id': '376898'}}
{'name': 'Get_Room_List_With_Availability', 'arguments': {'arrival_date': '2024-10-10', 'departure_date': '2024-10-11', 'hotel_id': '376898'}}
2025-07-24 09:13:50,675 - evaluation_logger_Hotels-110 - INFO - Rule-based compare success.
2025-07-24 09:13:50,676 - evaluation_logger_Hotels-110 - INFO - Success matched: [{'name': 'Get_Room_List_With_Availability', 'arguments': {'arrival_date': '2024-10-10', 'departure_date': '2024-10-11', 'hotel_id': '376898'}}]
2025-07-24 09:15:29,922 - evaluation_logger_Hotels-110 - INFO - Start compare_single_call: 
{'name': 'Get_Room_List_With_Availability', 'arguments': {'arrival_date': '2024-10-10', 'departure_date': '2024-10-11', 'hotel_id': '376898'}}
{'name': 'Get_Room_List_With_Availability', 'arguments': {'arrival_date': '2024-10-10', 'departure_date': '2024-10-11', 'hotel_id': '376898'}}
2025-07-24 09:15:29,923 - evaluation_logger_Hotels-110 - INFO - Rule-based compare success.
2025-07-24 09:15:29,923 - evaluation_logger_Hotels-110 - INFO - Success matched: [{'name': 'Get_Room_List_With_Availability', 'arguments': {'arrival_date': '2024-10-10', 'departure_date': '2024-10-11', 'hotel_id': '376898'}}]
